[14:04:15]	INFO    | Creating GLFW Window
[14:04:18]	SUCCESS | Loaded texture "Assets/none.png"
[14:04:18]	INFO    | + Loading Shaders "Resource/Shader/PostProcess.shad"
[14:04:18]	SUCCESS | Vertex Shader ->	Successfully compiled
[14:04:18]	SUCCESS | Fragment Shader ->	Successfully compiled
[14:04:18]	SUCCESS | Shader program ->	Successfully linked
[14:04:18]	INFO    | + Loading Shaders "Resource/Shader/GaussianBlur.shad"
[14:04:18]	SUCCESS | Vertex Shader ->	Successfully compiled
[14:04:18]	SUCCESS | Fragment Shader ->	Successfully compiled
[14:04:18]	SUCCESS | Shader program ->	Successfully linked
[14:04:18]	ERROR   | Failed to open file "Assets/defaultCubeMap.cubemap"
[14:04:18]	INFO    | + Loading Shaders "Resource/Shader/CubeMap.shad"
[14:04:18]	SUCCESS | Vertex Shader ->	Successfully compiled
[14:04:18]	SUCCESS | Fragment Shader ->	Successfully compiled
[14:04:18]	SUCCESS | Shader program ->	Successfully linked
[14:04:18]	ERROR   | Failed to open file "".
[14:04:18]	INFO    | - Unloading scene
[14:04:18]	ERROR   | Failed to load scene
[14:04:18]	        |
[14:04:18]	        |------------------------------------------------------------------------
[14:04:18]	        |
[14:04:21]	INFO    | + Loading Game Object "BackGroung"
[14:04:21]	INFO    | +	 Adding transform data to new gameObject
[14:04:21]	INFO    | + Loading Shaders "Resource/Shader/Sprite.shad"
[14:04:21]	SUCCESS | Vertex Shader ->	Successfully compiled
[14:04:21]	SUCCESS | Fragment Shader ->	Successfully compiled
[14:04:21]	SUCCESS | Shader program ->	Successfully linked
[14:04:21]	INFO    | +	 Adding Sprite to new gameObject
[14:04:21]	SUCCESS | Loaded texture "Assets/BlankSprite.png"
[14:04:21]	        |
[14:04:21]	        |------------------------------------------------------------------------
[14:04:21]	        |
[14:04:21]	INFO    | + Loading Game Object "Button_01"
[14:04:21]	INFO    | +	 Adding transform data to new gameObject
[14:04:21]	INFO    | +	 Adding Sprite to new gameObject
[14:04:21]	SUCCESS | Loaded texture "Assets/ButtonPlay.png"
[14:04:21]	INFO    | +	 Adding button script to new gameObject
[14:04:21]	INFO    | +	 Adding box collider 2D to new gameObject
[14:04:21]	        |
[14:04:21]	        |------------------------------------------------------------------------
[14:04:21]	        |
[14:04:21]	INFO    | + Loading Game Object "Button_02"
[14:04:21]	INFO    | +	 Adding transform data to new gameObject
[14:04:21]	INFO    | +	 Adding Sprite to new gameObject
[14:04:21]	SUCCESS | Loaded texture "Assets/ButtonLoad.png"
[14:04:21]	INFO    | +	 Adding button script to new gameObject
[14:04:21]	INFO    | +	 Adding box collider 2D to new gameObject
[14:04:21]	        |
[14:04:21]	        |------------------------------------------------------------------------
[14:04:21]	        |
[14:04:21]	INFO    | + Loading Game Object "Button_03"
[14:04:21]	INFO    | +	 Adding transform data to new gameObject
[14:04:21]	INFO    | +	 Adding Sprite to new gameObject
[14:04:21]	SUCCESS | Loaded texture "Assets/ButtonQuit.png"
[14:04:21]	INFO    | +	 Adding button script to new gameObject
[14:04:21]	INFO    | +	 Adding box collider 2D to new gameObject
[14:04:21]	        |
[14:04:21]	        |------------------------------------------------------------------------
[14:04:21]	        |
[14:04:21]	INFO    | + Loading Game Object "Loading"
[14:04:21]	INFO    | +	 Adding transform data to new gameObject
[14:04:21]	INFO    | +	 Adding Sprite to new gameObject
[14:04:21]	SUCCESS | Loaded texture "Assets/Loading.png"
[14:04:21]	        |
[14:04:21]	        |------------------------------------------------------------------------
[14:04:21]	        |
[14:04:21]	INFO    | + Loading Game Object "Loading"
[14:04:21]	INFO    | +	 Adding transform data to new gameObject
[14:04:21]	INFO    | +	 Adding Sprite to new gameObject
[14:04:21]	        |
[14:04:21]	        |------------------------------------------------------------------------
[14:04:21]	        |
[14:04:21]	INFO    | +	 Transform parent found
[14:04:21]	INFO    | +	 Transform parent found
[14:04:21]	        |
[14:04:21]	        |------------------------------------------------------------------------
[14:04:21]	        |
[14:04:21]	SUCCESS | Successfully loaded a new scene
[14:04:21]	        |
[14:04:21]	        |------------------------------------------------------------------------
[14:04:21]	        |
[14:04:22]	INFO    | + Loading Game Object "PlatformGround"
[14:04:22]	INFO    | +	 Adding transform data to new gameObject
[14:04:22]	INFO    | + Loading Shaders "Resource/Shader/Default.shad"
[14:04:22]	SUCCESS | Vertex Shader ->	Successfully compiled
[14:04:22]	SUCCESS | Fragment Shader ->	Successfully compiled
[14:04:22]	SUCCESS | Shader program ->	Successfully linked
[14:04:22]	INFO    | +	 Adding Model to new gameObject
[14:04:22]	INFO    | +		 Loading new OBJ file
[14:04:22]	        |
[14:04:22]	        |------------------------------------------------------------------------
[14:04:22]	        |
[14:04:22]	SUCCESS | Loaded file "Assets/wallrock.obj"
[14:04:22]	SUCCESS | Loaded file "Assets/wallrock.mtl"
[14:04:27]	SUCCESS | Loaded texture "Assets/wall_rock_basecolor.png"
[14:04:27]	SUCCESS | Loaded file "Assets/dirt.mtl"
[14:04:30]	SUCCESS | Loaded texture "Assets/Dirt_basecolor.png"
[14:04:30]	INFO    | +	 Adding box collider 3D to new gameObject
[14:04:30]	        |
[14:04:30]	        |------------------------------------------------------------------------
[14:04:30]	        |
[14:04:30]	INFO    | + Loading Game Object "Platform2"
[14:04:30]	INFO    | +	 Adding transform data to new gameObject
[14:04:30]	INFO    | +	 Adding Model to new gameObject
[14:04:30]	        |
[14:04:30]	        |------------------------------------------------------------------------
[14:04:30]	        |
[14:04:30]	SUCCESS | Loaded file "Assets/wallrock.mtl"
[14:04:30]	INFO    | +	 Adding box collider 3D to new gameObject
[14:04:30]	        |
[14:04:30]	        |------------------------------------------------------------------------
[14:04:30]	        |
[14:04:30]	INFO    | + Loading Game Object "Platform3"
[14:04:30]	INFO    | +	 Adding transform data to new gameObject
[14:04:30]	INFO    | +	 Adding Model to new gameObject
[14:04:30]	INFO    | +		 Loading new OBJ file
[14:04:30]	        |
[14:04:30]	        |------------------------------------------------------------------------
[14:04:30]	        |
[14:04:30]	SUCCESS | Loaded file "Assets/dirt.obj"
[14:04:30]	SUCCESS | Loaded file "Assets/dirt.mtl"
[14:04:30]	INFO    | +	 Adding box collider 3D to new gameObject
[14:04:30]	        |
[14:04:30]	        |------------------------------------------------------------------------
[14:04:30]	        |
[14:04:30]	INFO    | + Loading Game Object "Platform4"
[14:04:30]	INFO    | +	 Adding transform data to new gameObject
[14:04:30]	INFO    | +	 Adding Model to new gameObject
[14:04:30]	        |
[14:04:30]	        |------------------------------------------------------------------------
[14:04:30]	        |
[14:04:30]	INFO    | +	 Adding box collider 3D to new gameObject
[14:04:30]	        |
[14:04:30]	        |------------------------------------------------------------------------
[14:04:30]	        |
[14:04:30]	INFO    | + Loading Game Object "Platform5"
[14:04:30]	INFO    | +	 Adding transform data to new gameObject
[14:04:30]	INFO    | +	 Adding Model to new gameObject
[14:04:30]	        |
[14:04:30]	        |------------------------------------------------------------------------
[14:04:30]	        |
[14:04:30]	INFO    | +	 Adding box collider 3D to new gameObject
[14:04:30]	        |
[14:04:30]	        |------------------------------------------------------------------------
[14:04:30]	        |
[14:04:30]	INFO    | + Loading Game Object "Wall_SciFi_01"
[14:04:30]	INFO    | +	 Adding transform data to new gameObject
[14:04:30]	INFO    | +	 Adding Model to new gameObject
[14:04:30]	INFO    | +		 Loading new OBJ file
[14:04:30]	        |
[14:04:30]	        |------------------------------------------------------------------------
[14:04:30]	        |
[14:04:30]	SUCCESS | Loaded file "Assets/scifi_01.obj"
[14:04:30]	SUCCESS | Loaded file "Assets/scifi_01.mtl"
[14:04:37]	SUCCESS | Loaded texture "Assets/Textures/TexturesCom_Scifi_Panel_4K_albedo.png"
[14:04:43]	SUCCESS | Loaded texture "Assets/Textures/TexturesCom_Scifi_Panel_4K_normal.png"
[14:04:43]	SUCCESS | Loaded file "Assets/scifi_01.mtl"
[14:04:43]	INFO    | +	 Adding box collider 3D to new gameObject
[14:04:43]	        |
[14:04:43]	        |------------------------------------------------------------------------
[14:04:43]	        |
[14:04:43]	INFO    | + Loading Game Object "Wall_SciFi_02"
[14:04:43]	INFO    | +	 Adding transform data to new gameObject
[14:04:43]	INFO    | +	 Adding Model to new gameObject
[14:04:43]	INFO    | +		 Loading new OBJ file
[14:04:43]	        |
[14:04:43]	        |------------------------------------------------------------------------
[14:04:43]	        |
[14:04:43]	SUCCESS | Loaded file "Assets/scifi_02.obj"
[14:04:43]	SUCCESS | Loaded file "Assets/scifi_02.mtl"
[14:04:44]	SUCCESS | Loaded texture "Assets/Textures/TexturesCom_Fabric_1K_albedo.png"
[14:04:44]	SUCCESS | Loaded texture "Assets/Textures/TexturesCom_Fabric_1K_normal.png"
[14:04:44]	SUCCESS | Loaded file "Assets/scifi_02.mtl"
[14:04:44]	INFO    | +	 Adding box collider 3D to new gameObject
[14:04:44]	        |
[14:04:44]	        |------------------------------------------------------------------------
[14:04:44]	        |
[14:04:44]	INFO    | + Loading Game Object "Player"
[14:04:44]	INFO    | +	 Adding transform data to new gameObject
[14:04:44]	INFO    | +	 Adding player script to new gameObject
[14:04:44]	INFO    | +	 Adding light to new gameObject
[14:04:44]	INFO    | +	 Adding sphere collider 3D to new gameObject
[14:04:44]	        |
[14:04:44]	        |------------------------------------------------------------------------
[14:04:44]	        |
[14:04:44]	INFO    | + Loading Game Object "PlayerGFX"
[14:04:44]	INFO    | +	 Adding transform data to new gameObject
[14:04:44]	INFO    | +	 Adding Model to new gameObject
[14:04:44]	INFO    | +		 Loading new OBJ file
[14:04:44]	        |
[14:04:44]	        |------------------------------------------------------------------------
[14:04:44]	        |
[14:04:44]	SUCCESS | Loaded file "Assets/Shapes/sphere.obj"
[14:04:44]	SUCCESS | Loaded file "Assets/Shapes/sphere.mtl"
[14:04:44]	SUCCESS | Loaded file "Assets/Shapes/sphere.mtl"
[14:04:44]	        |
[14:04:44]	        |------------------------------------------------------------------------
[14:04:44]	        |
[14:04:44]	INFO    | + Loading Game Object "Main_Camera"
[14:04:44]	INFO    | +	 Adding transform data to new gameObject
[14:04:44]	INFO    | +	 Adding camera to new gameObject
[14:04:44]	        |
[14:04:44]	        |------------------------------------------------------------------------
[14:04:44]	        |
[14:04:44]	INFO    | + Loading Game Object "Light_01"
[14:04:44]	INFO    | +	 Adding transform data to new gameObject
[14:04:44]	INFO    | +	 Adding light to new gameObject
[14:04:44]	        |
[14:04:44]	        |------------------------------------------------------------------------
[14:04:44]	        |
[14:04:44]	INFO    | + Loading Game Object "Light_02"
[14:04:44]	INFO    | +	 Adding transform data to new gameObject
[14:04:44]	INFO    | +	 Adding light to new gameObject
[14:04:44]	        |
[14:04:44]	        |------------------------------------------------------------------------
[14:04:44]	        |
[14:04:44]	INFO    | + Loading Game Object "Light_03"
[14:04:44]	INFO    | +	 Adding transform data to new gameObject
[14:04:44]	INFO    | +	 Adding light to new gameObject
[14:04:44]	        |
[14:04:44]	        |------------------------------------------------------------------------
[14:04:44]	        |
[14:04:44]	INFO    | + Loading Game Object "BackGroungPauseMenu"
[14:04:44]	INFO    | +	 Adding transform data to new gameObject
[14:04:44]	INFO    | +	 Adding Sprite to new gameObject
[14:04:44]	        |
[14:04:44]	        |------------------------------------------------------------------------
[14:04:44]	        |
[14:04:44]	INFO    | + Loading Game Object "Button_01"
[14:04:44]	INFO    | +	 Adding transform data to new gameObject
[14:04:44]	INFO    | +	 Adding Sprite to new gameObject
[14:04:44]	SUCCESS | Loaded texture "Assets/ButtonResume.png"
[14:04:44]	INFO    | +	 Adding button script to new gameObject
[14:04:44]	INFO    | +	 Adding box collider 2D to new gameObject
[14:04:44]	        |
[14:04:44]	        |------------------------------------------------------------------------
[14:04:44]	        |
[14:04:44]	INFO    | + Loading Game Object "Button_02"
[14:04:44]	INFO    | +	 Adding transform data to new gameObject
[14:04:44]	INFO    | +	 Adding Sprite to new gameObject
[14:04:44]	SUCCESS | Loaded texture "Assets/ButtonSave.png"
[14:04:44]	INFO    | +	 Adding button script to new gameObject
[14:04:44]	INFO    | +	 Adding box collider 2D to new gameObject
[14:04:44]	        |
[14:04:44]	        |------------------------------------------------------------------------
[14:04:44]	        |
[14:04:44]	INFO    | + Loading Game Object "Button_03"
[14:04:44]	INFO    | +	 Adding transform data to new gameObject
[14:04:44]	INFO    | +	 Adding Sprite to new gameObject
[14:04:44]	SUCCESS | Loaded texture "Assets/ButtonBack.png"
[14:04:44]	INFO    | +	 Adding button script to new gameObject
[14:04:44]	INFO    | +	 Adding box collider 2D to new gameObject
[14:04:44]	        |
[14:04:44]	        |------------------------------------------------------------------------
[14:04:44]	        |
[14:04:44]	INFO    | + Loading Game Object "Menu"
[14:04:44]	INFO    | +	 Adding transform data to new gameObject
[14:04:44]	        |
[14:04:44]	        |------------------------------------------------------------------------
[14:04:44]	        |
[14:04:44]	INFO    | +	 Transform parent found
[14:04:44]	INFO    | +	 Transform parent found
[14:04:44]	INFO    | +	 Transform parent found
[14:04:44]	INFO    | +	 Transform parent found
[14:04:44]	INFO    | +	 Transform parent found
[14:04:44]	INFO    | +	 Transform parent found
[14:04:44]	        |
[14:04:44]	        |------------------------------------------------------------------------
[14:04:44]	        |
[14:04:44]	SUCCESS | Successfully loaded a new scene
[14:04:44]	        |
[14:04:44]	        |------------------------------------------------------------------------
[14:04:44]	        |
[14:08:29]	INFO    | - Destroying Graph
[14:08:29]	INFO    | - Unloading scene
[14:08:29]	INFO    | -	 Destroying Object : Loading
[14:08:29]	INFO    | -		Destroying Component Sprite
[14:08:29]	INFO    | -		Destroying Component Transform
[14:08:29]	        |
[14:08:29]	        |------------------------------------------------------------------------
[14:08:29]	        |
[14:08:29]	INFO    | -	 Destroying Object : Loading
[14:08:29]	INFO    | -		Destroying Component Sprite
[14:08:29]	INFO    | -		Destroying Component Transform
[14:08:29]	        |
[14:08:29]	        |------------------------------------------------------------------------
[14:08:29]	        |
[14:08:29]	INFO    | -	 Destroying Object : Button_03
[14:08:29]	INFO    | -		Destroying Component Box Collider 2D
[14:08:29]	INFO    | -		Destroying Component Button
[14:08:29]	INFO    | -		Destroying Component Sprite
[14:08:29]	INFO    | -		Destroying Component Transform
[14:08:29]	        |
[14:08:29]	        |------------------------------------------------------------------------
[14:08:29]	        |
[14:08:29]	INFO    | -	 Destroying Object : Button_02
[14:08:29]	INFO    | -		Destroying Component Box Collider 2D
[14:08:29]	INFO    | -		Destroying Component Button
[14:08:29]	INFO    | -		Destroying Component Sprite
[14:08:29]	INFO    | -		Destroying Component Transform
[14:08:29]	        |
[14:08:29]	        |------------------------------------------------------------------------
[14:08:29]	        |
[14:08:29]	INFO    | -	 Destroying Object : Button_01
[14:08:29]	INFO    | -		Destroying Component Box Collider 2D
[14:08:29]	INFO    | -		Destroying Component Button
[14:08:29]	INFO    | -		Destroying Component Sprite
[14:08:29]	INFO    | -		Destroying Component Transform
[14:08:29]	        |
[14:08:29]	        |------------------------------------------------------------------------
[14:08:29]	        |
[14:08:29]	INFO    | -	 Destroying Object : BackGroung
[14:08:29]	INFO    | -		Destroying Component Sprite
[14:08:29]	INFO    | -		Destroying Component Transform
[14:08:29]	        |
[14:08:29]	        |------------------------------------------------------------------------
[14:08:29]	        |
[14:08:29]	INFO    | - Unloading scene
[14:08:29]	INFO    | -	 Destroying Object : Menu
[14:08:29]	INFO    | -		Destroying Component PauseMenu
[14:08:29]	INFO    | -		Destroying Component Transform
[14:08:29]	        |
[14:08:29]	        |------------------------------------------------------------------------
[14:08:29]	        |
[14:08:29]	INFO    | -	 Destroying Object : Button_03
[14:08:29]	INFO    | -		Destroying Component Box Collider 2D
[14:08:29]	INFO    | -		Destroying Component Button
[14:08:29]	INFO    | -		Destroying Component Sprite
[14:08:29]	INFO    | -		Destroying Component Transform
[14:08:29]	        |
[14:08:29]	        |------------------------------------------------------------------------
[14:08:29]	        |
[14:08:29]	INFO    | -	 Destroying Object : Button_02
[14:08:29]	INFO    | -		Destroying Component Box Collider 2D
[14:08:29]	INFO    | -		Destroying Component Button
[14:08:29]	INFO    | -		Destroying Component Sprite
[14:08:29]	INFO    | -		Destroying Component Transform
[14:08:29]	        |
[14:08:29]	        |------------------------------------------------------------------------
[14:08:29]	        |
[14:08:29]	INFO    | -	 Destroying Object : Button_01
[14:08:29]	INFO    | -		Destroying Component Box Collider 2D
[14:08:29]	INFO    | -		Destroying Component Button
[14:08:29]	INFO    | -		Destroying Component Sprite
[14:08:29]	INFO    | -		Destroying Component Transform
[14:08:29]	        |
[14:08:29]	        |------------------------------------------------------------------------
[14:08:29]	        |
[14:08:29]	INFO    | -	 Destroying Object : BackGroungPauseMenu
[14:08:29]	INFO    | -		Destroying Component Sprite
[14:08:29]	INFO    | -		Destroying Component Transform
[14:08:29]	        |
[14:08:29]	        |------------------------------------------------------------------------
[14:08:29]	        |
[14:08:29]	INFO    | -	 Destroying Object : Light_03
[14:08:29]	INFO    | -		Destroying Component Light
[14:08:29]	INFO    | -		Destroying Component Transform
[14:08:29]	        |
[14:08:29]	        |------------------------------------------------------------------------
[14:08:29]	        |
[14:08:29]	INFO    | -	 Destroying Object : Light_02
[14:08:29]	INFO    | -		Destroying Component Light
[14:08:29]	INFO    | -		Destroying Component Transform
[14:08:29]	        |
[14:08:29]	        |------------------------------------------------------------------------
[14:08:29]	        |
[14:08:29]	INFO    | -	 Destroying Object : Light_01
[14:08:29]	INFO    | -		Destroying Component Light
[14:08:29]	INFO    | -		Destroying Component Transform
[14:08:29]	        |
[14:08:29]	        |------------------------------------------------------------------------
[14:08:29]	        |
[14:08:29]	INFO    | -	 Destroying Object : Main_Camera
[14:08:29]	INFO    | -		Destroying Component Camera
[14:08:29]	INFO    | -		Destroying Component Transform
[14:08:29]	        |
[14:08:29]	        |------------------------------------------------------------------------
[14:08:29]	        |
[14:08:29]	INFO    | -	 Destroying Object : PlayerGFX
[14:08:29]	INFO    | -		Destroying Component Sphere
[14:08:29]	INFO    | -		Destroying Component Transform
[14:08:29]	        |
[14:08:29]	        |------------------------------------------------------------------------
[14:08:29]	        |
[14:08:29]	INFO    | -	 Destroying Object : Player
[14:08:29]	INFO    | -		Destroying Component Sphere Collider 3D
[14:08:29]	INFO    | -		Destroying Component 
[14:08:29]	INFO    | -		Destroying Component RigidBody 3D
[14:08:29]	INFO    | -		Destroying Component 
[14:08:29]	INFO    | -		Destroying Component Player
[14:08:29]	INFO    | -		Destroying Component Transform
[14:08:29]	        |
[14:08:29]	        |------------------------------------------------------------------------
[14:08:29]	        |
[14:08:29]	INFO    | -	 Destroying Object : Wall_SciFi_02
[14:08:29]	INFO    | -		Destroying Component Box Collider 3D
[14:08:29]	INFO    | -		Destroying Component 
[14:08:29]	INFO    | -		Destroying Component SciFi_02
[14:08:29]	INFO    | -		Destroying Component Transform
[14:08:29]	        |
[14:08:29]	        |------------------------------------------------------------------------
[14:08:29]	        |
[14:08:29]	INFO    | -	 Destroying Object : Wall_SciFi_01
[14:08:29]	INFO    | -		Destroying Component Box Collider 3D
[14:08:29]	INFO    | -		Destroying Component 
[14:08:29]	INFO    | -		Destroying Component SciFi_01
[14:08:29]	INFO    | -		Destroying Component Transform
[14:08:29]	        |
[14:08:29]	        |------------------------------------------------------------------------
[14:08:29]	        |
[14:08:29]	INFO    | -	 Destroying Object : Platform5
[14:08:29]	INFO    | -		Destroying Component Box Collider 3D
[14:08:29]	INFO    | -		Destroying Component 
[14:08:29]	INFO    | -		Destroying Component DirtBlock
[14:08:29]	INFO    | -		Destroying Component Transform
[14:08:29]	        |
[14:08:29]	        |------------------------------------------------------------------------
[14:08:29]	        |
[14:08:29]	INFO    | -	 Destroying Object : Platform4
[14:08:29]	INFO    | -		Destroying Component Box Collider 3D
[14:08:29]	INFO    | -		Destroying Component 
[14:08:29]	INFO    | -		Destroying Component DirtBlock
[14:08:29]	INFO    | -		Destroying Component Transform
[14:08:29]	        |
[14:08:29]	        |------------------------------------------------------------------------
[14:08:29]	        |
[14:08:29]	INFO    | -	 Destroying Object : Platform3
[14:08:29]	INFO    | -		Destroying Component Box Collider 3D
[14:08:29]	INFO    | -		Destroying Component 
[14:08:29]	INFO    | -		Destroying Component DirtBlock
[14:08:29]	INFO    | -		Destroying Component Transform
[14:08:29]	        |
[14:08:29]	        |------------------------------------------------------------------------
[14:08:29]	        |
[14:08:29]	INFO    | -	 Destroying Object : Platform2
[14:08:29]	INFO    | -		Destroying Component Box Collider 3D
[14:08:29]	INFO    | -		Destroying Component 
[14:08:29]	INFO    | -		Destroying Component WallBlock
[14:08:29]	INFO    | -		Destroying Component Transform
[14:08:29]	        |
[14:08:29]	        |------------------------------------------------------------------------
[14:08:29]	        |
[14:08:29]	INFO    | -	 Destroying Object : PlatformGround
[14:08:29]	INFO    | -		Destroying Component Box Collider 3D
[14:08:29]	INFO    | -		Destroying Component 
[14:08:29]	INFO    | -		Destroying Component WallBlock
[14:08:29]	INFO    | -		Destroying Component Transform
[14:08:29]	        |
[14:08:29]	        |------------------------------------------------------------------------
[14:08:29]	        |
[14:08:29]	INFO    | Closing program...
