[10:42:53]	INFO    | Creating GLFW Window
[10:42:55]	SUCCESS | Loaded texture "Assets/none.png"
[10:42:55]	INFO    | + Loading Shaders "Resource/Shader/PostProcess.shad"
[10:42:55]	SUCCESS | Vertex Shader ->	Successfully compiled
[10:42:55]	SUCCESS | Fragment Shader ->	Successfully compiled
[10:42:55]	SUCCESS | Shader program ->	Successfully linked
[10:42:55]	INFO    | + Loading Shaders "Resource/Shader/GaussianBlur.shad"
[10:42:55]	SUCCESS | Vertex Shader ->	Successfully compiled
[10:42:55]	SUCCESS | Fragment Shader ->	Successfully compiled
[10:42:55]	SUCCESS | Shader program ->	Successfully linked
[10:42:55]	ERROR   | Failed to open file "Assets/defaultCubeMap.cubemap"
[10:42:55]	INFO    | + Loading Shaders "Resource/Shader/CubeMap.shad"
[10:42:55]	SUCCESS | Vertex Shader ->	Successfully compiled
[10:42:55]	SUCCESS | Fragment Shader ->	Successfully compiled
[10:42:55]	SUCCESS | Shader program ->	Successfully linked
[10:42:55]	ERROR   | Failed to open file "".
[10:42:55]	INFO    | - Unloading scene
[10:42:55]	ERROR   | Failed to load scene
[10:42:55]	        |
[10:42:55]	        |------------------------------------------------------------------------
[10:42:55]	        |
[10:42:58]	INFO    | + Loading Game Object "BackGroung"
[10:42:58]	INFO    | +	 Adding transform data to new gameObject
[10:42:58]	INFO    | + Loading Shaders "Resource/Shader/Sprite.shad"
[10:42:58]	SUCCESS | Vertex Shader ->	Successfully compiled
[10:42:58]	SUCCESS | Fragment Shader ->	Successfully compiled
[10:42:58]	SUCCESS | Shader program ->	Successfully linked
[10:42:58]	INFO    | +	 Adding Sprite to new gameObject
[10:42:58]	SUCCESS | Loaded texture "Assets/BlankSprite.png"
[10:42:58]	        |
[10:42:58]	        |------------------------------------------------------------------------
[10:42:58]	        |
[10:42:58]	INFO    | + Loading Game Object "Button_01"
[10:42:58]	INFO    | +	 Adding transform data to new gameObject
[10:42:58]	INFO    | +	 Adding Sprite to new gameObject
[10:42:58]	SUCCESS | Loaded texture "Assets/ButtonPlay.png"
[10:42:58]	INFO    | +	 Adding button script to new gameObject
[10:42:58]	INFO    | +	 Adding box collider 2D to new gameObject
[10:42:58]	        |
[10:42:58]	        |------------------------------------------------------------------------
[10:42:58]	        |
[10:42:58]	INFO    | + Loading Game Object "Button_02"
[10:42:58]	INFO    | +	 Adding transform data to new gameObject
[10:42:58]	INFO    | +	 Adding Sprite to new gameObject
[10:42:58]	SUCCESS | Loaded texture "Assets/ButtonLoad.png"
[10:42:58]	INFO    | +	 Adding button script to new gameObject
[10:42:58]	INFO    | +	 Adding box collider 2D to new gameObject
[10:42:58]	        |
[10:42:58]	        |------------------------------------------------------------------------
[10:42:58]	        |
[10:42:58]	INFO    | + Loading Game Object "Button_03"
[10:42:58]	INFO    | +	 Adding transform data to new gameObject
[10:42:58]	INFO    | +	 Adding Sprite to new gameObject
[10:42:58]	SUCCESS | Loaded texture "Assets/ButtonQuit.png"
[10:42:58]	INFO    | +	 Adding button script to new gameObject
[10:42:58]	INFO    | +	 Adding box collider 2D to new gameObject
[10:42:58]	        |
[10:42:58]	        |------------------------------------------------------------------------
[10:42:58]	        |
[10:42:58]	INFO    | + Loading Game Object "Loading"
[10:42:58]	INFO    | +	 Adding transform data to new gameObject
[10:42:58]	INFO    | +	 Adding Sprite to new gameObject
[10:42:58]	SUCCESS | Loaded texture "Assets/Loading.png"
[10:42:58]	        |
[10:42:58]	        |------------------------------------------------------------------------
[10:42:58]	        |
[10:42:58]	INFO    | + Loading Game Object "Loading"
[10:42:58]	INFO    | +	 Adding transform data to new gameObject
[10:42:58]	INFO    | +	 Adding Sprite to new gameObject
[10:42:58]	        |
[10:42:58]	        |------------------------------------------------------------------------
[10:42:58]	        |
[10:42:58]	INFO    | +	 Transform parent found
[10:42:58]	INFO    | +	 Transform parent found
[10:42:58]	        |
[10:42:58]	        |------------------------------------------------------------------------
[10:42:58]	        |
[10:42:58]	SUCCESS | Successfully loaded a new scene
[10:42:58]	        |
[10:42:58]	        |------------------------------------------------------------------------
[10:42:58]	        |
[10:43:00]	INFO    | + Loading Game Object "PlatformGround"
[10:43:00]	INFO    | +	 Adding transform data to new gameObject
[10:43:00]	INFO    | + Loading Shaders "Resource/Shader/Default.shad"
[10:43:00]	SUCCESS | Vertex Shader ->	Successfully compiled
[10:43:00]	SUCCESS | Fragment Shader ->	Successfully compiled
[10:43:00]	SUCCESS | Shader program ->	Successfully linked
[10:43:00]	INFO    | +	 Adding Model to new gameObject
[10:43:00]	INFO    | +		 Loading new OBJ file
[10:43:00]	        |
[10:43:00]	        |------------------------------------------------------------------------
[10:43:00]	        |
[10:43:00]	SUCCESS | Loaded file "Assets/wallrock.obj"
[10:43:00]	SUCCESS | Loaded file "Assets/wallrock.mtl"
[10:43:05]	SUCCESS | Loaded texture "Assets/wall_rock_basecolor.png"
[10:43:05]	SUCCESS | Loaded file "Assets/dirt.mtl"
[10:43:08]	SUCCESS | Loaded texture "Assets/Dirt_basecolor.png"
[10:43:08]	INFO    | +	 Adding box collider 3D to new gameObject
[10:43:08]	        |
[10:43:08]	        |------------------------------------------------------------------------
[10:43:08]	        |
[10:43:08]	INFO    | + Loading Game Object "Platform2"
[10:43:08]	INFO    | +	 Adding transform data to new gameObject
[10:43:08]	INFO    | +	 Adding Model to new gameObject
[10:43:08]	        |
[10:43:08]	        |------------------------------------------------------------------------
[10:43:08]	        |
[10:43:08]	SUCCESS | Loaded file "Assets/wallrock.mtl"
[10:43:08]	INFO    | +	 Adding box collider 3D to new gameObject
[10:43:08]	        |
[10:43:08]	        |------------------------------------------------------------------------
[10:43:08]	        |
[10:43:08]	INFO    | + Loading Game Object "Platform3"
[10:43:08]	INFO    | +	 Adding transform data to new gameObject
[10:43:08]	INFO    | +	 Adding Model to new gameObject
[10:43:08]	INFO    | +		 Loading new OBJ file
[10:43:08]	        |
[10:43:08]	        |------------------------------------------------------------------------
[10:43:08]	        |
[10:43:08]	SUCCESS | Loaded file "Assets/dirt.obj"
[10:43:08]	SUCCESS | Loaded file "Assets/dirt.mtl"
[10:43:08]	INFO    | +	 Adding box collider 3D to new gameObject
[10:43:08]	        |
[10:43:08]	        |------------------------------------------------------------------------
[10:43:08]	        |
[10:43:08]	INFO    | + Loading Game Object "Platform4"
[10:43:08]	INFO    | +	 Adding transform data to new gameObject
[10:43:08]	INFO    | +	 Adding Model to new gameObject
[10:43:08]	        |
[10:43:08]	        |------------------------------------------------------------------------
[10:43:08]	        |
[10:43:08]	INFO    | +	 Adding box collider 3D to new gameObject
[10:43:08]	        |
[10:43:08]	        |------------------------------------------------------------------------
[10:43:08]	        |
[10:43:08]	INFO    | + Loading Game Object "Platform5"
[10:43:08]	INFO    | +	 Adding transform data to new gameObject
[10:43:08]	INFO    | +	 Adding Model to new gameObject
[10:43:08]	        |
[10:43:08]	        |------------------------------------------------------------------------
[10:43:08]	        |
[10:43:08]	INFO    | +	 Adding box collider 3D to new gameObject
[10:43:08]	        |
[10:43:08]	        |------------------------------------------------------------------------
[10:43:08]	        |
[10:43:08]	INFO    | + Loading Game Object "Wall_SciFi_01"
[10:43:08]	INFO    | +	 Adding transform data to new gameObject
[10:43:08]	INFO    | +	 Adding Model to new gameObject
[10:43:08]	INFO    | +		 Loading new OBJ file
[10:43:08]	        |
[10:43:08]	        |------------------------------------------------------------------------
[10:43:08]	        |
[10:43:08]	SUCCESS | Loaded file "Assets/scifi_01.obj"
[10:43:08]	SUCCESS | Loaded file "Assets/scifi_01.mtl"
[10:43:15]	SUCCESS | Loaded texture "Assets/Textures/TexturesCom_Scifi_Panel_4K_albedo.png"
[10:43:21]	SUCCESS | Loaded texture "Assets/Textures/TexturesCom_Scifi_Panel_4K_normal.png"
[10:43:22]	SUCCESS | Loaded file "Assets/scifi_01.mtl"
[10:43:22]	INFO    | +	 Adding box collider 3D to new gameObject
[10:43:22]	        |
[10:43:22]	        |------------------------------------------------------------------------
[10:43:22]	        |
[10:43:22]	INFO    | + Loading Game Object "Wall_SciFi_02"
[10:43:22]	INFO    | +	 Adding transform data to new gameObject
[10:43:22]	INFO    | +	 Adding Model to new gameObject
[10:43:22]	INFO    | +		 Loading new OBJ file
[10:43:22]	        |
[10:43:22]	        |------------------------------------------------------------------------
[10:43:22]	        |
[10:43:22]	SUCCESS | Loaded file "Assets/scifi_02.obj"
[10:43:22]	SUCCESS | Loaded file "Assets/scifi_02.mtl"
[10:43:22]	SUCCESS | Loaded texture "Assets/Textures/TexturesCom_Fabric_1K_albedo.png"
[10:43:23]	SUCCESS | Loaded texture "Assets/Textures/TexturesCom_Fabric_1K_normal.png"
[10:43:23]	SUCCESS | Loaded file "Assets/scifi_02.mtl"
[10:43:23]	INFO    | +	 Adding box collider 3D to new gameObject
[10:43:23]	        |
[10:43:23]	        |------------------------------------------------------------------------
[10:43:23]	        |
[10:43:23]	INFO    | + Loading Game Object "Player"
[10:43:23]	INFO    | +	 Adding transform data to new gameObject
[10:43:23]	INFO    | +	 Adding player script to new gameObject
[10:43:23]	INFO    | +	 Adding light to new gameObject
[10:43:23]	INFO    | +	 Adding sphere collider 3D to new gameObject
[10:43:23]	        |
[10:43:23]	        |------------------------------------------------------------------------
[10:43:23]	        |
[10:43:23]	INFO    | + Loading Game Object "PlayerGFX"
[10:43:23]	INFO    | +	 Adding transform data to new gameObject
[10:43:23]	INFO    | +	 Adding Model to new gameObject
[10:43:23]	INFO    | +		 Loading new OBJ file
[10:43:23]	        |
[10:43:23]	        |------------------------------------------------------------------------
[10:43:23]	        |
[10:43:23]	SUCCESS | Loaded file "Assets/Shapes/sphere.obj"
[10:43:23]	SUCCESS | Loaded file "Assets/Shapes/sphere.mtl"
[10:43:23]	SUCCESS | Loaded file "Assets/Shapes/sphere.mtl"
[10:43:23]	        |
[10:43:23]	        |------------------------------------------------------------------------
[10:43:23]	        |
[10:43:23]	INFO    | + Loading Game Object "Main_Camera"
[10:43:23]	INFO    | +	 Adding transform data to new gameObject
[10:43:23]	INFO    | +	 Adding camera to new gameObject
[10:43:23]	        |
[10:43:23]	        |------------------------------------------------------------------------
[10:43:23]	        |
[10:43:23]	INFO    | + Loading Game Object "Light_01"
[10:43:23]	INFO    | +	 Adding transform data to new gameObject
[10:43:23]	INFO    | +	 Adding light to new gameObject
[10:43:23]	        |
[10:43:23]	        |------------------------------------------------------------------------
[10:43:23]	        |
[10:43:23]	INFO    | + Loading Game Object "Light_02"
[10:43:23]	INFO    | +	 Adding transform data to new gameObject
[10:43:23]	INFO    | +	 Adding light to new gameObject
[10:43:23]	        |
[10:43:23]	        |------------------------------------------------------------------------
[10:43:23]	        |
[10:43:23]	INFO    | + Loading Game Object "Light_03"
[10:43:23]	INFO    | +	 Adding transform data to new gameObject
[10:43:23]	INFO    | +	 Adding light to new gameObject
[10:43:23]	        |
[10:43:23]	        |------------------------------------------------------------------------
[10:43:23]	        |
[10:43:23]	INFO    | + Loading Game Object "BackGroungPauseMenu"
[10:43:23]	INFO    | +	 Adding transform data to new gameObject
[10:43:23]	INFO    | +	 Adding Sprite to new gameObject
[10:43:23]	        |
[10:43:23]	        |------------------------------------------------------------------------
[10:43:23]	        |
[10:43:23]	INFO    | + Loading Game Object "Button_01"
[10:43:23]	INFO    | +	 Adding transform data to new gameObject
[10:43:23]	INFO    | +	 Adding Sprite to new gameObject
[10:43:23]	SUCCESS | Loaded texture "Assets/ButtonResume.png"
[10:43:23]	INFO    | +	 Adding button script to new gameObject
[10:43:23]	INFO    | +	 Adding box collider 2D to new gameObject
[10:43:23]	        |
[10:43:23]	        |------------------------------------------------------------------------
[10:43:23]	        |
[10:43:23]	INFO    | + Loading Game Object "Button_02"
[10:43:23]	INFO    | +	 Adding transform data to new gameObject
[10:43:23]	INFO    | +	 Adding Sprite to new gameObject
[10:43:23]	SUCCESS | Loaded texture "Assets/ButtonSave.png"
[10:43:23]	INFO    | +	 Adding button script to new gameObject
[10:43:23]	INFO    | +	 Adding box collider 2D to new gameObject
[10:43:23]	        |
[10:43:23]	        |------------------------------------------------------------------------
[10:43:23]	        |
[10:43:23]	INFO    | + Loading Game Object "Button_03"
[10:43:23]	INFO    | +	 Adding transform data to new gameObject
[10:43:23]	INFO    | +	 Adding Sprite to new gameObject
[10:43:23]	SUCCESS | Loaded texture "Assets/ButtonBack.png"
[10:43:23]	INFO    | +	 Adding button script to new gameObject
[10:43:23]	INFO    | +	 Adding box collider 2D to new gameObject
[10:43:23]	        |
[10:43:23]	        |------------------------------------------------------------------------
[10:43:23]	        |
[10:43:23]	INFO    | + Loading Game Object "Menu"
[10:43:23]	INFO    | +	 Adding transform data to new gameObject
[10:43:23]	        |
[10:43:23]	        |------------------------------------------------------------------------
[10:43:23]	        |
[10:43:23]	INFO    | +	 Transform parent found
[10:43:23]	INFO    | +	 Transform parent found
[10:43:23]	INFO    | +	 Transform parent found
[10:43:23]	INFO    | +	 Transform parent found
[10:43:23]	INFO    | +	 Transform parent found
[10:43:23]	INFO    | +	 Transform parent found
[10:43:23]	        |
[10:43:23]	        |------------------------------------------------------------------------
[10:43:23]	        |
[10:43:23]	SUCCESS | Successfully loaded a new scene
[10:43:23]	        |
[10:43:23]	        |------------------------------------------------------------------------
[10:43:23]	        |
[10:44:13]	INFO    | - Destroying Graph
[10:44:13]	INFO    | - Unloading scene
[10:44:13]	INFO    | -	 Destroying Object : Loading
[10:44:13]	INFO    | -		Destroying Component Sprite
[10:44:13]	INFO    | -		Destroying Component Transform
[10:44:13]	        |
[10:44:13]	        |------------------------------------------------------------------------
[10:44:13]	        |
[10:44:13]	INFO    | -	 Destroying Object : Loading
[10:44:13]	INFO    | -		Destroying Component Sprite
[10:44:13]	INFO    | -		Destroying Component Transform
[10:44:13]	        |
[10:44:13]	        |------------------------------------------------------------------------
[10:44:13]	        |
[10:44:13]	INFO    | -	 Destroying Object : Button_03
[10:44:13]	INFO    | -		Destroying Component Box Collider 2D
[10:44:13]	INFO    | -		Destroying Component Button
[10:44:13]	INFO    | -		Destroying Component Sprite
[10:44:13]	INFO    | -		Destroying Component Transform
[10:44:13]	        |
[10:44:13]	        |------------------------------------------------------------------------
[10:44:13]	        |
[10:44:13]	INFO    | -	 Destroying Object : Button_02
[10:44:13]	INFO    | -		Destroying Component Box Collider 2D
[10:44:13]	INFO    | -		Destroying Component Button
[10:44:13]	INFO    | -		Destroying Component Sprite
[10:44:13]	INFO    | -		Destroying Component Transform
[10:44:13]	        |
[10:44:13]	        |------------------------------------------------------------------------
[10:44:13]	        |
[10:44:13]	INFO    | -	 Destroying Object : Button_01
[10:44:13]	INFO    | -		Destroying Component Box Collider 2D
[10:44:13]	INFO    | -		Destroying Component Button
[10:44:13]	INFO    | -		Destroying Component Sprite
[10:44:13]	INFO    | -		Destroying Component Transform
[10:44:13]	        |
[10:44:13]	        |------------------------------------------------------------------------
[10:44:13]	        |
[10:44:13]	INFO    | -	 Destroying Object : BackGroung
[10:44:13]	INFO    | -		Destroying Component Sprite
[10:44:13]	INFO    | -		Destroying Component Transform
[10:44:13]	        |
[10:44:13]	        |------------------------------------------------------------------------
[10:44:13]	        |
[10:44:13]	INFO    | - Unloading scene
[10:44:13]	INFO    | -	 Destroying Object : Menu
[10:44:13]	INFO    | -		Destroying Component PauseMenu
[10:44:13]	INFO    | -		Destroying Component Transform
[10:44:13]	        |
[10:44:13]	        |------------------------------------------------------------------------
[10:44:13]	        |
[10:44:13]	INFO    | -	 Destroying Object : Button_03
[10:44:13]	INFO    | -		Destroying Component Box Collider 2D
[10:44:13]	INFO    | -		Destroying Component Button
[10:44:13]	INFO    | -		Destroying Component Sprite
[10:44:13]	INFO    | -		Destroying Component Transform
[10:44:13]	        |
[10:44:13]	        |------------------------------------------------------------------------
[10:44:13]	        |
[10:44:13]	INFO    | -	 Destroying Object : Button_02
[10:44:13]	INFO    | -		Destroying Component Box Collider 2D
[10:44:13]	INFO    | -		Destroying Component Button
[10:44:13]	INFO    | -		Destroying Component Sprite
[10:44:13]	INFO    | -		Destroying Component Transform
[10:44:13]	        |
[10:44:13]	        |------------------------------------------------------------------------
[10:44:13]	        |
[10:44:13]	INFO    | -	 Destroying Object : Button_01
[10:44:13]	INFO    | -		Destroying Component Box Collider 2D
[10:44:13]	INFO    | -		Destroying Component Button
[10:44:13]	INFO    | -		Destroying Component Sprite
[10:44:13]	INFO    | -		Destroying Component Transform
[10:44:13]	        |
[10:44:13]	        |------------------------------------------------------------------------
[10:44:13]	        |
[10:44:13]	INFO    | -	 Destroying Object : BackGroungPauseMenu
[10:44:13]	INFO    | -		Destroying Component Sprite
[10:44:13]	INFO    | -		Destroying Component Transform
[10:44:13]	        |
[10:44:13]	        |------------------------------------------------------------------------
[10:44:13]	        |
[10:44:13]	INFO    | -	 Destroying Object : Light_03
[10:44:13]	INFO    | -		Destroying Component Light
[10:44:13]	INFO    | -		Destroying Component Transform
[10:44:13]	        |
[10:44:13]	        |------------------------------------------------------------------------
[10:44:13]	        |
[10:44:13]	INFO    | -	 Destroying Object : Light_02
[10:44:13]	INFO    | -		Destroying Component Light
[10:44:13]	INFO    | -		Destroying Component Transform
[10:44:13]	        |
[10:44:13]	        |------------------------------------------------------------------------
[10:44:13]	        |
[10:44:13]	INFO    | -	 Destroying Object : Light_01
[10:44:13]	INFO    | -		Destroying Component Light
[10:44:13]	INFO    | -		Destroying Component Transform
[10:44:13]	        |
[10:44:13]	        |------------------------------------------------------------------------
[10:44:13]	        |
[10:44:13]	INFO    | -	 Destroying Object : Main_Camera
[10:44:13]	INFO    | -		Destroying Component Camera
[10:44:13]	INFO    | -		Destroying Component Transform
[10:44:13]	        |
[10:44:13]	        |------------------------------------------------------------------------
[10:44:13]	        |
[10:44:13]	INFO    | -	 Destroying Object : PlayerGFX
[10:44:13]	INFO    | -		Destroying Component Sphere
[10:44:13]	INFO    | -		Destroying Component Transform
[10:44:13]	        |
[10:44:13]	        |------------------------------------------------------------------------
[10:44:13]	        |
[10:44:13]	INFO    | -	 Destroying Object : Player
[10:44:13]	INFO    | -		Destroying Component Sphere Collider 3D
[10:44:13]	INFO    | -		Destroying Component 
[10:44:13]	INFO    | -		Destroying Component RigidBody 3D
[10:44:13]	INFO    | -		Destroying Component 
[10:44:13]	INFO    | -		Destroying Component Player
[10:44:13]	INFO    | -		Destroying Component Transform
[10:44:13]	        |
[10:44:13]	        |------------------------------------------------------------------------
[10:44:13]	        |
[10:44:13]	INFO    | -	 Destroying Object : Wall_SciFi_02
[10:44:13]	INFO    | -		Destroying Component Box Collider 3D
[10:44:13]	INFO    | -		Destroying Component 
[10:44:14]	INFO    | -		Destroying Component SciFi_02
[10:44:14]	INFO    | -		Destroying Component Transform
[10:44:14]	        |
[10:44:14]	        |------------------------------------------------------------------------
[10:44:14]	        |
[10:44:14]	INFO    | -	 Destroying Object : Wall_SciFi_01
[10:44:14]	INFO    | -		Destroying Component Box Collider 3D
[10:44:14]	INFO    | -		Destroying Component 
[10:44:14]	INFO    | -		Destroying Component SciFi_01
[10:44:14]	INFO    | -		Destroying Component Transform
[10:44:14]	        |
[10:44:14]	        |------------------------------------------------------------------------
[10:44:14]	        |
[10:44:14]	INFO    | -	 Destroying Object : Platform5
[10:44:14]	INFO    | -		Destroying Component Box Collider 3D
[10:44:14]	INFO    | -		Destroying Component 
[10:44:14]	INFO    | -		Destroying Component DirtBlock
[10:44:14]	INFO    | -		Destroying Component Transform
[10:44:14]	        |
[10:44:14]	        |------------------------------------------------------------------------
[10:44:14]	        |
[10:44:14]	INFO    | -	 Destroying Object : Platform4
[10:44:14]	INFO    | -		Destroying Component Box Collider 3D
[10:44:14]	INFO    | -		Destroying Component 
[10:44:14]	INFO    | -		Destroying Component DirtBlock
[10:44:14]	INFO    | -		Destroying Component Transform
[10:44:14]	        |
[10:44:14]	        |------------------------------------------------------------------------
[10:44:14]	        |
[10:44:14]	INFO    | -	 Destroying Object : Platform3
[10:44:14]	INFO    | -		Destroying Component Box Collider 3D
[10:44:14]	INFO    | -		Destroying Component 
[10:44:14]	INFO    | -		Destroying Component DirtBlock
[10:44:14]	INFO    | -		Destroying Component Transform
[10:44:14]	        |
[10:44:14]	        |------------------------------------------------------------------------
[10:44:14]	        |
[10:44:14]	INFO    | -	 Destroying Object : Platform2
[10:44:14]	INFO    | -		Destroying Component Box Collider 3D
[10:44:14]	INFO    | -		Destroying Component 
[10:44:14]	INFO    | -		Destroying Component WallBlock
[10:44:14]	INFO    | -		Destroying Component Transform
[10:44:14]	        |
[10:44:14]	        |------------------------------------------------------------------------
[10:44:14]	        |
[10:44:14]	INFO    | -	 Destroying Object : PlatformGround
[10:44:14]	INFO    | -		Destroying Component Box Collider 3D
[10:44:14]	INFO    | -		Destroying Component 
[10:44:14]	INFO    | -		Destroying Component WallBlock
[10:44:14]	INFO    | -		Destroying Component Transform
[10:44:14]	        |
[10:44:14]	        |------------------------------------------------------------------------
[10:44:14]	        |
[10:44:14]	INFO    | Closing program...
