[10:47:00]	INFO    | Creating GLFW Window
[10:47:02]	SUCCESS | Loaded texture "Assets/none.png"
[10:47:02]	INFO    | + Loading Shaders "Resource/Shader/PostProcess.shad"
[10:47:02]	SUCCESS | Vertex Shader ->	Successfully compiled
[10:47:02]	SUCCESS | Fragment Shader ->	Successfully compiled
[10:47:02]	SUCCESS | Shader program ->	Successfully linked
[10:47:02]	INFO    | + Loading Shaders "Resource/Shader/GaussianBlur.shad"
[10:47:02]	SUCCESS | Vertex Shader ->	Successfully compiled
[10:47:02]	SUCCESS | Fragment Shader ->	Successfully compiled
[10:47:02]	SUCCESS | Shader program ->	Successfully linked
[10:47:02]	ERROR   | Failed to open file "Assets/defaultCubeMap.cubemap"
[10:47:02]	INFO    | + Loading Shaders "Resource/Shader/CubeMap.shad"
[10:47:02]	SUCCESS | Vertex Shader ->	Successfully compiled
[10:47:02]	SUCCESS | Fragment Shader ->	Successfully compiled
[10:47:02]	SUCCESS | Shader program ->	Successfully linked
[10:47:02]	INFO    | + Loading Game Object "BackGroung"
[10:47:02]	INFO    | +	 Adding transform data to new gameObject
[10:47:02]	INFO    | + Loading Shaders "Resource/Shader/Sprite.shad"
[10:47:02]	SUCCESS | Vertex Shader ->	Successfully compiled
[10:47:02]	SUCCESS | Fragment Shader ->	Successfully compiled
[10:47:02]	SUCCESS | Shader program ->	Successfully linked
[10:47:02]	INFO    | +	 Adding Sprite to new gameObject
[10:47:02]	SUCCESS | Loaded texture "Assets/BlankSprite.png"
[10:47:02]	        |
[10:47:02]	        |------------------------------------------------------------------------
[10:47:02]	        |
[10:47:02]	INFO    | + Loading Game Object "Button_01"
[10:47:02]	INFO    | +	 Adding transform data to new gameObject
[10:47:02]	INFO    | +	 Adding Sprite to new gameObject
[10:47:03]	SUCCESS | Loaded texture "Assets/ButtonPlay.png"
[10:47:03]	INFO    | +	 Adding button script to new gameObject
[10:47:03]	INFO    | +	 Adding box collider 2D to new gameObject
[10:47:03]	        |
[10:47:03]	        |------------------------------------------------------------------------
[10:47:03]	        |
[10:47:03]	INFO    | + Loading Game Object "Button_02"
[10:47:03]	INFO    | +	 Adding transform data to new gameObject
[10:47:03]	INFO    | +	 Adding Sprite to new gameObject
[10:47:03]	SUCCESS | Loaded texture "Assets/ButtonEdit.png"
[10:47:03]	INFO    | +	 Adding button script to new gameObject
[10:47:03]	INFO    | +	 Adding box collider 2D to new gameObject
[10:47:03]	        |
[10:47:03]	        |------------------------------------------------------------------------
[10:47:03]	        |
[10:47:03]	INFO    | + Loading Game Object "Button_03"
[10:47:03]	INFO    | +	 Adding transform data to new gameObject
[10:47:03]	INFO    | +	 Adding Sprite to new gameObject
[10:47:03]	SUCCESS | Loaded texture "Assets/ButtonLoad.png"
[10:47:03]	INFO    | +	 Adding button script to new gameObject
[10:47:03]	INFO    | +	 Adding box collider 2D to new gameObject
[10:47:03]	        |
[10:47:03]	        |------------------------------------------------------------------------
[10:47:03]	        |
[10:47:03]	INFO    | + Loading Game Object "Button_04"
[10:47:03]	INFO    | +	 Adding transform data to new gameObject
[10:47:03]	INFO    | +	 Adding Sprite to new gameObject
[10:47:03]	SUCCESS | Loaded texture "Assets/ButtonQuit.png"
[10:47:03]	INFO    | +	 Adding button script to new gameObject
[10:47:03]	INFO    | +	 Adding box collider 2D to new gameObject
[10:47:03]	        |
[10:47:03]	        |------------------------------------------------------------------------
[10:47:03]	        |
[10:47:03]	        |
[10:47:03]	        |------------------------------------------------------------------------
[10:47:03]	        |
[10:47:03]	SUCCESS | Successfully loaded a new scene
[10:47:03]	        |
[10:47:03]	        |------------------------------------------------------------------------
[10:47:03]	        |
[10:47:06]	INFO    | + Loading Game Object "Wall_SciFi_01"
[10:47:06]	INFO    | +	 Adding transform data to new gameObject
[10:47:06]	INFO    | + Loading Shaders "Resource/Shader/Default.shad"
[10:47:06]	SUCCESS | Vertex Shader ->	Successfully compiled
[10:47:06]	SUCCESS | Fragment Shader ->	Successfully compiled
[10:47:06]	SUCCESS | Shader program ->	Successfully linked
[10:47:06]	INFO    | +	 Adding Model to new gameObject
[10:47:06]	INFO    | +		 Loading new OBJ file
[10:47:06]	        |
[10:47:06]	        |------------------------------------------------------------------------
[10:47:06]	        |
[10:47:06]	SUCCESS | Loaded file "Assets/scifi_01.obj"
[10:47:06]	SUCCESS | Loaded file "Assets/scifi_01.mtl"
[10:47:14]	SUCCESS | Loaded texture "Assets/Textures/TexturesCom_Scifi_Panel_4K_albedo.png"
[10:47:21]	SUCCESS | Loaded texture "Assets/Textures/TexturesCom_Scifi_Panel_4K_normal.png"
[10:47:21]	SUCCESS | Loaded file "Assets/scifi_01.mtl"
[10:47:21]	INFO    | +	 Adding box collider 3D to new gameObject
[10:47:21]	        |
[10:47:21]	        |------------------------------------------------------------------------
[10:47:21]	        |
[10:47:21]	INFO    | + Loading Game Object "Wall_SciFi_011"
[10:47:21]	INFO    | +	 Adding transform data to new gameObject
[10:47:21]	INFO    | +	 Adding Model to new gameObject
[10:47:21]	        |
[10:47:21]	        |------------------------------------------------------------------------
[10:47:21]	        |
[10:47:21]	INFO    | +	 Adding box collider 3D to new gameObject
[10:47:21]	        |
[10:47:21]	        |------------------------------------------------------------------------
[10:47:21]	        |
[10:47:21]	INFO    | + Loading Game Object "Wall_SciFi_012"
[10:47:21]	INFO    | +	 Adding transform data to new gameObject
[10:47:21]	INFO    | +	 Adding Model to new gameObject
[10:47:21]	        |
[10:47:21]	        |------------------------------------------------------------------------
[10:47:21]	        |
[10:47:21]	INFO    | +	 Adding box collider 3D to new gameObject
[10:47:21]	        |
[10:47:21]	        |------------------------------------------------------------------------
[10:47:21]	        |
[10:47:21]	INFO    | + Loading Game Object "Wall_SciFi_02"
[10:47:21]	INFO    | +	 Adding transform data to new gameObject
[10:47:21]	INFO    | +	 Adding Model to new gameObject
[10:47:21]	INFO    | +		 Loading new OBJ file
[10:47:21]	        |
[10:47:21]	        |------------------------------------------------------------------------
[10:47:21]	        |
[10:47:21]	SUCCESS | Loaded file "Assets/scifi_02.obj"
[10:47:21]	SUCCESS | Loaded file "Assets/scifi_02.mtl"
[10:47:21]	SUCCESS | Loaded texture "Assets/Textures/TexturesCom_Fabric_1K_albedo.png"
[10:47:22]	SUCCESS | Loaded texture "Assets/Textures/TexturesCom_Fabric_1K_normal.png"
[10:47:22]	SUCCESS | Loaded file "Assets/scifi_02.mtl"
[10:47:22]	INFO    | +	 Adding box collider 3D to new gameObject
[10:47:22]	        |
[10:47:22]	        |------------------------------------------------------------------------
[10:47:22]	        |
[10:47:22]	INFO    | + Loading Game Object "Wall_SciFi_021"
[10:47:22]	INFO    | +	 Adding transform data to new gameObject
[10:47:22]	INFO    | +	 Adding Model to new gameObject
[10:47:22]	        |
[10:47:22]	        |------------------------------------------------------------------------
[10:47:22]	        |
[10:47:22]	INFO    | +	 Adding box collider 3D to new gameObject
[10:47:22]	        |
[10:47:22]	        |------------------------------------------------------------------------
[10:47:22]	        |
[10:47:22]	INFO    | + Loading Game Object "Wall_SciFi_022"
[10:47:22]	INFO    | +	 Adding transform data to new gameObject
[10:47:22]	INFO    | +	 Adding Model to new gameObject
[10:47:22]	        |
[10:47:22]	        |------------------------------------------------------------------------
[10:47:22]	        |
[10:47:22]	INFO    | +	 Adding box collider 3D to new gameObject
[10:47:22]	        |
[10:47:22]	        |------------------------------------------------------------------------
[10:47:22]	        |
[10:47:22]	INFO    | + Loading Game Object "Wall_SciFi_03"
[10:47:22]	INFO    | +	 Adding transform data to new gameObject
[10:47:22]	INFO    | +	 Adding Model to new gameObject
[10:47:22]	INFO    | +		 Loading new OBJ file
[10:47:22]	        |
[10:47:22]	        |------------------------------------------------------------------------
[10:47:22]	        |
[10:47:22]	SUCCESS | Loaded file "Assets/scifi_03.obj"
[10:47:22]	SUCCESS | Loaded file "Assets/scifi_03.mtl"
[10:47:23]	SUCCESS | Loaded texture "Assets/Textures/TexturesCom_Scifi_Floor2_1K_albedo.png"
[10:47:23]	SUCCESS | Loaded file "Assets/scifi_03.mtl"
[10:47:23]	INFO    | +	 Adding box collider 3D to new gameObject
[10:47:23]	        |
[10:47:23]	        |------------------------------------------------------------------------
[10:47:23]	        |
[10:47:23]	INFO    | + Loading Game Object "Wall_SciFi_031"
[10:47:23]	INFO    | +	 Adding transform data to new gameObject
[10:47:23]	INFO    | +	 Adding Model to new gameObject
[10:47:23]	        |
[10:47:23]	        |------------------------------------------------------------------------
[10:47:23]	        |
[10:47:23]	INFO    | +	 Adding box collider 3D to new gameObject
[10:47:23]	        |
[10:47:23]	        |------------------------------------------------------------------------
[10:47:23]	        |
[10:47:23]	INFO    | + Loading Game Object "Wall_SciFi_032"
[10:47:23]	INFO    | +	 Adding transform data to new gameObject
[10:47:23]	INFO    | +	 Adding Model to new gameObject
[10:47:23]	        |
[10:47:23]	        |------------------------------------------------------------------------
[10:47:23]	        |
[10:47:23]	INFO    | +	 Adding box collider 3D to new gameObject
[10:47:23]	        |
[10:47:23]	        |------------------------------------------------------------------------
[10:47:23]	        |
[10:47:23]	INFO    | + Loading Game Object "Player"
[10:47:23]	INFO    | +	 Adding transform data to new gameObject
[10:47:23]	INFO    | +	 Adding player script to new gameObject
[10:47:23]	INFO    | +	 Adding light to new gameObject
[10:47:23]	INFO    | +	 Adding sphere collider 3D to new gameObject
[10:47:23]	INFO    | + Loading Shaders "Resource/Shader/Particle.shad"
[10:47:23]	SUCCESS | Vertex Shader ->	Successfully compiled
[10:47:23]	SUCCESS | Fragment Shader ->	Successfully compiled
[10:47:23]	SUCCESS | Shader program ->	Successfully linked
[10:47:23]	INFO    | +	 Adding Particle System to a new gameObject
[10:47:23]	INFO    | +	 Adding weapon script to new gameObject
[10:47:23]	        |
[10:47:23]	        |------------------------------------------------------------------------
[10:47:23]	        |
[10:47:23]	INFO    | + Loading Game Object "PlayerGFX"
[10:47:23]	INFO    | +	 Adding transform data to new gameObject
[10:47:23]	INFO    | +	 Adding Model to new gameObject
[10:47:23]	INFO    | +		 Loading new OBJ file
[10:47:23]	        |
[10:47:23]	        |------------------------------------------------------------------------
[10:47:23]	        |
[10:47:23]	SUCCESS | Loaded file "Assets/Shapes/sphere.obj"
[10:47:23]	SUCCESS | Loaded file "Assets/Shapes/sphere.mtl"
[10:47:23]	SUCCESS | Loaded file "Assets/Shapes/sphere.mtl"
[10:47:23]	        |
[10:47:23]	        |------------------------------------------------------------------------
[10:47:23]	        |
[10:47:23]	INFO    | + Loading Game Object "Main_Camera"
[10:47:23]	INFO    | +	 Adding transform data to new gameObject
[10:47:23]	INFO    | +	 Adding camera to new gameObject
[10:47:23]	        |
[10:47:23]	        |------------------------------------------------------------------------
[10:47:23]	        |
[10:47:23]	INFO    | + Loading Game Object "Light_01"
[10:47:23]	INFO    | +	 Adding transform data to new gameObject
[10:47:23]	INFO    | +	 Adding light to new gameObject
[10:47:23]	        |
[10:47:23]	        |------------------------------------------------------------------------
[10:47:23]	        |
[10:47:23]	INFO    | + Loading Game Object "Light_02"
[10:47:23]	INFO    | +	 Adding transform data to new gameObject
[10:47:23]	INFO    | +	 Adding light to new gameObject
[10:47:23]	        |
[10:47:23]	        |------------------------------------------------------------------------
[10:47:23]	        |
[10:47:23]	INFO    | + Loading Game Object "Light_03"
[10:47:23]	INFO    | +	 Adding transform data to new gameObject
[10:47:23]	INFO    | +	 Adding light to new gameObject
[10:47:23]	        |
[10:47:23]	        |------------------------------------------------------------------------
[10:47:23]	        |
[10:47:23]	INFO    | + Loading Game Object "BackGroungPauseMenu"
[10:47:23]	INFO    | +	 Adding transform data to new gameObject
[10:47:23]	INFO    | +	 Adding Sprite to new gameObject
[10:47:23]	        |
[10:47:23]	        |------------------------------------------------------------------------
[10:47:23]	        |
[10:47:23]	INFO    | + Loading Game Object "Button_01"
[10:47:23]	INFO    | +	 Adding transform data to new gameObject
[10:47:23]	INFO    | +	 Adding Sprite to new gameObject
[10:47:23]	SUCCESS | Loaded texture "Assets/ButtonResume.png"
[10:47:23]	INFO    | +	 Adding button script to new gameObject
[10:47:23]	INFO    | +	 Adding box collider 2D to new gameObject
[10:47:23]	        |
[10:47:23]	        |------------------------------------------------------------------------
[10:47:23]	        |
[10:47:23]	INFO    | + Loading Game Object "Button_02"
[10:47:23]	INFO    | +	 Adding transform data to new gameObject
[10:47:23]	INFO    | +	 Adding Sprite to new gameObject
[10:47:23]	SUCCESS | Loaded texture "Assets/ButtonSave.png"
[10:47:23]	INFO    | +	 Adding button script to new gameObject
[10:47:23]	INFO    | +	 Adding box collider 2D to new gameObject
[10:47:23]	        |
[10:47:23]	        |------------------------------------------------------------------------
[10:47:23]	        |
[10:47:23]	INFO    | + Loading Game Object "Button_03"
[10:47:23]	INFO    | +	 Adding transform data to new gameObject
[10:47:23]	INFO    | +	 Adding Sprite to new gameObject
[10:47:24]	SUCCESS | Loaded texture "Assets/ButtonBack.png"
[10:47:24]	INFO    | +	 Adding button script to new gameObject
[10:47:24]	INFO    | +	 Adding box collider 2D to new gameObject
[10:47:24]	        |
[10:47:24]	        |------------------------------------------------------------------------
[10:47:24]	        |
[10:47:24]	INFO    | + Loading Game Object "Menu"
[10:47:24]	INFO    | +	 Adding transform data to new gameObject
[10:47:24]	        |
[10:47:24]	        |------------------------------------------------------------------------
[10:47:24]	        |
[10:47:24]	INFO    | + Loading Game Object "Enemy1"
[10:47:24]	INFO    | +	 Adding transform data to new gameObject
[10:47:24]	INFO    | +	 Adding player script to new gameObject
[10:47:24]	INFO    | +	 Adding light to new gameObject
[10:47:24]	INFO    | +	 Adding sphere collider 3D to new gameObject
[10:47:24]	INFO    | +	 Adding Model to new gameObject
[10:47:24]	        |
[10:47:24]	        |------------------------------------------------------------------------
[10:47:24]	        |
[10:47:24]	INFO    | +	 Adding box collider 3D to new gameObject
[10:47:24]	        |
[10:47:24]	        |------------------------------------------------------------------------
[10:47:24]	        |
[10:47:24]	INFO    | + Loading Game Object "Enemy1GFX"
[10:47:24]	INFO    | +	 Adding transform data to new gameObject
[10:47:24]	INFO    | +	 Adding Model to new gameObject
[10:47:24]	INFO    | +		 Loading new OBJ file
[10:47:24]	        |
[10:47:24]	        |------------------------------------------------------------------------
[10:47:24]	        |
[10:47:24]	SUCCESS | Loaded file "Assets/R2/R2.obj"
[10:47:24]	SUCCESS | Loaded file "Assets/R2/R2.mtl"
[10:47:47]	SUCCESS | Loaded texture "Assets/R2/R2Tex.jpg"
[10:48:00]	SUCCESS | Loaded file "Assets/R2/R2.mtl"
[10:48:00]	        |
[10:48:00]	        |------------------------------------------------------------------------
[10:48:00]	        |
[10:48:00]	INFO    | + Loading Game Object "Enemy2"
[10:48:00]	INFO    | +	 Adding transform data to new gameObject
[10:48:00]	INFO    | +	 Adding player script to new gameObject
[10:48:00]	INFO    | +	 Adding light to new gameObject
[10:48:00]	INFO    | +	 Adding sphere collider 3D to new gameObject
[10:48:00]	INFO    | +	 Adding Model to new gameObject
[10:48:00]	        |
[10:48:00]	        |------------------------------------------------------------------------
[10:48:00]	        |
[10:48:00]	INFO    | +	 Adding box collider 3D to new gameObject
[10:48:00]	        |
[10:48:00]	        |------------------------------------------------------------------------
[10:48:00]	        |
[10:48:00]	INFO    | + Loading Game Object "Enemy2GFX"
[10:48:00]	INFO    | +	 Adding transform data to new gameObject
[10:48:00]	INFO    | +	 Adding Model to new gameObject
[10:48:00]	        |
[10:48:00]	        |------------------------------------------------------------------------
[10:48:00]	        |
[10:48:00]	        |
[10:48:00]	        |------------------------------------------------------------------------
[10:48:00]	        |
[10:48:00]	INFO    | +	 Transform parent found
[10:48:00]	INFO    | +	 Transform parent found
[10:48:00]	INFO    | +	 Transform parent found
[10:48:00]	INFO    | +	 Transform parent found
[10:48:00]	INFO    | +	 Transform parent found
[10:48:00]	INFO    | +	 Transform parent found
[10:48:00]	INFO    | +	 Transform parent found
[10:48:00]	INFO    | +	 Transform parent found
[10:48:00]	        |
[10:48:00]	        |------------------------------------------------------------------------
[10:48:00]	        |
[10:48:00]	SUCCESS | Successfully loaded a new scene
[10:48:00]	        |
[10:48:00]	        |------------------------------------------------------------------------
[10:48:00]	        |
[10:48:00]	INFO    | Found player
[10:48:00]	INFO    | Found player
[10:48:53]	INFO    | -		Destroying Component Transform
[10:48:54]	INFO    | -		Destroying Component Transform
[10:48:54]	INFO    | -		Destroying Component Transform
[10:48:54]	INFO    | -		Destroying Component Transform
[10:48:54]	INFO    | -		Destroying Component Transform
[10:48:54]	INFO    | -		Destroying Component Transform
[10:48:54]	INFO    | -		Destroying Component Transform
[10:48:54]	INFO    | -		Destroying Component Transform
[10:48:54]	INFO    | -		Destroying Component Transform
[10:48:54]	INFO    | -		Destroying Component Transform
[10:48:54]	INFO    | -		Destroying Component Transform
[10:48:54]	INFO    | -		Destroying Component Transform
[10:48:54]	INFO    | -		Destroying Component Transform
[10:48:54]	INFO    | -		Destroying Component Transform
[10:48:54]	INFO    | -		Destroying Component Transform
[10:48:54]	INFO    | -		Destroying Component Transform
[10:48:54]	INFO    | -		Destroying Component Transform
[10:48:54]	INFO    | -		Destroying Component Transform
[10:48:54]	INFO    | -		Destroying Component Transform
[10:48:54]	INFO    | -		Destroying Component Transform
[10:48:54]	INFO    | -		Destroying Component Transform
[10:48:54]	INFO    | -		Destroying Component Transform
[10:48:54]	INFO    | -		Destroying Component Transform
[10:48:54]	INFO    | -		Destroying Component Transform
[10:48:54]	INFO    | -		Destroying Component Transform
[10:48:54]	INFO    | -		Destroying Component Transform
[10:48:54]	INFO    | -		Destroying Component Transform
[10:48:54]	INFO    | -		Destroying Component Transform
[10:48:54]	INFO    | -		Destroying Component Transform
[10:48:54]	INFO    | -		Destroying Component Transform
[10:48:54]	INFO    | -		Destroying Component Transform
[10:48:54]	INFO    | -		Destroying Component Transform
[10:48:54]	INFO    | -		Destroying Component Transform
[10:48:54]	INFO    | -		Destroying Component Transform
[10:48:54]	INFO    | -		Destroying Component Transform
[10:48:55]	INFO    | -		Destroying Component Transform
[10:48:55]	INFO    | -		Destroying Component Transform
[10:48:55]	INFO    | -		Destroying Component Transform
[10:48:55]	INFO    | -		Destroying Component Transform
[10:48:55]	INFO    | -		Destroying Component Transform
[10:48:55]	INFO    | -		Destroying Component Transform
[10:48:55]	INFO    | -		Destroying Component Transform
[10:48:55]	INFO    | -		Destroying Component Transform
[10:48:55]	INFO    | -		Destroying Component Transform
[10:48:55]	INFO    | -		Destroying Component Transform
[10:48:55]	INFO    | -		Destroying Component Transform
[10:48:55]	INFO    | -		Destroying Component Transform
[10:48:55]	INFO    | -		Destroying Component Transform
[10:48:55]	INFO    | -		Destroying Component Transform
[10:48:55]	INFO    | -		Destroying Component Transform
[10:48:55]	INFO    | -		Destroying Component Transform
[10:48:56]	INFO    | -		Destroying Component Transform
[10:48:56]	INFO    | -		Destroying Component Transform
[10:48:56]	INFO    | -		Destroying Component Transform
[10:48:56]	INFO    | -		Destroying Component Transform
[10:48:56]	INFO    | -		Destroying Component Transform
[10:48:56]	INFO    | -		Destroying Component Transform
[10:48:56]	INFO    | -		Destroying Component Transform
[10:48:56]	INFO    | -		Destroying Component Transform
[10:48:56]	INFO    | -		Destroying Component Transform
[10:48:56]	INFO    | -		Destroying Component Transform
[10:48:56]	INFO    | -		Destroying Component Transform
[10:48:56]	INFO    | -		Destroying Component Transform
[10:48:56]	INFO    | -		Destroying Component Transform
[10:48:56]	INFO    | -		Destroying Component Transform
[10:48:56]	INFO    | -		Destroying Component Transform
[10:48:56]	INFO    | -		Destroying Component Transform
[10:48:56]	INFO    | -		Destroying Component Transform
[10:48:56]	INFO    | -		Destroying Component Transform
[10:48:56]	INFO    | -		Destroying Component Transform
[10:48:56]	INFO    | -		Destroying Component Transform
[10:48:56]	INFO    | -		Destroying Component Transform
[10:48:56]	INFO    | -		Destroying Component Transform
[10:48:56]	INFO    | -		Destroying Component Transform
[10:48:56]	INFO    | -		Destroying Component Transform
[10:48:56]	INFO    | -		Destroying Component Transform
[10:48:56]	INFO    | -		Destroying Component Transform
[10:48:57]	INFO    | -		Destroying Component Transform
[10:48:57]	INFO    | -		Destroying Component Transform
[10:48:57]	INFO    | -		Destroying Component Transform
[10:48:57]	INFO    | -		Destroying Component Transform
[10:48:57]	INFO    | -		Destroying Component Transform
[10:48:57]	INFO    | -		Destroying Component Transform
[10:48:57]	INFO    | -		Destroying Component Transform
[10:48:57]	INFO    | -		Destroying Component Transform
[10:48:57]	INFO    | -		Destroying Component Transform
[10:48:57]	INFO    | -		Destroying Component Transform
[10:48:57]	INFO    | -		Destroying Component Transform
[10:48:57]	INFO    | -		Destroying Component Transform
[10:48:57]	INFO    | -		Destroying Component Transform
[10:48:57]	INFO    | -		Destroying Component Transform
[10:48:57]	INFO    | -		Destroying Component Transform
[10:48:58]	INFO    | -		Destroying Component Transform
[10:48:58]	INFO    | -		Destroying Component Transform
[10:48:58]	INFO    | -		Destroying Component Transform
[10:48:58]	INFO    | -		Destroying Component Transform
[10:48:58]	INFO    | -		Destroying Component Transform
[10:48:58]	INFO    | -		Destroying Component Transform
[10:48:58]	INFO    | -		Destroying Component Transform
[10:48:58]	INFO    | -		Destroying Component Transform
[10:48:58]	INFO    | -		Destroying Component Transform
[10:48:58]	INFO    | -		Destroying Component Transform
[10:48:58]	INFO    | -		Destroying Component Transform
[10:48:58]	INFO    | -		Destroying Component Transform
[10:48:58]	INFO    | -		Destroying Component Transform
[10:48:58]	INFO    | -		Destroying Component Transform
[10:48:58]	INFO    | -		Destroying Component Transform
[10:48:58]	INFO    | -		Destroying Component Transform
[10:48:58]	INFO    | -		Destroying Component Transform
[10:48:58]	INFO    | -		Destroying Component Transform
[10:48:58]	INFO    | -		Destroying Component Transform
[10:48:58]	INFO    | -		Destroying Component Transform
[10:48:58]	INFO    | -		Destroying Component Transform
[10:48:58]	INFO    | -		Destroying Component Transform
[10:48:58]	INFO    | -		Destroying Component Transform
[10:48:58]	INFO    | -		Destroying Component Transform
[10:48:58]	INFO    | -		Destroying Component Transform
[10:48:58]	INFO    | -		Destroying Component Transform
[10:48:58]	INFO    | -		Destroying Component Transform
[10:48:59]	INFO    | -		Destroying Component Transform
[10:48:59]	INFO    | -		Destroying Component Transform
[10:48:59]	INFO    | -		Destroying Component Transform
[10:48:59]	INFO    | -		Destroying Component Transform
[10:48:59]	INFO    | -		Destroying Component Transform
[10:48:59]	INFO    | -		Destroying Component Transform
[10:48:59]	INFO    | -		Destroying Component Transform
[10:48:59]	INFO    | -		Destroying Component Transform
[10:48:59]	INFO    | -		Destroying Component Transform
[10:48:59]	INFO    | -		Destroying Component Transform
[10:48:59]	INFO    | -		Destroying Component Transform
[10:48:59]	INFO    | -		Destroying Component Transform
[10:48:59]	INFO    | -		Destroying Component Transform
[10:48:59]	INFO    | -		Destroying Component Transform
[10:48:59]	INFO    | -		Destroying Component Transform
[10:48:59]	INFO    | -		Destroying Component Transform
[10:48:59]	INFO    | -		Destroying Component Transform
[10:48:59]	INFO    | -		Destroying Component Transform
[10:48:59]	INFO    | -		Destroying Component Transform
[10:48:59]	INFO    | -		Destroying Component Transform
[10:48:59]	INFO    | -		Destroying Component Transform
[10:48:59]	INFO    | -		Destroying Component Transform
[10:48:59]	INFO    | -		Destroying Component Transform
[10:48:59]	INFO    | -		Destroying Component Transform
[10:48:59]	INFO    | -		Destroying Component Transform
[10:48:59]	INFO    | -		Destroying Component Transform
[10:48:59]	INFO    | -		Destroying Component Transform
[10:49:00]	INFO    | -		Destroying Component Transform
[10:49:00]	INFO    | -		Destroying Component Transform
[10:49:00]	INFO    | -		Destroying Component Transform
[10:49:00]	INFO    | -		Destroying Component Transform
[10:49:00]	INFO    | -		Destroying Component Transform
[10:49:00]	INFO    | -		Destroying Component Transform
[10:49:00]	INFO    | -		Destroying Component Transform
[10:49:00]	INFO    | -		Destroying Component Transform
[10:49:00]	INFO    | -		Destroying Component Transform
[10:49:00]	INFO    | -		Destroying Component Transform
[10:49:00]	INFO    | -		Destroying Component Transform
[10:49:00]	INFO    | -		Destroying Component Transform
[10:49:00]	INFO    | -		Destroying Component Transform
[10:49:00]	INFO    | -		Destroying Component Transform
[10:49:00]	INFO    | -		Destroying Component Transform
[10:49:00]	INFO    | -		Destroying Component Transform
[10:49:00]	INFO    | -		Destroying Component Transform
[10:49:00]	INFO    | -		Destroying Component Transform
[10:49:00]	INFO    | -		Destroying Component Transform
[10:49:00]	INFO    | -		Destroying Component Transform
[10:49:00]	INFO    | -		Destroying Component Transform
[10:49:00]	INFO    | -		Destroying Component Transform
[10:49:00]	INFO    | -		Destroying Component Transform
[10:49:00]	INFO    | -		Destroying Component Transform
[10:49:00]	INFO    | -		Destroying Component Transform
[10:49:00]	INFO    | -		Destroying Component Transform
[10:49:00]	INFO    | -		Destroying Component Transform
[10:49:00]	INFO    | -		Destroying Component Transform
[10:49:01]	INFO    | -		Destroying Component Transform
[10:49:01]	INFO    | -		Destroying Component Transform
[10:49:01]	INFO    | -		Destroying Component Transform
[10:49:01]	INFO    | -		Destroying Component Transform
[10:49:01]	INFO    | -		Destroying Component Transform
[10:49:01]	INFO    | -		Destroying Component Transform
[10:49:01]	INFO    | -		Destroying Component Transform
[10:49:01]	INFO    | -		Destroying Component Transform
[10:49:01]	INFO    | -		Destroying Component Transform
[10:49:01]	INFO    | -		Destroying Component Transform
[10:49:01]	INFO    | -		Destroying Component Transform
[10:49:01]	INFO    | -		Destroying Component Transform
[10:49:01]	INFO    | -		Destroying Component Transform
[10:49:01]	INFO    | -		Destroying Component Transform
[10:49:01]	INFO    | -		Destroying Component Transform
[10:49:01]	INFO    | -		Destroying Component Transform
[10:49:01]	INFO    | -		Destroying Component Transform
[10:49:01]	INFO    | -		Destroying Component Transform
[10:49:01]	INFO    | -		Destroying Component Transform
[10:49:01]	INFO    | -		Destroying Component Transform
[10:49:01]	INFO    | -		Destroying Component Transform
[10:49:01]	INFO    | -		Destroying Component Transform
[10:49:01]	INFO    | -		Destroying Component Transform
[10:49:01]	INFO    | -		Destroying Component Transform
[10:49:01]	INFO    | -		Destroying Component Transform
[10:49:01]	INFO    | -		Destroying Component Transform
[10:49:01]	INFO    | -		Destroying Component Transform
[10:49:01]	INFO    | -		Destroying Component Transform
[10:49:01]	INFO    | -		Destroying Component Transform
[10:49:01]	INFO    | -		Destroying Component Transform
[10:49:02]	INFO    | -		Destroying Component Transform
[10:49:02]	INFO    | -		Destroying Component Transform
[10:49:02]	INFO    | -		Destroying Component Transform
[10:49:02]	INFO    | -		Destroying Component Transform
[10:49:02]	INFO    | -		Destroying Component Transform
[10:49:02]	INFO    | -		Destroying Component Transform
[10:49:02]	INFO    | -		Destroying Component Transform
[10:49:02]	INFO    | -		Destroying Component Transform
[10:49:02]	INFO    | -		Destroying Component Transform
[10:49:02]	INFO    | -		Destroying Component Transform
[10:49:02]	INFO    | -		Destroying Component Transform
[10:49:02]	INFO    | -		Destroying Component Transform
[10:49:02]	INFO    | -		Destroying Component Transform
[10:49:02]	INFO    | -		Destroying Component Transform
[10:49:02]	INFO    | -		Destroying Component Transform
[10:49:02]	INFO    | -		Destroying Component Transform
[10:49:03]	INFO    | -		Destroying Component Transform
[10:49:03]	INFO    | -		Destroying Component Transform
[10:49:03]	INFO    | -		Destroying Component Transform
[10:49:03]	INFO    | -		Destroying Component Transform
[10:49:03]	INFO    | -		Destroying Component Transform
[10:49:03]	INFO    | -		Destroying Component Transform
[10:49:03]	INFO    | -		Destroying Component Transform
[10:49:03]	INFO    | -		Destroying Component Transform
[10:49:04]	INFO    | -		Destroying Component Transform
[10:49:04]	INFO    | -		Destroying Component Transform
[10:49:04]	INFO    | -		Destroying Component Transform
[10:49:04]	INFO    | -		Destroying Component Transform
[10:49:04]	INFO    | -		Destroying Component Transform
[10:49:04]	INFO    | -		Destroying Component Transform
[10:49:04]	INFO    | -		Destroying Component Transform
[10:49:04]	INFO    | -		Destroying Component Transform
[10:49:04]	INFO    | -		Destroying Component Transform
[10:49:04]	INFO    | -		Destroying Component Transform
[10:49:04]	INFO    | -		Destroying Component Transform
[10:49:04]	INFO    | -		Destroying Component Transform
[10:49:04]	INFO    | -		Destroying Component Transform
[10:49:04]	INFO    | -		Destroying Component Transform
[10:49:04]	INFO    | -		Destroying Component Transform
[10:49:04]	INFO    | -		Destroying Component Transform
[10:49:04]	INFO    | -		Destroying Component Transform
[10:49:04]	INFO    | -		Destroying Component Transform
[10:49:04]	INFO    | -		Destroying Component Transform
[10:49:04]	INFO    | -		Destroying Component Transform
[10:49:04]	INFO    | -		Destroying Component Transform
[10:49:04]	INFO    | -		Destroying Component Transform
[10:49:04]	INFO    | -		Destroying Component Transform
[10:49:04]	INFO    | -		Destroying Component Transform
[10:49:04]	INFO    | -		Destroying Component Transform
[10:49:04]	INFO    | -		Destroying Component Transform
[10:49:04]	INFO    | -		Destroying Component Transform
[10:49:04]	INFO    | -		Destroying Component Transform
[10:49:04]	INFO    | -		Destroying Component Transform
[10:49:04]	INFO    | -		Destroying Component Transform
[10:49:04]	INFO    | -		Destroying Component Transform
[10:49:05]	INFO    | -		Destroying Component Transform
[10:49:05]	INFO    | -		Destroying Component Transform
[10:49:05]	INFO    | -		Destroying Component Transform
[10:49:05]	INFO    | -		Destroying Component Transform
[10:49:05]	INFO    | -		Destroying Component Transform
[10:49:05]	INFO    | -		Destroying Component Transform
[10:49:05]	INFO    | -		Destroying Component Transform
[10:49:05]	INFO    | -		Destroying Component Transform
[10:49:05]	INFO    | -		Destroying Component Transform
[10:49:05]	INFO    | -		Destroying Component Transform
[10:49:05]	INFO    | -		Destroying Component Transform
[10:49:05]	INFO    | -		Destroying Component Transform
[10:49:05]	INFO    | -		Destroying Component Transform
[10:49:05]	INFO    | -		Destroying Component Transform
[10:49:05]	INFO    | -		Destroying Component Transform
[10:49:05]	INFO    | -		Destroying Component Transform
[10:49:05]	INFO    | -		Destroying Component Transform
[10:49:05]	INFO    | -		Destroying Component Transform
[10:49:05]	INFO    | -		Destroying Component Transform
[10:49:05]	INFO    | -		Destroying Component Transform
[10:49:05]	INFO    | -		Destroying Component Transform
[10:49:05]	INFO    | -		Destroying Component Transform
[10:49:05]	INFO    | -		Destroying Component Transform
[10:49:05]	INFO    | -		Destroying Component Transform
[10:49:05]	INFO    | -		Destroying Component Transform
[10:49:05]	INFO    | -		Destroying Component Transform
[10:49:05]	INFO    | -		Destroying Component Transform
[10:49:05]	INFO    | -		Destroying Component Transform
[10:49:05]	INFO    | -		Destroying Component Transform
[10:49:05]	INFO    | -		Destroying Component Transform
[10:49:05]	INFO    | -		Destroying Component Transform
[10:49:06]	INFO    | -		Destroying Component Transform
[10:49:06]	INFO    | -		Destroying Component Transform
[10:49:06]	INFO    | -		Destroying Component Transform
[10:49:06]	INFO    | -		Destroying Component Transform
[10:49:06]	INFO    | -		Destroying Component Transform
[10:49:06]	INFO    | -		Destroying Component Transform
[10:49:06]	INFO    | -		Destroying Component Transform
[10:49:06]	INFO    | -		Destroying Component Transform
[10:49:06]	INFO    | -		Destroying Component Transform
[10:49:06]	INFO    | -		Destroying Component Transform
[10:49:06]	INFO    | -		Destroying Component Transform
[10:49:06]	INFO    | -		Destroying Component Transform
[10:49:06]	INFO    | -		Destroying Component Transform
[10:49:06]	INFO    | -		Destroying Component Transform
[10:49:06]	INFO    | -		Destroying Component Transform
[10:49:06]	INFO    | -		Destroying Component Transform
[10:49:06]	INFO    | -		Destroying Component Transform
[10:49:06]	INFO    | -		Destroying Component Transform
[10:49:06]	INFO    | -		Destroying Component Transform
[10:49:06]	INFO    | -		Destroying Component Transform
[10:49:06]	INFO    | -		Destroying Component Transform
[10:49:06]	INFO    | -		Destroying Component Transform
[10:49:06]	INFO    | -		Destroying Component Transform
[10:49:06]	INFO    | -		Destroying Component Transform
[10:49:06]	INFO    | -		Destroying Component Transform
[10:49:06]	INFO    | -		Destroying Component Transform
[10:49:06]	INFO    | -		Destroying Component Transform
[10:49:06]	INFO    | -		Destroying Component Transform
[10:49:06]	INFO    | -		Destroying Component Transform
[10:49:06]	INFO    | -		Destroying Component Transform
[10:49:06]	INFO    | -		Destroying Component Transform
[10:49:06]	INFO    | -		Destroying Component Transform
[10:49:07]	INFO    | -		Destroying Component Transform
[10:49:07]	INFO    | -		Destroying Component Transform
[10:49:07]	INFO    | -		Destroying Component Transform
[10:49:07]	INFO    | -		Destroying Component Transform
[10:49:07]	INFO    | -		Destroying Component Transform
[10:49:07]	INFO    | -		Destroying Component Transform
[10:49:07]	INFO    | -		Destroying Component Transform
[10:49:07]	INFO    | -		Destroying Component Transform
[10:49:07]	INFO    | -		Destroying Component Transform
[10:49:07]	INFO    | -		Destroying Component Transform
[10:49:07]	INFO    | -		Destroying Component Transform
[10:49:07]	INFO    | -		Destroying Component Transform
[10:49:07]	INFO    | -		Destroying Component Transform
[10:49:07]	INFO    | -		Destroying Component Transform
[10:49:07]	INFO    | -		Destroying Component Transform
[10:49:07]	INFO    | -		Destroying Component Transform
[10:49:07]	INFO    | -		Destroying Component Transform
[10:49:07]	INFO    | -		Destroying Component Transform
[10:49:07]	INFO    | -		Destroying Component Transform
[10:49:07]	INFO    | -		Destroying Component Transform
[10:49:07]	INFO    | -		Destroying Component Transform
[10:49:07]	INFO    | -		Destroying Component Transform
[10:49:07]	INFO    | -		Destroying Component Transform
[10:49:07]	INFO    | -		Destroying Component Transform
[10:49:07]	INFO    | -		Destroying Component Transform
[10:49:07]	INFO    | -		Destroying Component Transform
[10:49:10]	INFO    | -		Destroying Component Transform
[10:49:10]	INFO    | -		Destroying Component Transform
[10:49:10]	INFO    | -		Destroying Component Transform
[10:49:10]	INFO    | -		Destroying Component Transform
[10:49:10]	INFO    | -		Destroying Component Transform
[10:49:10]	INFO    | -		Destroying Component Transform
[10:49:10]	INFO    | -		Destroying Component Transform
[10:49:10]	INFO    | -		Destroying Component Transform
[10:49:10]	INFO    | -		Destroying Component Transform
[10:49:10]	INFO    | -		Destroying Component Transform
[10:49:10]	INFO    | -		Destroying Component Transform
[10:49:10]	INFO    | -		Destroying Component Transform
[10:49:10]	INFO    | -		Destroying Component Transform
[10:49:10]	INFO    | -		Destroying Component Transform
[10:49:10]	INFO    | -		Destroying Component Transform
[10:49:10]	INFO    | -		Destroying Component Transform
[10:49:10]	INFO    | -		Destroying Component Transform
[10:49:11]	INFO    | -		Destroying Component Transform
[10:49:11]	INFO    | -		Destroying Component Transform
[10:49:11]	INFO    | -		Destroying Component Transform
[10:49:11]	INFO    | -		Destroying Component Transform
[10:49:11]	INFO    | -		Destroying Component Transform
[10:49:11]	INFO    | -		Destroying Component Transform
[10:49:11]	INFO    | -		Destroying Component Transform
[10:49:11]	INFO    | -		Destroying Component Transform
[10:49:11]	INFO    | -		Destroying Component Transform
[10:49:11]	INFO    | -		Destroying Component Transform
[10:49:11]	INFO    | -		Destroying Component Transform
[10:49:11]	INFO    | -		Destroying Component Transform
[10:49:11]	INFO    | -		Destroying Component Transform
[10:49:11]	INFO    | -		Destroying Component Transform
[10:49:11]	INFO    | -		Destroying Component Transform
[10:49:11]	INFO    | -		Destroying Component Transform
[10:49:11]	INFO    | -		Destroying Component Transform
[10:49:11]	INFO    | -		Destroying Component Transform
[10:49:11]	INFO    | -		Destroying Component Transform
[10:49:11]	INFO    | -		Destroying Component Transform
[10:49:11]	INFO    | -		Destroying Component Transform
[10:49:11]	INFO    | -		Destroying Component Transform
[10:49:11]	INFO    | -		Destroying Component Transform
[10:49:11]	INFO    | -		Destroying Component Transform
[10:49:12]	INFO    | -		Destroying Component Transform
[10:49:12]	INFO    | -		Destroying Component Transform
[10:49:12]	INFO    | -		Destroying Component Transform
[10:49:12]	INFO    | -		Destroying Component Transform
[10:49:12]	INFO    | -		Destroying Component Transform
[10:49:12]	INFO    | -		Destroying Component Transform
[10:49:12]	INFO    | -		Destroying Component Transform
[10:49:12]	INFO    | -		Destroying Component Transform
[10:49:12]	INFO    | -		Destroying Component Transform
[10:49:12]	INFO    | -		Destroying Component Transform
[10:49:12]	INFO    | -		Destroying Component Transform
[10:49:12]	INFO    | -		Destroying Component Transform
[10:49:12]	INFO    | -		Destroying Component Transform
[10:49:12]	INFO    | -		Destroying Component Transform
[10:49:12]	INFO    | -		Destroying Component Transform
[10:49:12]	INFO    | -		Destroying Component Transform
[10:49:12]	INFO    | -		Destroying Component Transform
[10:49:12]	INFO    | -		Destroying Component Transform
[10:49:12]	INFO    | -		Destroying Component Transform
[10:49:12]	INFO    | -		Destroying Component Transform
[10:49:13]	INFO    | -		Destroying Component Transform
[10:49:13]	INFO    | -		Destroying Component Transform
[10:49:13]	INFO    | -		Destroying Component Transform
[10:49:13]	INFO    | -		Destroying Component Transform
[10:49:13]	INFO    | -		Destroying Component Transform
[10:49:13]	INFO    | -		Destroying Component Transform
[10:49:13]	INFO    | -		Destroying Component Transform
[10:49:13]	INFO    | -		Destroying Component Transform
[10:49:13]	INFO    | -		Destroying Component Transform
[10:49:26]	INFO    | -		Destroying Component Transform
[10:49:26]	INFO    | -		Destroying Component Transform
[10:49:26]	INFO    | -		Destroying Component Transform
[10:49:26]	INFO    | -		Destroying Component Transform
[10:49:26]	INFO    | -		Destroying Component Transform
[10:49:26]	INFO    | -		Destroying Component Transform
[10:49:26]	INFO    | -		Destroying Component Transform
[10:49:26]	INFO    | -		Destroying Component Transform
[10:49:26]	INFO    | -		Destroying Component Transform
[10:49:26]	INFO    | -		Destroying Component Transform
[10:49:26]	INFO    | -		Destroying Component Transform
[10:49:26]	INFO    | -		Destroying Component Transform
[10:49:26]	INFO    | -		Destroying Component Transform
[10:49:26]	INFO    | -		Destroying Component Transform
[10:49:26]	INFO    | -		Destroying Component Transform
[10:49:26]	INFO    | -		Destroying Component Transform
[10:49:27]	INFO    | -		Destroying Component Transform
[10:49:27]	INFO    | -		Destroying Component Transform
[10:49:27]	INFO    | -		Destroying Component Transform
[10:49:27]	INFO    | -		Destroying Component Transform
[10:49:27]	INFO    | -		Destroying Component Transform
[10:49:27]	INFO    | -		Destroying Component Transform
[10:49:27]	INFO    | -		Destroying Component Transform
[10:49:27]	INFO    | -		Destroying Component Transform
[10:49:27]	INFO    | -		Destroying Component Transform
[10:49:27]	INFO    | -		Destroying Component Transform
[10:49:27]	INFO    | -		Destroying Component Transform
[10:49:27]	INFO    | -		Destroying Component Transform
[10:49:27]	INFO    | -		Destroying Component Transform
[10:49:27]	INFO    | -		Destroying Component Transform
[10:49:27]	INFO    | -		Destroying Component Transform
[10:49:27]	INFO    | -		Destroying Component Transform
[10:49:27]	INFO    | -		Destroying Component Transform
[10:49:27]	INFO    | -		Destroying Component Transform
[10:49:28]	INFO    | -		Destroying Component Transform
[10:49:28]	INFO    | -		Destroying Component Transform
[10:49:28]	INFO    | -		Destroying Component Transform
[10:49:28]	INFO    | -		Destroying Component Transform
[10:49:28]	INFO    | -		Destroying Component Transform
[10:49:28]	INFO    | -		Destroying Component Transform
[10:49:28]	INFO    | -		Destroying Component Transform
[10:49:28]	INFO    | -		Destroying Component Transform
[10:49:28]	INFO    | -		Destroying Component Transform
[10:49:28]	INFO    | -		Destroying Component Transform
[10:49:28]	INFO    | -		Destroying Component Transform
[10:49:28]	INFO    | -		Destroying Component Transform
[10:49:28]	INFO    | -		Destroying Component Transform
[10:49:28]	INFO    | -		Destroying Component Transform
[10:49:28]	INFO    | -		Destroying Component Transform
[10:49:28]	INFO    | -		Destroying Component Transform
[10:49:28]	INFO    | -		Destroying Component Transform
[10:49:28]	INFO    | -		Destroying Component Transform
[10:49:28]	INFO    | -		Destroying Component Transform
[10:49:28]	INFO    | -		Destroying Component Transform
[10:49:28]	INFO    | -		Destroying Component Transform
[10:49:28]	INFO    | -		Destroying Component Transform
[10:49:28]	INFO    | -		Destroying Component Transform
[10:49:28]	INFO    | -		Destroying Component Transform
[10:49:28]	INFO    | -		Destroying Component Transform
[10:49:28]	INFO    | -		Destroying Component Transform
[10:49:28]	INFO    | -		Destroying Component Transform
[10:49:28]	INFO    | -		Destroying Component Transform
[10:49:28]	INFO    | -		Destroying Component Transform
[10:49:29]	INFO    | -		Destroying Component Transform
[10:49:29]	INFO    | -		Destroying Component Transform
[10:49:29]	INFO    | -		Destroying Component Transform
[10:49:29]	INFO    | -		Destroying Component Transform
[10:49:29]	INFO    | -		Destroying Component Transform
[10:49:29]	INFO    | -		Destroying Component Transform
[10:49:29]	INFO    | -		Destroying Component Transform
[10:49:29]	INFO    | -		Destroying Component Transform
[10:49:29]	INFO    | -		Destroying Component Transform
[10:49:29]	INFO    | -		Destroying Component Transform
[10:49:29]	INFO    | -		Destroying Component Transform
[10:49:29]	INFO    | -		Destroying Component Transform
[10:49:29]	INFO    | -		Destroying Component Transform
[10:49:29]	INFO    | -		Destroying Component Transform
[10:49:29]	INFO    | -		Destroying Component Transform
[10:49:29]	INFO    | -		Destroying Component Transform
[10:49:29]	INFO    | -		Destroying Component Transform
[10:49:29]	INFO    | -		Destroying Component Transform
[10:49:29]	INFO    | -		Destroying Component Transform
[10:49:29]	INFO    | -		Destroying Component Transform
[10:49:29]	INFO    | -		Destroying Component Transform
[10:49:29]	INFO    | -		Destroying Component Transform
[10:49:29]	INFO    | -		Destroying Component Transform
[10:49:29]	INFO    | -		Destroying Component Transform
[10:49:29]	INFO    | -		Destroying Component Transform
[10:49:29]	INFO    | -		Destroying Component Transform
[10:49:29]	INFO    | -		Destroying Component Transform
[10:49:30]	INFO    | -		Destroying Component Transform
[10:49:30]	INFO    | -		Destroying Component Transform
[10:49:30]	INFO    | -		Destroying Component Transform
[10:49:30]	INFO    | -		Destroying Component Transform
[10:49:30]	INFO    | -		Destroying Component Transform
[10:49:30]	INFO    | -		Destroying Component Transform
[10:49:30]	INFO    | -		Destroying Component Transform
[10:49:30]	INFO    | -		Destroying Component Transform
[10:49:30]	INFO    | -		Destroying Component Transform
[10:49:30]	INFO    | -		Destroying Component Transform
[10:49:30]	INFO    | -		Destroying Component Transform
[10:49:30]	INFO    | -		Destroying Component Transform
[10:49:30]	INFO    | -		Destroying Component Transform
[10:49:30]	INFO    | -		Destroying Component Transform
[10:49:30]	INFO    | -		Destroying Component Transform
[10:49:30]	INFO    | -		Destroying Component Transform
[10:49:30]	INFO    | -		Destroying Component Transform
[10:49:30]	INFO    | -		Destroying Component Transform
[10:49:30]	INFO    | -		Destroying Component Transform
[10:49:30]	INFO    | -		Destroying Component Transform
[10:49:30]	INFO    | -		Destroying Component Transform
[10:49:30]	INFO    | -		Destroying Component Transform
[10:49:30]	INFO    | -		Destroying Component Transform
[10:49:30]	INFO    | -		Destroying Component Transform
[10:49:30]	INFO    | -		Destroying Component Transform
[10:49:30]	INFO    | -		Destroying Component Transform
[10:49:30]	INFO    | -		Destroying Component Transform
[10:49:30]	INFO    | -		Destroying Component Transform
[10:49:30]	INFO    | -		Destroying Component Transform
[10:49:30]	INFO    | -		Destroying Component Transform
[10:49:30]	INFO    | -		Destroying Component Transform
[10:49:30]	INFO    | -		Destroying Component Transform
[10:49:30]	INFO    | -		Destroying Component Transform
[10:49:31]	INFO    | -		Destroying Component Transform
[10:49:31]	INFO    | -		Destroying Component Transform
[10:49:31]	INFO    | -		Destroying Component Transform
[10:49:31]	INFO    | -		Destroying Component Transform
[10:49:31]	INFO    | -		Destroying Component Transform
[10:49:31]	INFO    | -		Destroying Component Transform
[10:49:31]	INFO    | -		Destroying Component Transform
[10:49:31]	INFO    | -		Destroying Component Transform
[10:49:31]	INFO    | -		Destroying Component Transform
[10:49:31]	INFO    | -		Destroying Component Transform
[10:49:31]	INFO    | -		Destroying Component Transform
[10:49:31]	INFO    | -		Destroying Component Transform
[10:49:31]	INFO    | -		Destroying Component Transform
[10:49:31]	INFO    | -		Destroying Component Transform
[10:49:31]	INFO    | -		Destroying Component Transform
[10:49:31]	INFO    | -		Destroying Component Transform
[10:49:31]	INFO    | -		Destroying Component Transform
[10:49:31]	INFO    | -		Destroying Component Transform
[10:49:31]	INFO    | -		Destroying Component Transform
[10:49:31]	INFO    | -		Destroying Component Transform
[10:49:31]	INFO    | -		Destroying Component Transform
[10:49:31]	INFO    | -		Destroying Component Transform
[10:49:31]	INFO    | -		Destroying Component Transform
[10:49:31]	INFO    | -		Destroying Component Transform
[10:49:31]	INFO    | -		Destroying Component Transform
[10:49:31]	INFO    | -		Destroying Component Transform
[10:49:31]	INFO    | -		Destroying Component Transform
[10:49:31]	INFO    | -		Destroying Component Transform
[10:49:32]	INFO    | -		Destroying Component Transform
[10:49:32]	INFO    | -		Destroying Component Transform
[10:49:32]	INFO    | -		Destroying Component Transform
[10:49:32]	INFO    | -		Destroying Component Transform
[10:49:32]	INFO    | -		Destroying Component Transform
[10:49:32]	INFO    | -		Destroying Component Transform
[10:49:32]	INFO    | -		Destroying Component Transform
[10:49:32]	INFO    | -		Destroying Component Transform
[10:49:32]	INFO    | -		Destroying Component Transform
[10:49:32]	INFO    | -		Destroying Component Transform
[10:49:32]	INFO    | -		Destroying Component Transform
[10:49:32]	INFO    | -		Destroying Component Transform
[10:49:32]	INFO    | -		Destroying Component Transform
[10:49:32]	INFO    | -		Destroying Component Transform
[10:49:32]	INFO    | -		Destroying Component Transform
[10:49:32]	INFO    | -		Destroying Component Transform
[10:49:32]	INFO    | -		Destroying Component Transform
[10:49:32]	INFO    | -		Destroying Component Transform
[10:49:32]	INFO    | -		Destroying Component Transform
[10:49:32]	INFO    | -		Destroying Component Transform
[10:49:32]	INFO    | -		Destroying Component Transform
[10:49:32]	INFO    | -		Destroying Component Transform
[10:49:32]	INFO    | -		Destroying Component Transform
[10:49:32]	INFO    | -		Destroying Component Transform
[10:49:32]	INFO    | -		Destroying Component Transform
[10:49:32]	INFO    | -		Destroying Component Transform
[10:49:32]	INFO    | -		Destroying Component Transform
[10:49:32]	INFO    | -		Destroying Component Transform
[10:49:32]	INFO    | -		Destroying Component Transform
[10:49:33]	INFO    | -		Destroying Component Transform
[10:49:33]	INFO    | -		Destroying Component Transform
[10:49:33]	INFO    | -		Destroying Component Transform
[10:49:33]	INFO    | -		Destroying Component Transform
[10:49:33]	INFO    | -		Destroying Component Transform
[10:49:33]	INFO    | -		Destroying Component Transform
[10:49:33]	INFO    | -		Destroying Component Transform
[10:49:33]	INFO    | -		Destroying Component Transform
[10:49:33]	INFO    | -		Destroying Component Transform
[10:49:33]	INFO    | -		Destroying Component Transform
[10:49:33]	INFO    | -		Destroying Component Transform
[10:49:33]	INFO    | -		Destroying Component Transform
[10:49:33]	INFO    | -		Destroying Component Transform
[10:49:33]	INFO    | -		Destroying Component Transform
[10:49:33]	INFO    | -		Destroying Component Transform
[10:49:33]	INFO    | -		Destroying Component Transform
[10:49:33]	INFO    | -		Destroying Component Transform
[10:49:33]	INFO    | -		Destroying Component Transform
[10:49:33]	INFO    | -		Destroying Component Transform
[10:49:33]	INFO    | -		Destroying Component Transform
[10:49:33]	INFO    | -		Destroying Component Transform
[10:49:33]	INFO    | -		Destroying Component Transform
[10:49:33]	INFO    | -		Destroying Component Transform
[10:49:33]	INFO    | -		Destroying Component Transform
[10:49:33]	INFO    | -		Destroying Component Transform
[10:49:33]	INFO    | -		Destroying Component Transform
[10:49:33]	INFO    | -		Destroying Component Transform
[10:49:33]	INFO    | -		Destroying Component Transform
[10:49:33]	INFO    | -		Destroying Component Transform
[10:49:33]	INFO    | -		Destroying Component Transform
[10:49:34]	INFO    | -		Destroying Component Transform
[10:49:34]	INFO    | -		Destroying Component Transform
[10:49:34]	INFO    | -		Destroying Component Transform
[10:49:34]	INFO    | -		Destroying Component Transform
[10:49:49]	INFO    | - Destroying Graph
[10:49:49]	INFO    | - Unloading scene
[10:49:49]	INFO    | -	 Destroying Object : Button_04
[10:49:49]	INFO    | -		Destroying Component Transform
[10:49:49]	INFO    | -		Destroying Component Box Collider 2D
[10:49:49]	INFO    | -		Destroying Component Button
[10:49:49]	INFO    | -		Destroying Component Sprite
[10:49:49]	        |
[10:49:49]	        |------------------------------------------------------------------------
[10:49:49]	        |
[10:49:49]	INFO    | -	 Destroying Object : Button_03
[10:49:49]	INFO    | -		Destroying Component Transform
[10:49:49]	INFO    | -		Destroying Component Box Collider 2D
[10:49:49]	INFO    | -		Destroying Component Button
[10:49:49]	INFO    | -		Destroying Component Sprite
[10:49:49]	        |
[10:49:49]	        |------------------------------------------------------------------------
[10:49:49]	        |
[10:49:49]	INFO    | -	 Destroying Object : Button_02
[10:49:49]	INFO    | -		Destroying Component Transform
[10:49:49]	INFO    | -		Destroying Component Box Collider 2D
[10:49:49]	INFO    | -		Destroying Component Button
[10:49:49]	INFO    | -		Destroying Component Sprite
[10:49:49]	        |
[10:49:49]	        |------------------------------------------------------------------------
[10:49:49]	        |
[10:49:49]	INFO    | -	 Destroying Object : Button_01
[10:49:49]	INFO    | -		Destroying Component Transform
[10:49:49]	INFO    | -		Destroying Component Box Collider 2D
[10:49:49]	INFO    | -		Destroying Component Button
[10:49:49]	INFO    | -		Destroying Component Sprite
[10:49:49]	        |
[10:49:49]	        |------------------------------------------------------------------------
[10:49:49]	        |
[10:49:49]	INFO    | -	 Destroying Object : BackGroung
[10:49:49]	INFO    | -		Destroying Component Transform
[10:49:49]	INFO    | -		Destroying Component Sprite
[10:49:49]	        |
[10:49:49]	        |------------------------------------------------------------------------
[10:49:49]	        |
[10:49:49]	INFO    | - Unloading scene
[10:49:49]	INFO    | -	 Destroying Object : Enemy2GFX
[10:49:49]	INFO    | -		Destroying Component Transform
[10:49:49]	INFO    | -		Destroying Component R2.002
[10:49:49]	        |
[10:49:49]	        |------------------------------------------------------------------------
[10:49:49]	        |
[10:49:49]	INFO    | -	 Destroying Object : Enemy2
[10:49:49]	INFO    | -		Destroying Component Transform
[10:49:49]	INFO    | -		Destroying Component Box Collider 3D
[10:49:49]	INFO    | -		Destroying Component 
[10:49:49]	INFO    | -		Destroying Component Sphere
[10:49:49]	INFO    | -		Destroying Component Sphere Collider 3D
[10:49:49]	INFO    | -		Destroying Component 
[10:49:49]	INFO    | -		Destroying Component RigidBody 3D
[10:49:49]	INFO    | -		Destroying Component 
[10:49:49]	INFO    | -		Destroying Component Enemy
[10:49:49]	        |
[10:49:49]	        |------------------------------------------------------------------------
[10:49:49]	        |
[10:49:49]	INFO    | -	 Destroying Object : Enemy1GFX
[10:49:49]	INFO    | -		Destroying Component Transform
[10:49:49]	INFO    | -		Destroying Component R2.002
[10:49:49]	        |
[10:49:49]	        |------------------------------------------------------------------------
[10:49:49]	        |
[10:49:49]	INFO    | -	 Destroying Object : Enemy1
[10:49:49]	INFO    | -		Destroying Component Transform
[10:49:49]	INFO    | -		Destroying Component Box Collider 3D
[10:49:49]	INFO    | -		Destroying Component 
[10:49:49]	INFO    | -		Destroying Component Sphere
[10:49:49]	INFO    | -		Destroying Component Sphere Collider 3D
[10:49:49]	INFO    | -		Destroying Component 
[10:49:49]	INFO    | -		Destroying Component RigidBody 3D
[10:49:49]	INFO    | -		Destroying Component 
[10:49:49]	INFO    | -		Destroying Component Enemy
[10:49:49]	        |
[10:49:49]	        |------------------------------------------------------------------------
[10:49:49]	        |
[10:49:49]	INFO    | -	 Destroying Object : Menu
[10:49:49]	INFO    | -		Destroying Component Transform
[10:49:49]	INFO    | -		Destroying Component PauseMenu
[10:49:49]	        |
[10:49:49]	        |------------------------------------------------------------------------
[10:49:49]	        |
[10:49:49]	INFO    | -	 Destroying Object : Button_03
[10:49:49]	INFO    | -		Destroying Component Transform
[10:49:49]	INFO    | -		Destroying Component Box Collider 2D
[10:49:49]	INFO    | -		Destroying Component Button
[10:49:49]	INFO    | -		Destroying Component Sprite
[10:49:49]	        |
[10:49:49]	        |------------------------------------------------------------------------
[10:49:49]	        |
[10:49:49]	INFO    | -	 Destroying Object : Button_02
[10:49:49]	INFO    | -		Destroying Component Transform
[10:49:49]	INFO    | -		Destroying Component Box Collider 2D
[10:49:49]	INFO    | -		Destroying Component Button
[10:49:49]	INFO    | -		Destroying Component Sprite
[10:49:49]	        |
[10:49:49]	        |------------------------------------------------------------------------
[10:49:49]	        |
[10:49:49]	INFO    | -	 Destroying Object : Button_01
[10:49:49]	INFO    | -		Destroying Component Transform
[10:49:49]	INFO    | -		Destroying Component Box Collider 2D
[10:49:49]	INFO    | -		Destroying Component Button
[10:49:49]	INFO    | -		Destroying Component Sprite
[10:49:49]	        |
[10:49:49]	        |------------------------------------------------------------------------
[10:49:49]	        |
[10:49:49]	INFO    | -	 Destroying Object : BackGroungPauseMenu
[10:49:49]	INFO    | -		Destroying Component Transform
[10:49:49]	INFO    | -		Destroying Component Sprite
[10:49:49]	        |
[10:49:49]	        |------------------------------------------------------------------------
[10:49:49]	        |
[10:49:49]	INFO    | -	 Destroying Object : Light_03
[10:49:49]	INFO    | -		Destroying Component Transform
[10:49:49]	INFO    | -		Destroying Component Light
[10:49:49]	        |
[10:49:49]	        |------------------------------------------------------------------------
[10:49:49]	        |
[10:49:49]	INFO    | -	 Destroying Object : Light_02
[10:49:49]	INFO    | -		Destroying Component Transform
[10:49:49]	INFO    | -		Destroying Component Light
[10:49:49]	        |
[10:49:49]	        |------------------------------------------------------------------------
[10:49:49]	        |
[10:49:49]	INFO    | -	 Destroying Object : Light_01
[10:49:49]	INFO    | -		Destroying Component Transform
[10:49:49]	INFO    | -		Destroying Component Light
[10:49:49]	        |
[10:49:49]	        |------------------------------------------------------------------------
[10:49:49]	        |
[10:49:49]	INFO    | -	 Destroying Object : Main_Camera
[10:49:49]	INFO    | -		Destroying Component Transform
[10:49:49]	INFO    | -		Destroying Component Camera
[10:49:49]	        |
[10:49:49]	        |------------------------------------------------------------------------
[10:49:49]	        |
[10:49:49]	INFO    | -	 Destroying Object : PlayerGFX
[10:49:49]	INFO    | -		Destroying Component Transform
[10:49:49]	INFO    | -		Destroying Component Sphere
[10:49:49]	        |
[10:49:49]	        |------------------------------------------------------------------------
[10:49:49]	        |
[10:49:49]	INFO    | -	 Destroying Object : Player
[10:49:49]	INFO    | -		Destroying Component Transform
[10:49:49]	INFO    | -		Destroying Component Weapon
[10:49:49]	INFO    | -		Destroying Component Transform
[10:49:49]	INFO    | -		Destroying Component Particle System
[10:49:49]	INFO    | -		Destroying Component Sphere Collider 3D
[10:49:49]	INFO    | -		Destroying Component 
[10:49:49]	INFO    | -		Destroying Component RigidBody 3D
[10:49:49]	INFO    | -		Destroying Component 
[10:49:49]	INFO    | -		Destroying Component Player
[10:49:49]	        |
[10:49:49]	        |------------------------------------------------------------------------
[10:49:49]	        |
[10:49:49]	INFO    | -	 Destroying Object : Wall_SciFi_032
[10:49:49]	INFO    | -		Destroying Component Transform
[10:49:49]	INFO    | -		Destroying Component Box Collider 3D
[10:49:49]	INFO    | -		Destroying Component 
[10:49:49]	INFO    | -		Destroying Component SciFi_03
[10:49:49]	        |
[10:49:49]	        |------------------------------------------------------------------------
[10:49:49]	        |
[10:49:49]	INFO    | -	 Destroying Object : Wall_SciFi_031
[10:49:49]	INFO    | -		Destroying Component Transform
[10:49:49]	INFO    | -		Destroying Component Box Collider 3D
[10:49:49]	INFO    | -		Destroying Component 
[10:49:49]	INFO    | -		Destroying Component SciFi_03
[10:49:49]	        |
[10:49:49]	        |------------------------------------------------------------------------
[10:49:49]	        |
[10:49:49]	INFO    | -	 Destroying Object : Wall_SciFi_03
[10:49:49]	INFO    | -		Destroying Component Transform
[10:49:49]	INFO    | -		Destroying Component Box Collider 3D
[10:49:49]	INFO    | -		Destroying Component 
[10:49:49]	INFO    | -		Destroying Component SciFi_03
[10:49:49]	        |
[10:49:49]	        |------------------------------------------------------------------------
[10:49:49]	        |
[10:49:49]	INFO    | -	 Destroying Object : Wall_SciFi_022
[10:49:49]	INFO    | -		Destroying Component Transform
[10:49:49]	INFO    | -		Destroying Component Box Collider 3D
[10:49:49]	INFO    | -		Destroying Component 
[10:49:49]	INFO    | -		Destroying Component SciFi_02
[10:49:49]	        |
[10:49:49]	        |------------------------------------------------------------------------
[10:49:49]	        |
[10:49:49]	INFO    | -	 Destroying Object : Wall_SciFi_021
[10:49:49]	INFO    | -		Destroying Component Transform
[10:49:49]	INFO    | -		Destroying Component Box Collider 3D
[10:49:49]	INFO    | -		Destroying Component 
[10:49:49]	INFO    | -		Destroying Component SciFi_02
[10:49:49]	        |
[10:49:49]	        |------------------------------------------------------------------------
[10:49:49]	        |
[10:49:49]	INFO    | -	 Destroying Object : Wall_SciFi_02
[10:49:49]	INFO    | -		Destroying Component Transform
[10:49:49]	INFO    | -		Destroying Component Box Collider 3D
[10:49:49]	INFO    | -		Destroying Component 
[10:49:49]	INFO    | -		Destroying Component SciFi_02
[10:49:49]	        |
[10:49:49]	        |------------------------------------------------------------------------
[10:49:49]	        |
[10:49:49]	INFO    | -	 Destroying Object : Wall_SciFi_012
[10:49:49]	INFO    | -		Destroying Component Transform
[10:49:49]	INFO    | -		Destroying Component Box Collider 3D
[10:49:49]	INFO    | -		Destroying Component 
[10:49:49]	INFO    | -		Destroying Component SciFi_01
[10:49:49]	        |
[10:49:49]	        |------------------------------------------------------------------------
[10:49:49]	        |
[10:49:49]	INFO    | -	 Destroying Object : Wall_SciFi_011
[10:49:49]	INFO    | -		Destroying Component Transform
[10:49:49]	INFO    | -		Destroying Component Box Collider 3D
[10:49:49]	INFO    | -		Destroying Component 
[10:49:49]	INFO    | -		Destroying Component SciFi_01
[10:49:49]	        |
[10:49:49]	        |------------------------------------------------------------------------
[10:49:49]	        |
[10:49:49]	INFO    | -	 Destroying Object : Wall_SciFi_01
[10:49:49]	INFO    | -		Destroying Component Transform
[10:49:49]	INFO    | -		Destroying Component Box Collider 3D
[10:49:49]	INFO    | -		Destroying Component 
[10:49:49]	INFO    | -		Destroying Component SciFi_01
[10:49:49]	        |
[10:49:49]	        |------------------------------------------------------------------------
[10:49:49]	        |
[10:49:49]	INFO    | Closing program...
