[10:07:51]	INFO    | Creating GLFW Window
[10:07:54]	SUCCESS | Loaded texture "Assets/none.png"
[10:07:54]	INFO    | + Loading Shaders "Resource/Shader/PostProcess.shad"
[10:07:54]	SUCCESS | Vertex Shader ->	Successfully compiled
[10:07:54]	SUCCESS | Fragment Shader ->	Successfully compiled
[10:07:54]	SUCCESS | Shader program ->	Successfully linked
[10:07:54]	INFO    | + Loading Shaders "Resource/Shader/GaussianBlur.shad"
[10:07:54]	SUCCESS | Vertex Shader ->	Successfully compiled
[10:07:54]	SUCCESS | Fragment Shader ->	Successfully compiled
[10:07:54]	SUCCESS | Shader program ->	Successfully linked
[10:07:54]	ERROR   | Failed to open file "Assets/defaultCubeMap.cubemap"
[10:07:54]	INFO    | + Loading Shaders "Resource/Shader/CubeMap.shad"
[10:07:54]	SUCCESS | Vertex Shader ->	Successfully compiled
[10:07:54]	SUCCESS | Fragment Shader ->	Successfully compiled
[10:07:54]	SUCCESS | Shader program ->	Successfully linked
[10:07:54]	INFO    | + Loading Game Object "BackGroung"
[10:07:54]	INFO    | +	 Adding transform data to new gameObject
[10:07:54]	INFO    | + Loading Shaders "Resource/Shader/Sprite.shad"
[10:07:54]	SUCCESS | Vertex Shader ->	Successfully compiled
[10:07:54]	SUCCESS | Fragment Shader ->	Successfully compiled
[10:07:54]	SUCCESS | Shader program ->	Successfully linked
[10:07:54]	INFO    | +	 Adding Sprite to new gameObject
[10:07:54]	SUCCESS | Loaded texture "Assets/BlankSprite.png"
[10:07:54]	        |
[10:07:54]	        |------------------------------------------------------------------------
[10:07:54]	        |
[10:07:54]	INFO    | + Loading Game Object "Button_01"
[10:07:54]	INFO    | +	 Adding transform data to new gameObject
[10:07:54]	INFO    | +	 Adding Sprite to new gameObject
[10:07:54]	SUCCESS | Loaded texture "Assets/ButtonPlay.png"
[10:07:54]	INFO    | +	 Adding button script to new gameObject
[10:07:54]	INFO    | +	 Adding box collider 2D to new gameObject
[10:07:54]	        |
[10:07:54]	        |------------------------------------------------------------------------
[10:07:54]	        |
[10:07:54]	INFO    | + Loading Game Object "Button_02"
[10:07:54]	INFO    | +	 Adding transform data to new gameObject
[10:07:54]	INFO    | +	 Adding Sprite to new gameObject
[10:07:54]	SUCCESS | Loaded texture "Assets/ButtonEdit.png"
[10:07:54]	INFO    | +	 Adding button script to new gameObject
[10:07:54]	INFO    | +	 Adding box collider 2D to new gameObject
[10:07:54]	        |
[10:07:54]	        |------------------------------------------------------------------------
[10:07:54]	        |
[10:07:54]	INFO    | + Loading Game Object "Button_03"
[10:07:54]	INFO    | +	 Adding transform data to new gameObject
[10:07:54]	INFO    | +	 Adding Sprite to new gameObject
[10:07:54]	SUCCESS | Loaded texture "Assets/ButtonLoad.png"
[10:07:54]	INFO    | +	 Adding button script to new gameObject
[10:07:54]	INFO    | +	 Adding box collider 2D to new gameObject
[10:07:54]	        |
[10:07:54]	        |------------------------------------------------------------------------
[10:07:54]	        |
[10:07:54]	INFO    | + Loading Game Object "Button_04"
[10:07:54]	INFO    | +	 Adding transform data to new gameObject
[10:07:54]	INFO    | +	 Adding Sprite to new gameObject
[10:07:54]	SUCCESS | Loaded texture "Assets/ButtonQuit.png"
[10:07:54]	INFO    | +	 Adding button script to new gameObject
[10:07:54]	INFO    | +	 Adding box collider 2D to new gameObject
[10:07:54]	        |
[10:07:54]	        |------------------------------------------------------------------------
[10:07:54]	        |
[10:07:54]	        |
[10:07:54]	        |------------------------------------------------------------------------
[10:07:54]	        |
[10:07:54]	SUCCESS | Successfully loaded a new scene
[10:07:54]	        |
[10:07:54]	        |------------------------------------------------------------------------
[10:07:54]	        |
[10:07:58]	INFO    | + Loading Game Object "Wall_SciFi_01"
[10:07:58]	INFO    | +	 Adding transform data to new gameObject
[10:07:58]	INFO    | + Loading Shaders "Resource/Shader/Default.shad"
[10:07:58]	SUCCESS | Vertex Shader ->	Successfully compiled
[10:07:58]	SUCCESS | Fragment Shader ->	Successfully compiled
[10:07:58]	SUCCESS | Shader program ->	Successfully linked
[10:07:58]	INFO    | +	 Adding Model to new gameObject
[10:07:58]	INFO    | +		 Loading new OBJ file
[10:07:58]	        |
[10:07:58]	        |------------------------------------------------------------------------
[10:07:58]	        |
[10:07:58]	SUCCESS | Loaded file "Assets/scifi_01.obj"
[10:07:58]	SUCCESS | Loaded file "Assets/scifi_01.mtl"
[10:08:05]	SUCCESS | Loaded texture "Assets/Textures/TexturesCom_Scifi_Panel_4K_albedo.png"
[10:08:11]	SUCCESS | Loaded texture "Assets/Textures/TexturesCom_Scifi_Panel_4K_normal.png"
[10:08:11]	SUCCESS | Loaded file "Assets/scifi_01.mtl"
[10:08:11]	INFO    | +	 Adding box collider 3D to new gameObject
[10:08:11]	        |
[10:08:11]	        |------------------------------------------------------------------------
[10:08:11]	        |
[10:08:11]	INFO    | + Loading Game Object "Wall_SciFi_011"
[10:08:11]	INFO    | +	 Adding transform data to new gameObject
[10:08:11]	INFO    | +	 Adding Model to new gameObject
[10:08:11]	        |
[10:08:11]	        |------------------------------------------------------------------------
[10:08:11]	        |
[10:08:11]	INFO    | +	 Adding box collider 3D to new gameObject
[10:08:11]	        |
[10:08:11]	        |------------------------------------------------------------------------
[10:08:11]	        |
[10:08:11]	INFO    | + Loading Game Object "Wall_SciFi_012"
[10:08:11]	INFO    | +	 Adding transform data to new gameObject
[10:08:11]	INFO    | +	 Adding Model to new gameObject
[10:08:11]	        |
[10:08:11]	        |------------------------------------------------------------------------
[10:08:11]	        |
[10:08:11]	INFO    | +	 Adding box collider 3D to new gameObject
[10:08:11]	        |
[10:08:11]	        |------------------------------------------------------------------------
[10:08:11]	        |
[10:08:11]	INFO    | + Loading Game Object "Wall_SciFi_02"
[10:08:11]	INFO    | +	 Adding transform data to new gameObject
[10:08:11]	INFO    | +	 Adding Model to new gameObject
[10:08:11]	INFO    | +		 Loading new OBJ file
[10:08:11]	        |
[10:08:11]	        |------------------------------------------------------------------------
[10:08:11]	        |
[10:08:11]	SUCCESS | Loaded file "Assets/scifi_02.obj"
[10:08:11]	SUCCESS | Loaded file "Assets/scifi_02.mtl"
[10:08:12]	SUCCESS | Loaded texture "Assets/Textures/TexturesCom_Fabric_1K_albedo.png"
[10:08:13]	SUCCESS | Loaded texture "Assets/Textures/TexturesCom_Fabric_1K_normal.png"
[10:08:13]	SUCCESS | Loaded file "Assets/scifi_02.mtl"
[10:08:13]	INFO    | +	 Adding box collider 3D to new gameObject
[10:08:13]	        |
[10:08:13]	        |------------------------------------------------------------------------
[10:08:13]	        |
[10:08:13]	INFO    | + Loading Game Object "Wall_SciFi_021"
[10:08:13]	INFO    | +	 Adding transform data to new gameObject
[10:08:13]	INFO    | +	 Adding Model to new gameObject
[10:08:13]	        |
[10:08:13]	        |------------------------------------------------------------------------
[10:08:13]	        |
[10:08:13]	INFO    | +	 Adding box collider 3D to new gameObject
[10:08:13]	        |
[10:08:13]	        |------------------------------------------------------------------------
[10:08:13]	        |
[10:08:13]	INFO    | + Loading Game Object "Wall_SciFi_022"
[10:08:13]	INFO    | +	 Adding transform data to new gameObject
[10:08:13]	INFO    | +	 Adding Model to new gameObject
[10:08:13]	        |
[10:08:13]	        |------------------------------------------------------------------------
[10:08:13]	        |
[10:08:13]	INFO    | +	 Adding box collider 3D to new gameObject
[10:08:13]	        |
[10:08:13]	        |------------------------------------------------------------------------
[10:08:13]	        |
[10:08:13]	INFO    | + Loading Game Object "Wall_SciFi_03"
[10:08:13]	INFO    | +	 Adding transform data to new gameObject
[10:08:13]	INFO    | +	 Adding Model to new gameObject
[10:08:13]	INFO    | +		 Loading new OBJ file
[10:08:13]	        |
[10:08:13]	        |------------------------------------------------------------------------
[10:08:13]	        |
[10:08:13]	SUCCESS | Loaded file "Assets/scifi_03.obj"
[10:08:13]	SUCCESS | Loaded file "Assets/scifi_03.mtl"
[10:08:13]	SUCCESS | Loaded texture "Assets/Textures/TexturesCom_Scifi_Floor2_1K_albedo.png"
[10:08:13]	SUCCESS | Loaded file "Assets/scifi_03.mtl"
[10:08:13]	INFO    | +	 Adding box collider 3D to new gameObject
[10:08:13]	        |
[10:08:13]	        |------------------------------------------------------------------------
[10:08:13]	        |
[10:08:13]	INFO    | + Loading Game Object "Wall_SciFi_031"
[10:08:13]	INFO    | +	 Adding transform data to new gameObject
[10:08:13]	INFO    | +	 Adding Model to new gameObject
[10:08:13]	        |
[10:08:13]	        |------------------------------------------------------------------------
[10:08:13]	        |
[10:08:13]	INFO    | +	 Adding box collider 3D to new gameObject
[10:08:13]	        |
[10:08:13]	        |------------------------------------------------------------------------
[10:08:13]	        |
[10:08:13]	INFO    | + Loading Game Object "Wall_SciFi_032"
[10:08:13]	INFO    | +	 Adding transform data to new gameObject
[10:08:13]	INFO    | +	 Adding Model to new gameObject
[10:08:13]	        |
[10:08:13]	        |------------------------------------------------------------------------
[10:08:13]	        |
[10:08:13]	INFO    | +	 Adding box collider 3D to new gameObject
[10:08:13]	        |
[10:08:13]	        |------------------------------------------------------------------------
[10:08:13]	        |
[10:08:13]	INFO    | + Loading Game Object "Player"
[10:08:13]	INFO    | +	 Adding transform data to new gameObject
[10:08:13]	INFO    | +	 Adding player script to new gameObject
[10:08:13]	INFO    | +	 Adding light to new gameObject
[10:08:13]	INFO    | +	 Adding sphere collider 3D to new gameObject
[10:08:13]	INFO    | + Loading Shaders "Resource/Shader/Particle.shad"
[10:08:13]	SUCCESS | Vertex Shader ->	Successfully compiled
[10:08:13]	SUCCESS | Fragment Shader ->	Successfully compiled
[10:08:13]	SUCCESS | Shader program ->	Successfully linked
[10:08:13]	INFO    | +	 Adding Particle System to a new gameObject
[10:08:13]	INFO    | +	 Adding weapon script to new gameObject
[10:08:13]	        |
[10:08:13]	        |------------------------------------------------------------------------
[10:08:13]	        |
[10:08:13]	INFO    | + Loading Game Object "PlayerGFX"
[10:08:13]	INFO    | +	 Adding transform data to new gameObject
[10:08:13]	INFO    | +	 Adding Model to new gameObject
[10:08:13]	INFO    | +		 Loading new OBJ file
[10:08:13]	        |
[10:08:13]	        |------------------------------------------------------------------------
[10:08:13]	        |
[10:08:13]	SUCCESS | Loaded file "Assets/Shapes/sphere.obj"
[10:08:13]	SUCCESS | Loaded file "Assets/Shapes/sphere.mtl"
[10:08:13]	SUCCESS | Loaded file "Assets/Shapes/sphere.mtl"
[10:08:13]	        |
[10:08:13]	        |------------------------------------------------------------------------
[10:08:13]	        |
[10:08:13]	INFO    | + Loading Game Object "Main_Camera"
[10:08:13]	INFO    | +	 Adding transform data to new gameObject
[10:08:13]	INFO    | +	 Adding camera to new gameObject
[10:08:13]	        |
[10:08:13]	        |------------------------------------------------------------------------
[10:08:13]	        |
[10:08:13]	INFO    | + Loading Game Object "Light_01"
[10:08:13]	INFO    | +	 Adding transform data to new gameObject
[10:08:13]	INFO    | +	 Adding light to new gameObject
[10:08:13]	        |
[10:08:13]	        |------------------------------------------------------------------------
[10:08:13]	        |
[10:08:13]	INFO    | + Loading Game Object "Light_02"
[10:08:13]	INFO    | +	 Adding transform data to new gameObject
[10:08:13]	INFO    | +	 Adding light to new gameObject
[10:08:13]	        |
[10:08:13]	        |------------------------------------------------------------------------
[10:08:13]	        |
[10:08:13]	INFO    | + Loading Game Object "Light_03"
[10:08:13]	INFO    | +	 Adding transform data to new gameObject
[10:08:13]	INFO    | +	 Adding light to new gameObject
[10:08:13]	        |
[10:08:13]	        |------------------------------------------------------------------------
[10:08:13]	        |
[10:08:13]	INFO    | + Loading Game Object "BackGroungPauseMenu"
[10:08:13]	INFO    | +	 Adding transform data to new gameObject
[10:08:13]	INFO    | +	 Adding Sprite to new gameObject
[10:08:13]	        |
[10:08:13]	        |------------------------------------------------------------------------
[10:08:13]	        |
[10:08:13]	INFO    | + Loading Game Object "Button_01"
[10:08:13]	INFO    | +	 Adding transform data to new gameObject
[10:08:13]	INFO    | +	 Adding Sprite to new gameObject
[10:08:13]	SUCCESS | Loaded texture "Assets/ButtonResume.png"
[10:08:13]	INFO    | +	 Adding button script to new gameObject
[10:08:13]	INFO    | +	 Adding box collider 2D to new gameObject
[10:08:13]	        |
[10:08:13]	        |------------------------------------------------------------------------
[10:08:13]	        |
[10:08:13]	INFO    | + Loading Game Object "Button_02"
[10:08:13]	INFO    | +	 Adding transform data to new gameObject
[10:08:13]	INFO    | +	 Adding Sprite to new gameObject
[10:08:14]	SUCCESS | Loaded texture "Assets/ButtonSave.png"
[10:08:14]	INFO    | +	 Adding button script to new gameObject
[10:08:14]	INFO    | +	 Adding box collider 2D to new gameObject
[10:08:14]	        |
[10:08:14]	        |------------------------------------------------------------------------
[10:08:14]	        |
[10:08:14]	INFO    | + Loading Game Object "Button_03"
[10:08:14]	INFO    | +	 Adding transform data to new gameObject
[10:08:14]	INFO    | +	 Adding Sprite to new gameObject
[10:08:14]	SUCCESS | Loaded texture "Assets/ButtonBack.png"
[10:08:14]	INFO    | +	 Adding button script to new gameObject
[10:08:14]	INFO    | +	 Adding box collider 2D to new gameObject
[10:08:14]	        |
[10:08:14]	        |------------------------------------------------------------------------
[10:08:14]	        |
[10:08:14]	INFO    | + Loading Game Object "Menu"
[10:08:14]	INFO    | +	 Adding transform data to new gameObject
[10:08:14]	        |
[10:08:14]	        |------------------------------------------------------------------------
[10:08:14]	        |
[10:08:14]	INFO    | + Loading Game Object "Enemy1"
[10:08:14]	INFO    | +	 Adding transform data to new gameObject
[10:08:14]	INFO    | +	 Adding player script to new gameObject
[10:08:14]	INFO    | +	 Adding light to new gameObject
[10:08:14]	INFO    | +	 Adding sphere collider 3D to new gameObject
[10:08:14]	INFO    | +	 Adding Model to new gameObject
[10:08:14]	        |
[10:08:14]	        |------------------------------------------------------------------------
[10:08:14]	        |
[10:08:14]	INFO    | +	 Adding box collider 3D to new gameObject
[10:08:14]	        |
[10:08:14]	        |------------------------------------------------------------------------
[10:08:14]	        |
[10:08:14]	INFO    | + Loading Game Object "Enemy1GFX"
[10:08:14]	INFO    | +	 Adding transform data to new gameObject
[10:08:14]	INFO    | +	 Adding Model to new gameObject
[10:08:14]	INFO    | +		 Loading new OBJ file
[10:08:14]	        |
[10:08:14]	        |------------------------------------------------------------------------
[10:08:14]	        |
[10:08:14]	SUCCESS | Loaded file "Assets/R2/R2.obj"
[10:08:14]	SUCCESS | Loaded file "Assets/R2/R2.mtl"
[10:08:35]	SUCCESS | Loaded texture "Assets/R2/R2Tex.jpg"
[10:08:48]	SUCCESS | Loaded file "Assets/R2/R2.mtl"
[10:08:48]	        |
[10:08:48]	        |------------------------------------------------------------------------
[10:08:48]	        |
[10:08:48]	INFO    | +	 Transform parent found
[10:08:48]	INFO    | +	 Transform parent found
[10:08:48]	INFO    | +	 Transform parent found
[10:08:48]	INFO    | +	 Transform parent found
[10:08:48]	INFO    | +	 Transform parent found
[10:08:48]	INFO    | +	 Transform parent found
[10:08:48]	INFO    | +	 Transform parent found
[10:08:48]	        |
[10:08:48]	        |------------------------------------------------------------------------
[10:08:48]	        |
[10:08:48]	SUCCESS | Successfully loaded a new scene
[10:08:48]	        |
[10:08:48]	        |------------------------------------------------------------------------
[10:08:48]	        |
[10:08:48]	INFO    | Found player
[10:10:04]	INFO    | -		Destroying Component Transform
[10:10:04]	INFO    | -		Destroying Component Transform
[10:10:04]	INFO    | -		Destroying Component Transform
[10:10:04]	INFO    | -		Destroying Component Transform
[10:10:04]	INFO    | -		Destroying Component Transform
[10:10:04]	INFO    | -		Destroying Component Transform
[10:10:04]	INFO    | -		Destroying Component Transform
[10:10:04]	INFO    | -		Destroying Component Transform
[10:10:04]	INFO    | -		Destroying Component Transform
[10:10:04]	INFO    | -		Destroying Component Transform
[10:10:04]	INFO    | -		Destroying Component Transform
[10:10:04]	INFO    | -		Destroying Component Transform
[10:10:04]	INFO    | -		Destroying Component Transform
[10:10:04]	INFO    | -		Destroying Component Transform
[10:10:04]	INFO    | -		Destroying Component Transform
[10:10:04]	INFO    | -		Destroying Component Transform
[10:10:04]	INFO    | -		Destroying Component Transform
[10:10:04]	INFO    | -		Destroying Component Transform
[10:10:05]	INFO    | -		Destroying Component Transform
[10:10:05]	INFO    | -		Destroying Component Transform
[10:10:05]	INFO    | -		Destroying Component Transform
[10:10:05]	INFO    | -		Destroying Component Transform
[10:10:05]	INFO    | -		Destroying Component Transform
[10:10:05]	INFO    | -		Destroying Component Transform
[10:10:05]	INFO    | -		Destroying Component Transform
[10:10:05]	INFO    | -		Destroying Component Transform
[10:10:05]	INFO    | -		Destroying Component Transform
[10:10:05]	INFO    | -		Destroying Component Transform
[10:10:05]	INFO    | -		Destroying Component Transform
[10:10:05]	INFO    | -		Destroying Component Transform
[10:10:05]	INFO    | -		Destroying Component Transform
[10:10:05]	INFO    | -		Destroying Component Transform
[10:10:05]	INFO    | -		Destroying Component Transform
[10:10:05]	INFO    | -		Destroying Component Transform
[10:10:05]	INFO    | -		Destroying Component Transform
[10:10:05]	INFO    | -		Destroying Component Transform
[10:10:05]	INFO    | -		Destroying Component Transform
[10:10:05]	INFO    | -		Destroying Component Transform
[10:10:05]	INFO    | -		Destroying Component Transform
[10:10:05]	INFO    | -		Destroying Component Transform
[10:10:05]	INFO    | -		Destroying Component Transform
[10:10:05]	INFO    | -		Destroying Component Transform
[10:10:05]	INFO    | -		Destroying Component Transform
[10:10:05]	INFO    | -		Destroying Component Transform
[10:10:05]	INFO    | -		Destroying Component Transform
[10:10:05]	INFO    | -		Destroying Component Transform
[10:10:05]	INFO    | -		Destroying Component Transform
[10:10:05]	INFO    | -		Destroying Component Transform
[10:10:05]	INFO    | -		Destroying Component Transform
[10:10:05]	INFO    | -		Destroying Component Transform
[10:10:05]	INFO    | -		Destroying Component Transform
[10:10:05]	INFO    | -		Destroying Component Transform
[10:10:06]	INFO    | -		Destroying Component Transform
[10:10:06]	INFO    | -		Destroying Component Transform
[10:10:06]	INFO    | -		Destroying Component Transform
[10:10:06]	INFO    | -		Destroying Component Transform
[10:10:06]	INFO    | -		Destroying Component Transform
[10:10:06]	INFO    | -		Destroying Component Transform
[10:10:06]	INFO    | -		Destroying Component Transform
[10:10:06]	INFO    | -		Destroying Component Transform
[10:10:06]	INFO    | -		Destroying Component Transform
[10:10:06]	INFO    | -		Destroying Component Transform
[10:10:06]	INFO    | -		Destroying Component Transform
[10:10:06]	INFO    | -		Destroying Component Transform
[10:10:06]	INFO    | -		Destroying Component Transform
[10:10:06]	INFO    | -		Destroying Component Transform
[10:10:06]	INFO    | -		Destroying Component Transform
[10:10:06]	INFO    | -		Destroying Component Transform
[10:10:06]	INFO    | -		Destroying Component Transform
[10:10:06]	INFO    | -		Destroying Component Transform
[10:10:06]	INFO    | -		Destroying Component Transform
[10:10:06]	INFO    | -		Destroying Component Transform
[10:10:06]	INFO    | -		Destroying Component Transform
[10:10:06]	INFO    | -		Destroying Component Transform
[10:10:06]	INFO    | -		Destroying Component Transform
[10:10:06]	INFO    | -		Destroying Component Transform
[10:10:06]	INFO    | -		Destroying Component Transform
[10:10:06]	INFO    | -		Destroying Component Transform
[10:10:06]	INFO    | -		Destroying Component Transform
[10:10:06]	INFO    | -		Destroying Component Transform
[10:10:06]	INFO    | -		Destroying Component Transform
[10:10:06]	INFO    | -		Destroying Component Transform
[10:10:07]	INFO    | -		Destroying Component Transform
[10:10:07]	INFO    | -		Destroying Component Transform
[10:10:07]	INFO    | -		Destroying Component Transform
[10:10:07]	INFO    | -		Destroying Component Transform
[10:10:07]	INFO    | -		Destroying Component Transform
[10:10:07]	INFO    | -		Destroying Component Transform
[10:10:07]	INFO    | -		Destroying Component Transform
[10:10:07]	INFO    | -		Destroying Component Transform
[10:10:07]	INFO    | -		Destroying Component Transform
[10:10:07]	INFO    | -		Destroying Component Transform
[10:10:07]	INFO    | -		Destroying Component Transform
[10:10:07]	INFO    | -		Destroying Component Transform
[10:10:07]	INFO    | -		Destroying Component Transform
[10:10:07]	INFO    | -		Destroying Component Transform
[10:10:07]	INFO    | -		Destroying Component Transform
[10:10:07]	INFO    | -		Destroying Component Transform
[10:10:07]	INFO    | -		Destroying Component Transform
[10:10:07]	INFO    | -		Destroying Component Transform
[10:10:07]	INFO    | -		Destroying Component Transform
[10:10:07]	INFO    | -		Destroying Component Transform
[10:10:07]	INFO    | -		Destroying Component Transform
[10:10:07]	INFO    | -		Destroying Component Transform
[10:10:07]	INFO    | -		Destroying Component Transform
[10:10:07]	INFO    | -		Destroying Component Transform
[10:10:07]	INFO    | -		Destroying Component Transform
[10:10:07]	INFO    | -		Destroying Component Transform
[10:10:07]	INFO    | -		Destroying Component Transform
[10:10:07]	INFO    | -		Destroying Component Transform
[10:10:07]	INFO    | -		Destroying Component Transform
[10:10:08]	INFO    | -		Destroying Component Transform
[10:10:08]	INFO    | -		Destroying Component Transform
[10:10:08]	INFO    | -		Destroying Component Transform
[10:10:08]	INFO    | -		Destroying Component Transform
[10:10:08]	INFO    | -		Destroying Component Transform
[10:10:08]	INFO    | -		Destroying Component Transform
[10:10:08]	INFO    | -		Destroying Component Transform
[10:10:08]	INFO    | -		Destroying Component Transform
[10:10:08]	INFO    | -		Destroying Component Transform
[10:10:08]	INFO    | -		Destroying Component Transform
[10:10:08]	INFO    | -		Destroying Component Transform
[10:10:08]	INFO    | -		Destroying Component Transform
[10:10:08]	INFO    | -		Destroying Component Transform
[10:10:08]	INFO    | -		Destroying Component Transform
[10:10:08]	INFO    | -		Destroying Component Transform
[10:10:08]	INFO    | -		Destroying Component Transform
[10:10:08]	INFO    | -		Destroying Component Transform
[10:10:08]	INFO    | -		Destroying Component Transform
[10:10:08]	INFO    | -		Destroying Component Transform
[10:10:08]	INFO    | -		Destroying Component Transform
[10:10:08]	INFO    | -		Destroying Component Transform
[10:10:08]	INFO    | -		Destroying Component Transform
[10:10:08]	INFO    | -		Destroying Component Transform
[10:10:08]	INFO    | -		Destroying Component Transform
[10:10:08]	INFO    | -		Destroying Component Transform
[10:10:08]	INFO    | -		Destroying Component Transform
[10:10:08]	INFO    | -		Destroying Component Transform
[10:10:08]	INFO    | -		Destroying Component Transform
[10:10:09]	INFO    | -		Destroying Component Transform
[10:10:09]	INFO    | -		Destroying Component Transform
[10:10:09]	INFO    | -		Destroying Component Transform
[10:10:09]	INFO    | -		Destroying Component Transform
[10:10:09]	INFO    | -		Destroying Component Transform
[10:10:09]	INFO    | -		Destroying Component Transform
[10:10:09]	INFO    | -		Destroying Component Transform
[10:10:09]	INFO    | -		Destroying Component Transform
[10:10:09]	INFO    | -		Destroying Component Transform
[10:10:09]	INFO    | -		Destroying Component Transform
[10:10:09]	INFO    | -		Destroying Component Transform
[10:10:09]	INFO    | -		Destroying Component Transform
[10:10:09]	INFO    | -		Destroying Component Transform
[10:10:09]	INFO    | -		Destroying Component Transform
[10:10:09]	INFO    | -		Destroying Component Transform
[10:10:09]	INFO    | -		Destroying Component Transform
[10:10:09]	INFO    | -		Destroying Component Transform
[10:10:09]	INFO    | -		Destroying Component Transform
[10:10:09]	INFO    | -		Destroying Component Transform
[10:10:09]	INFO    | -		Destroying Component Transform
[10:10:09]	INFO    | -		Destroying Component Transform
[10:10:09]	INFO    | -		Destroying Component Transform
[10:10:09]	INFO    | -		Destroying Component Transform
[10:10:09]	INFO    | -		Destroying Component Transform
[10:10:09]	INFO    | -		Destroying Component Transform
[10:10:09]	INFO    | -		Destroying Component Transform
[10:10:09]	INFO    | -		Destroying Component Transform
[10:10:09]	INFO    | -		Destroying Component Transform
[10:10:09]	INFO    | -		Destroying Component Transform
[10:10:09]	INFO    | -		Destroying Component Transform
[10:10:09]	INFO    | -		Destroying Component Transform
[10:10:09]	INFO    | -		Destroying Component Transform
[10:10:10]	INFO    | -		Destroying Component Transform
[10:10:10]	INFO    | -		Destroying Component Transform
[10:10:10]	INFO    | -		Destroying Component Transform
[10:10:10]	INFO    | -		Destroying Component Transform
[10:10:10]	INFO    | -		Destroying Component Transform
[10:10:10]	INFO    | -		Destroying Component Transform
[10:10:10]	INFO    | -		Destroying Component Transform
[10:10:10]	INFO    | -		Destroying Component Transform
[10:10:10]	INFO    | -		Destroying Component Transform
[10:10:10]	INFO    | -		Destroying Component Transform
[10:10:10]	INFO    | -		Destroying Component Transform
[10:10:10]	INFO    | -		Destroying Component Transform
[10:10:10]	INFO    | -		Destroying Component Transform
[10:10:10]	INFO    | -		Destroying Component Transform
[10:10:10]	INFO    | -		Destroying Component Transform
[10:10:10]	INFO    | -		Destroying Component Transform
[10:10:10]	INFO    | -		Destroying Component Transform
[10:10:10]	INFO    | -		Destroying Component Transform
[10:10:10]	INFO    | -		Destroying Component Transform
[10:10:10]	INFO    | -		Destroying Component Transform
[10:10:10]	INFO    | -		Destroying Component Transform
[10:10:10]	INFO    | -		Destroying Component Transform
[10:10:10]	INFO    | -		Destroying Component Transform
[10:10:10]	INFO    | -		Destroying Component Transform
[10:10:10]	INFO    | -		Destroying Component Transform
[10:10:10]	INFO    | -		Destroying Component Transform
[10:10:11]	INFO    | -		Destroying Component Transform
[10:10:11]	INFO    | -		Destroying Component Transform
[10:10:11]	INFO    | -		Destroying Component Transform
[10:10:11]	INFO    | -		Destroying Component Transform
[10:10:11]	INFO    | -		Destroying Component Transform
[10:10:11]	INFO    | -		Destroying Component Transform
[10:10:11]	INFO    | -		Destroying Component Transform
[10:10:11]	INFO    | -		Destroying Component Transform
[10:10:11]	INFO    | -		Destroying Component Transform
[10:10:11]	INFO    | -		Destroying Component Transform
[10:10:11]	INFO    | -		Destroying Component Transform
[10:10:11]	INFO    | -		Destroying Component Transform
[10:10:11]	INFO    | -		Destroying Component Transform
[10:10:11]	INFO    | -		Destroying Component Transform
[10:10:11]	INFO    | -		Destroying Component Transform
[10:10:11]	INFO    | -		Destroying Component Transform
[10:10:11]	INFO    | -		Destroying Component Transform
[10:10:11]	INFO    | -		Destroying Component Transform
[10:10:11]	INFO    | -		Destroying Component Transform
[10:10:11]	INFO    | -		Destroying Component Transform
[10:10:11]	INFO    | -		Destroying Component Transform
[10:10:12]	INFO    | -		Destroying Component Transform
[10:10:12]	INFO    | -		Destroying Component Transform
[10:10:12]	INFO    | -		Destroying Component Transform
[10:10:12]	INFO    | -		Destroying Component Transform
[10:10:12]	INFO    | -		Destroying Component Transform
[10:10:12]	INFO    | -		Destroying Component Transform
[10:10:12]	INFO    | -		Destroying Component Transform
[10:10:12]	INFO    | -		Destroying Component Transform
[10:10:12]	INFO    | -		Destroying Component Transform
[10:10:12]	INFO    | -		Destroying Component Transform
[10:10:12]	INFO    | -		Destroying Component Transform
[10:10:12]	INFO    | -		Destroying Component Transform
[10:10:12]	INFO    | -		Destroying Component Transform
[10:10:12]	INFO    | -		Destroying Component Transform
[10:10:12]	INFO    | -		Destroying Component Transform
[10:10:12]	INFO    | -		Destroying Component Transform
[10:10:12]	INFO    | -		Destroying Component Transform
[10:10:12]	INFO    | -		Destroying Component Transform
[10:10:12]	INFO    | -		Destroying Component Transform
[10:10:12]	INFO    | -		Destroying Component Transform
[10:10:12]	INFO    | -		Destroying Component Transform
[10:10:12]	INFO    | -		Destroying Component Transform
[10:10:12]	INFO    | -		Destroying Component Transform
[10:10:12]	INFO    | -		Destroying Component Transform
[10:10:12]	INFO    | -		Destroying Component Transform
[10:10:12]	INFO    | -		Destroying Component Transform
[10:10:12]	INFO    | -		Destroying Component Transform
[10:10:12]	INFO    | -		Destroying Component Transform
[10:10:13]	INFO    | -		Destroying Component Transform
[10:10:13]	INFO    | -		Destroying Component Transform
[10:10:13]	INFO    | -		Destroying Component Transform
[10:10:13]	INFO    | -		Destroying Component Transform
[10:10:13]	INFO    | -		Destroying Component Transform
[10:10:13]	INFO    | -		Destroying Component Transform
[10:10:13]	INFO    | -		Destroying Component Transform
[10:10:13]	INFO    | -		Destroying Component Transform
[10:10:13]	INFO    | -		Destroying Component Transform
[10:10:13]	INFO    | -		Destroying Component Transform
[10:10:13]	INFO    | -		Destroying Component Transform
[10:10:13]	INFO    | -		Destroying Component Transform
[10:10:13]	INFO    | -		Destroying Component Transform
[10:10:13]	INFO    | -		Destroying Component Transform
[10:10:13]	INFO    | -		Destroying Component Transform
[10:10:13]	INFO    | -		Destroying Component Transform
[10:10:13]	INFO    | -		Destroying Component Transform
[10:10:13]	INFO    | -		Destroying Component Transform
[10:10:13]	INFO    | -		Destroying Component Transform
[10:10:13]	INFO    | -		Destroying Component Transform
[10:10:13]	INFO    | -		Destroying Component Transform
[10:10:13]	INFO    | -		Destroying Component Transform
[10:10:13]	INFO    | -		Destroying Component Transform
[10:10:13]	INFO    | -		Destroying Component Transform
[10:10:13]	INFO    | -		Destroying Component Transform
[10:10:13]	INFO    | -		Destroying Component Transform
[10:10:13]	INFO    | -		Destroying Component Transform
[10:10:13]	INFO    | -		Destroying Component Transform
[10:10:13]	INFO    | -		Destroying Component Transform
[10:10:13]	INFO    | -		Destroying Component Transform
[10:10:14]	INFO    | -		Destroying Component Transform
[10:10:14]	INFO    | -		Destroying Component Transform
[10:10:14]	INFO    | -		Destroying Component Transform
[10:10:14]	INFO    | -		Destroying Component Transform
[10:10:14]	INFO    | -		Destroying Component Transform
[10:10:14]	INFO    | -		Destroying Component Transform
[10:10:14]	INFO    | -		Destroying Component Transform
[10:10:14]	INFO    | -		Destroying Component Transform
[10:10:14]	INFO    | -		Destroying Component Transform
[10:10:14]	INFO    | -		Destroying Component Transform
[10:10:14]	INFO    | -		Destroying Component Transform
[10:10:14]	INFO    | -		Destroying Component Transform
[10:10:14]	INFO    | -		Destroying Component Transform
[10:10:14]	INFO    | -		Destroying Component Transform
[10:10:14]	INFO    | -		Destroying Component Transform
[10:10:14]	INFO    | -		Destroying Component Transform
[10:10:14]	INFO    | -		Destroying Component Transform
[10:10:14]	INFO    | -		Destroying Component Transform
[10:10:14]	INFO    | -		Destroying Component Transform
[10:10:14]	INFO    | -		Destroying Component Transform
[10:10:14]	INFO    | -		Destroying Component Transform
[10:10:14]	INFO    | -		Destroying Component Transform
[10:10:14]	INFO    | -		Destroying Component Transform
[10:10:14]	INFO    | -		Destroying Component Transform
[10:10:14]	INFO    | -		Destroying Component Transform
[10:10:14]	INFO    | -		Destroying Component Transform
[10:10:14]	INFO    | -		Destroying Component Transform
[10:10:14]	INFO    | -		Destroying Component Transform
[10:10:15]	INFO    | -		Destroying Component Transform
[10:10:15]	INFO    | -		Destroying Component Transform
[10:10:15]	INFO    | -		Destroying Component Transform
[10:10:15]	INFO    | -		Destroying Component Transform
[10:10:15]	INFO    | -		Destroying Component Transform
[10:10:15]	INFO    | -		Destroying Component Transform
[10:10:15]	INFO    | -		Destroying Component Transform
[10:10:15]	INFO    | -		Destroying Component Transform
[10:10:15]	INFO    | -		Destroying Component Transform
[10:10:15]	INFO    | -		Destroying Component Transform
[10:10:15]	INFO    | -		Destroying Component Transform
[10:10:15]	INFO    | -		Destroying Component Transform
[10:10:15]	INFO    | -		Destroying Component Transform
[10:10:15]	INFO    | -		Destroying Component Transform
[10:10:15]	INFO    | -		Destroying Component Transform
[10:10:15]	INFO    | -		Destroying Component Transform
[10:10:15]	INFO    | -		Destroying Component Transform
[10:10:15]	INFO    | -		Destroying Component Transform
[10:10:15]	INFO    | -		Destroying Component Transform
[10:10:15]	INFO    | -		Destroying Component Transform
[10:10:15]	INFO    | -		Destroying Component Transform
[10:10:15]	INFO    | -		Destroying Component Transform
[10:10:15]	INFO    | -		Destroying Component Transform
[10:10:15]	INFO    | -		Destroying Component Transform
[10:10:15]	INFO    | -		Destroying Component Transform
[10:10:15]	INFO    | -		Destroying Component Transform
[10:10:15]	INFO    | -		Destroying Component Transform
[10:10:15]	INFO    | -		Destroying Component Transform
[10:10:15]	INFO    | -		Destroying Component Transform
[10:10:15]	INFO    | -		Destroying Component Transform
[10:10:16]	INFO    | -		Destroying Component Transform
[10:10:16]	INFO    | -		Destroying Component Transform
[10:10:16]	INFO    | -		Destroying Component Transform
[10:10:16]	INFO    | -		Destroying Component Transform
[10:10:16]	INFO    | -		Destroying Component Transform
[10:10:16]	INFO    | -		Destroying Component Transform
[10:10:16]	INFO    | -		Destroying Component Transform
[10:10:16]	INFO    | -		Destroying Component Transform
[10:10:16]	INFO    | -		Destroying Component Transform
[10:10:16]	INFO    | -		Destroying Component Transform
[10:10:16]	INFO    | -		Destroying Component Transform
[10:10:16]	INFO    | -		Destroying Component Transform
[10:10:16]	INFO    | -		Destroying Component Transform
[10:10:16]	INFO    | -		Destroying Component Transform
[10:10:17]	INFO    | -		Destroying Component Transform
[10:10:17]	INFO    | -		Destroying Component Transform
[10:10:17]	INFO    | -		Destroying Component Transform
[10:10:17]	INFO    | -		Destroying Component Transform
[10:10:17]	INFO    | -		Destroying Component Transform
[10:10:17]	INFO    | -		Destroying Component Transform
[10:10:17]	INFO    | -		Destroying Component Transform
[10:10:17]	INFO    | -		Destroying Component Transform
[10:10:17]	INFO    | -		Destroying Component Transform
[10:10:17]	INFO    | -		Destroying Component Transform
[10:10:17]	INFO    | -		Destroying Component Transform
[10:10:17]	INFO    | -		Destroying Component Transform
[10:10:17]	INFO    | -		Destroying Component Transform
[10:10:17]	INFO    | -		Destroying Component Transform
[10:10:17]	INFO    | -		Destroying Component Transform
[10:10:17]	INFO    | -		Destroying Component Transform
[10:10:17]	INFO    | -		Destroying Component Transform
[10:10:18]	INFO    | -		Destroying Component Transform
[10:10:18]	INFO    | -		Destroying Component Transform
[10:10:18]	INFO    | -		Destroying Component Transform
[10:10:18]	INFO    | -		Destroying Component Transform
[10:10:18]	INFO    | -		Destroying Component Transform
[10:10:18]	INFO    | -		Destroying Component Transform
[10:10:18]	INFO    | -		Destroying Component Transform
[10:10:18]	INFO    | -		Destroying Component Transform
[10:10:18]	INFO    | -		Destroying Component Transform
[10:10:18]	INFO    | -		Destroying Component Transform
[10:10:18]	INFO    | -		Destroying Component Transform
[10:10:18]	INFO    | -		Destroying Component Transform
[10:10:18]	INFO    | -		Destroying Component Transform
[10:10:18]	INFO    | -		Destroying Component Transform
[10:10:18]	INFO    | -		Destroying Component Transform
[10:10:18]	INFO    | -		Destroying Component Transform
[10:10:18]	INFO    | -		Destroying Component Transform
[10:10:18]	INFO    | -		Destroying Component Transform
[10:10:18]	INFO    | -		Destroying Component Transform
[10:10:18]	INFO    | -		Destroying Component Transform
[10:10:18]	INFO    | -		Destroying Component Transform
[10:10:18]	INFO    | -		Destroying Component Transform
[10:10:19]	INFO    | -		Destroying Component Transform
[10:10:19]	INFO    | -		Destroying Component Transform
[10:10:19]	INFO    | -		Destroying Component Transform
[10:10:19]	INFO    | -		Destroying Component Transform
[10:10:19]	INFO    | -		Destroying Component Transform
[10:10:19]	INFO    | -		Destroying Component Transform
[10:10:19]	INFO    | -		Destroying Component Transform
[10:10:22]	INFO    | Unloading a scene
[10:10:22]	INFO    | - Unloading scene
[10:10:22]	INFO    | -	 Destroying Object : Enemy1GFX
[10:10:22]	INFO    | -		Destroying Component Transform
[10:10:22]	INFO    | -		Destroying Component R2.002
[10:10:22]	        |
[10:10:22]	        |------------------------------------------------------------------------
[10:10:22]	        |
[10:10:22]	INFO    | -	 Destroying Object : Enemy1
[10:10:22]	INFO    | -		Destroying Component Transform
[10:10:22]	INFO    | -		Destroying Component Box Collider 3D
[10:10:22]	INFO    | -		Destroying Component 
[10:10:22]	INFO    | -		Destroying Component Sphere
[10:10:22]	INFO    | -		Destroying Component Sphere Collider 3D
[10:10:22]	INFO    | -		Destroying Component 
[10:10:22]	INFO    | -		Destroying Component RigidBody 3D
[10:10:22]	INFO    | -		Destroying Component 
[10:10:22]	INFO    | -		Destroying Component Enemy
[10:10:22]	        |
[10:10:22]	        |------------------------------------------------------------------------
[10:10:22]	        |
[10:10:22]	INFO    | -	 Destroying Object : Menu
[10:10:22]	INFO    | -		Destroying Component Transform
[10:10:22]	INFO    | -		Destroying Component PauseMenu
[10:10:22]	        |
[10:10:22]	        |------------------------------------------------------------------------
[10:10:22]	        |
[10:10:22]	INFO    | -	 Destroying Object : Button_03
[10:10:22]	INFO    | -		Destroying Component Transform
[10:10:22]	INFO    | -		Destroying Component Box Collider 2D
[10:10:22]	INFO    | -		Destroying Component Button
[10:10:22]	INFO    | -		Destroying Component Sprite
[10:10:22]	        |
[10:10:22]	        |------------------------------------------------------------------------
[10:10:22]	        |
[10:10:22]	INFO    | -	 Destroying Object : Button_02
[10:10:22]	INFO    | -		Destroying Component Transform
[10:10:22]	INFO    | -		Destroying Component Box Collider 2D
[10:10:22]	INFO    | -		Destroying Component Button
[10:10:22]	INFO    | -		Destroying Component Sprite
[10:10:22]	        |
[10:10:22]	        |------------------------------------------------------------------------
[10:10:22]	        |
[10:10:22]	INFO    | -	 Destroying Object : Button_01
[10:10:22]	INFO    | -		Destroying Component Transform
[10:10:22]	INFO    | -		Destroying Component Box Collider 2D
[10:10:22]	INFO    | -		Destroying Component Button
[10:10:22]	INFO    | -		Destroying Component Sprite
[10:10:22]	        |
[10:10:22]	        |------------------------------------------------------------------------
[10:10:22]	        |
[10:10:22]	INFO    | -	 Destroying Object : BackGroungPauseMenu
[10:10:22]	INFO    | -		Destroying Component Transform
[10:10:22]	INFO    | -		Destroying Component Sprite
[10:10:22]	        |
[10:10:22]	        |------------------------------------------------------------------------
[10:10:22]	        |
[10:10:22]	INFO    | -	 Destroying Object : Light_03
[10:10:22]	INFO    | -		Destroying Component Transform
[10:10:22]	INFO    | -		Destroying Component Light
[10:10:22]	        |
[10:10:22]	        |------------------------------------------------------------------------
[10:10:22]	        |
[10:10:22]	INFO    | -	 Destroying Object : Light_02
[10:10:22]	INFO    | -		Destroying Component Transform
[10:10:22]	INFO    | -		Destroying Component Light
[10:10:22]	        |
[10:10:22]	        |------------------------------------------------------------------------
[10:10:22]	        |
[10:10:22]	INFO    | -	 Destroying Object : Light_01
[10:10:22]	INFO    | -		Destroying Component Transform
[10:10:22]	INFO    | -		Destroying Component Light
[10:10:22]	        |
[10:10:22]	        |------------------------------------------------------------------------
[10:10:22]	        |
[10:10:22]	INFO    | -	 Destroying Object : Main_Camera
[10:10:22]	INFO    | -		Destroying Component Transform
[10:10:22]	INFO    | -		Destroying Component Camera
[10:10:22]	        |
[10:10:22]	        |------------------------------------------------------------------------
[10:10:22]	        |
[10:10:22]	INFO    | -	 Destroying Object : PlayerGFX
[10:10:22]	INFO    | -		Destroying Component Transform
[10:10:22]	INFO    | -		Destroying Component Sphere
[10:10:22]	        |
[10:10:22]	        |------------------------------------------------------------------------
[10:10:22]	        |
[10:10:22]	INFO    | -	 Destroying Object : Player
[10:10:22]	INFO    | -		Destroying Component Transform
[10:10:22]	INFO    | -		Destroying Component Weapon
[10:10:22]	INFO    | -		Destroying Component Transform
[10:10:22]	INFO    | -		Destroying Component Particle System
[10:10:22]	INFO    | -		Destroying Component Sphere Collider 3D
[10:10:22]	INFO    | -		Destroying Component 
[10:10:22]	INFO    | -		Destroying Component RigidBody 3D
[10:10:22]	INFO    | -		Destroying Component 
[10:10:22]	INFO    | -		Destroying Component Player
[10:10:22]	        |
[10:10:22]	        |------------------------------------------------------------------------
[10:10:22]	        |
[10:10:22]	INFO    | -	 Destroying Object : Wall_SciFi_032
[10:10:22]	INFO    | -		Destroying Component Transform
[10:10:22]	INFO    | -		Destroying Component Box Collider 3D
[10:10:22]	INFO    | -		Destroying Component 
[10:10:22]	INFO    | -		Destroying Component SciFi_03
[10:10:22]	        |
[10:10:22]	        |------------------------------------------------------------------------
[10:10:22]	        |
[10:10:22]	INFO    | -	 Destroying Object : Wall_SciFi_031
[10:10:22]	INFO    | -		Destroying Component Transform
[10:10:22]	INFO    | -		Destroying Component Box Collider 3D
[10:10:22]	INFO    | -		Destroying Component 
[10:10:22]	INFO    | -		Destroying Component SciFi_03
[10:10:22]	        |
[10:10:22]	        |------------------------------------------------------------------------
[10:10:22]	        |
[10:10:22]	INFO    | -	 Destroying Object : Wall_SciFi_03
[10:10:22]	INFO    | -		Destroying Component Transform
[10:10:22]	INFO    | -		Destroying Component Box Collider 3D
[10:10:22]	INFO    | -		Destroying Component 
[10:10:22]	INFO    | -		Destroying Component SciFi_03
[10:10:22]	        |
[10:10:22]	        |------------------------------------------------------------------------
[10:10:22]	        |
[10:10:22]	INFO    | -	 Destroying Object : Wall_SciFi_022
[10:10:22]	INFO    | -		Destroying Component Transform
[10:10:22]	INFO    | -		Destroying Component Box Collider 3D
[10:10:22]	INFO    | -		Destroying Component 
[10:10:22]	INFO    | -		Destroying Component SciFi_02
[10:10:22]	        |
[10:10:22]	        |------------------------------------------------------------------------
[10:10:22]	        |
[10:10:22]	INFO    | -	 Destroying Object : Wall_SciFi_021
[10:10:22]	INFO    | -		Destroying Component Transform
[10:10:22]	INFO    | -		Destroying Component Box Collider 3D
[10:10:22]	INFO    | -		Destroying Component 
[10:10:22]	INFO    | -		Destroying Component SciFi_02
[10:10:22]	        |
[10:10:22]	        |------------------------------------------------------------------------
[10:10:22]	        |
[10:10:22]	INFO    | -	 Destroying Object : Wall_SciFi_02
[10:10:22]	INFO    | -		Destroying Component Transform
[10:10:22]	INFO    | -		Destroying Component Box Collider 3D
[10:10:22]	INFO    | -		Destroying Component 
[10:10:22]	INFO    | -		Destroying Component SciFi_02
[10:10:22]	        |
[10:10:22]	        |------------------------------------------------------------------------
[10:10:22]	        |
[10:10:22]	INFO    | -	 Destroying Object : Wall_SciFi_012
[10:10:22]	INFO    | -		Destroying Component Transform
[10:10:22]	INFO    | -		Destroying Component Box Collider 3D
[10:10:22]	INFO    | -		Destroying Component 
[10:10:22]	INFO    | -		Destroying Component SciFi_01
[10:10:22]	        |
[10:10:22]	        |------------------------------------------------------------------------
[10:10:22]	        |
[10:10:22]	INFO    | -	 Destroying Object : Wall_SciFi_011
[10:10:22]	INFO    | -		Destroying Component Transform
[10:10:22]	INFO    | -		Destroying Component Box Collider 3D
[10:10:22]	INFO    | -		Destroying Component 
[10:10:22]	INFO    | -		Destroying Component SciFi_01
[10:10:22]	        |
[10:10:22]	        |------------------------------------------------------------------------
[10:10:22]	        |
[10:10:22]	INFO    | -	 Destroying Object : Wall_SciFi_01
[10:10:22]	INFO    | -		Destroying Component Transform
[10:10:22]	INFO    | -		Destroying Component Box Collider 3D
[10:10:22]	INFO    | -		Destroying Component 
[10:10:22]	INFO    | -		Destroying Component SciFi_01
[10:10:22]	        |
[10:10:22]	        |------------------------------------------------------------------------
[10:10:22]	        |
[10:10:42]	INFO    | - Destroying Graph
[10:10:42]	INFO    | - Unloading scene
[10:10:42]	INFO    | -	 Destroying Object : Button_04
[10:10:42]	INFO    | -		Destroying Component Transform
[10:10:42]	INFO    | -		Destroying Component Box Collider 2D
[10:10:42]	INFO    | -		Destroying Component Button
[10:10:42]	INFO    | -		Destroying Component Sprite
[10:10:42]	        |
[10:10:42]	        |------------------------------------------------------------------------
[10:10:42]	        |
[10:10:42]	INFO    | -	 Destroying Object : Button_03
[10:10:42]	INFO    | -		Destroying Component Transform
[10:10:42]	INFO    | -		Destroying Component Box Collider 2D
[10:10:42]	INFO    | -		Destroying Component Button
[10:10:42]	INFO    | -		Destroying Component Sprite
[10:10:42]	        |
[10:10:42]	        |------------------------------------------------------------------------
[10:10:42]	        |
[10:10:42]	INFO    | -	 Destroying Object : Button_02
[10:10:42]	INFO    | -		Destroying Component Transform
[10:10:42]	INFO    | -		Destroying Component Box Collider 2D
[10:10:42]	INFO    | -		Destroying Component Button
[10:10:42]	INFO    | -		Destroying Component Sprite
[10:10:42]	        |
[10:10:42]	        |------------------------------------------------------------------------
[10:10:42]	        |
[10:10:42]	INFO    | -	 Destroying Object : Button_01
[10:10:42]	INFO    | -		Destroying Component Transform
[10:10:42]	INFO    | -		Destroying Component Box Collider 2D
[10:10:42]	INFO    | -		Destroying Component Button
[10:10:42]	INFO    | -		Destroying Component Sprite
[10:10:42]	        |
[10:10:42]	        |------------------------------------------------------------------------
[10:10:42]	        |
[10:10:42]	INFO    | -	 Destroying Object : BackGroung
[10:10:42]	INFO    | -		Destroying Component Transform
[10:10:42]	INFO    | -		Destroying Component Sprite
[10:10:42]	        |
[10:10:42]	        |------------------------------------------------------------------------
[10:10:42]	        |
[10:10:42]	INFO    | Closing program...
