[09:35:05]	INFO    | Creating GLFW Window
[09:35:08]	SUCCESS | Loaded texture "Assets/none.png"
[09:35:08]	INFO    | + Loading Shaders "Resource/Shader/PostProcess.shad"
[09:35:08]	SUCCESS | Vertex Shader ->	Successfully compiled
[09:35:08]	SUCCESS | Fragment Shader ->	Successfully compiled
[09:35:08]	SUCCESS | Shader program ->	Successfully linked
[09:35:08]	INFO    | + Loading Shaders "Resource/Shader/GaussianBlur.shad"
[09:35:08]	SUCCESS | Vertex Shader ->	Successfully compiled
[09:35:08]	SUCCESS | Fragment Shader ->	Successfully compiled
[09:35:08]	SUCCESS | Shader program ->	Successfully linked
[09:35:08]	ERROR   | Failed to open file "Assets/defaultCubeMap.cubemap"
[09:35:08]	INFO    | + Loading Shaders "Resource/Shader/CubeMap.shad"
[09:35:08]	SUCCESS | Vertex Shader ->	Successfully compiled
[09:35:08]	SUCCESS | Fragment Shader ->	Successfully compiled
[09:35:08]	SUCCESS | Shader program ->	Successfully linked
[09:35:08]	INFO    | + Loading Game Object "BackGroung"
[09:35:08]	INFO    | +	 Adding transform data to new gameObject
[09:35:08]	INFO    | + Loading Shaders "Resource/Shader/Sprite.shad"
[09:35:08]	SUCCESS | Vertex Shader ->	Successfully compiled
[09:35:08]	SUCCESS | Fragment Shader ->	Successfully compiled
[09:35:08]	SUCCESS | Shader program ->	Successfully linked
[09:35:08]	INFO    | +	 Adding Sprite to new gameObject
[09:35:08]	SUCCESS | Loaded texture "Assets/BlankSprite.png"
[09:35:08]	        |
[09:35:08]	        |------------------------------------------------------------------------
[09:35:08]	        |
[09:35:08]	INFO    | + Loading Game Object "Button_01"
[09:35:08]	INFO    | +	 Adding transform data to new gameObject
[09:35:08]	INFO    | +	 Adding Sprite to new gameObject
[09:35:08]	SUCCESS | Loaded texture "Assets/ButtonPlay.png"
[09:35:08]	INFO    | +	 Adding button script to new gameObject
[09:35:08]	INFO    | +	 Adding box collider 2D to new gameObject
[09:35:08]	        |
[09:35:08]	        |------------------------------------------------------------------------
[09:35:08]	        |
[09:35:08]	INFO    | + Loading Game Object "Button_02"
[09:35:08]	INFO    | +	 Adding transform data to new gameObject
[09:35:08]	INFO    | +	 Adding Sprite to new gameObject
[09:35:08]	SUCCESS | Loaded texture "Assets/ButtonLoad.png"
[09:35:08]	INFO    | +	 Adding button script to new gameObject
[09:35:08]	INFO    | +	 Adding box collider 2D to new gameObject
[09:35:08]	        |
[09:35:08]	        |------------------------------------------------------------------------
[09:35:08]	        |
[09:35:08]	INFO    | + Loading Game Object "Button_03"
[09:35:08]	INFO    | +	 Adding transform data to new gameObject
[09:35:08]	INFO    | +	 Adding Sprite to new gameObject
[09:35:08]	SUCCESS | Loaded texture "Assets/ButtonQuit.png"
[09:35:08]	INFO    | +	 Adding button script to new gameObject
[09:35:08]	INFO    | +	 Adding box collider 2D to new gameObject
[09:35:08]	        |
[09:35:08]	        |------------------------------------------------------------------------
[09:35:08]	        |
[09:35:08]	INFO    | + Loading Game Object "Loading"
[09:35:08]	INFO    | +	 Adding transform data to new gameObject
[09:35:08]	INFO    | +	 Adding Sprite to new gameObject
[09:35:08]	SUCCESS | Loaded texture "Assets/Loading.png"
[09:35:08]	        |
[09:35:08]	        |------------------------------------------------------------------------
[09:35:08]	        |
[09:35:08]	INFO    | + Loading Game Object "Loading"
[09:35:08]	INFO    | +	 Adding transform data to new gameObject
[09:35:08]	INFO    | +	 Adding Sprite to new gameObject
[09:35:08]	        |
[09:35:08]	        |------------------------------------------------------------------------
[09:35:08]	        |
[09:35:08]	INFO    | +	 Transform parent found
[09:35:08]	INFO    | +	 Transform parent found
[09:35:08]	        |
[09:35:08]	        |------------------------------------------------------------------------
[09:35:08]	        |
[09:35:08]	SUCCESS | Successfully loaded a new scene
[09:35:08]	        |
[09:35:08]	        |------------------------------------------------------------------------
[09:35:08]	        |
[09:38:07]	INFO    | + Loading Game Object "PlatformGround"
[09:38:07]	INFO    | +	 Adding transform data to new gameObject
[09:38:07]	INFO    | + Loading Shaders "Resource/Shader/Default.shad"
[09:38:07]	SUCCESS | Vertex Shader ->	Successfully compiled
[09:38:07]	SUCCESS | Fragment Shader ->	Successfully compiled
[09:38:07]	SUCCESS | Shader program ->	Successfully linked
[09:38:07]	INFO    | +	 Adding Model to new gameObject
[09:38:07]	INFO    | +		 Loading new OBJ file
[09:38:07]	        |
[09:38:07]	        |------------------------------------------------------------------------
[09:38:07]	        |
[09:38:07]	SUCCESS | Loaded file "Assets/wallrock.obj"
[09:38:07]	SUCCESS | Loaded file "Assets/wallrock.mtl"
[09:38:12]	SUCCESS | Loaded texture "Assets/wall_rock_basecolor.png"
[09:38:12]	ERROR   | Failed to open file "0"
[09:38:12]	INFO    | +	 Adding box collider 3D to new gameObject
[09:38:12]	        |
[09:38:12]	        |------------------------------------------------------------------------
[09:38:12]	        |
[09:38:12]	INFO    | + Loading Game Object "Platform2"
[09:38:12]	INFO    | +	 Adding transform data to new gameObject
[09:38:12]	INFO    | +	 Adding Model to new gameObject
[09:38:12]	        |
[09:38:12]	        |------------------------------------------------------------------------
[09:38:12]	        |
[09:38:12]	INFO    | +	 Adding box collider 3D to new gameObject
[09:38:12]	        |
[09:38:12]	        |------------------------------------------------------------------------
[09:38:12]	        |
[09:38:12]	INFO    | + Loading Game Object "Platform3"
[09:38:12]	INFO    | +	 Adding transform data to new gameObject
[09:38:12]	INFO    | +	 Adding Model to new gameObject
[09:38:12]	INFO    | +		 Loading new OBJ file
[09:38:12]	        |
[09:38:12]	        |------------------------------------------------------------------------
[09:38:12]	        |
[09:38:12]	SUCCESS | Loaded file "Assets/dirt.obj"
[09:38:12]	SUCCESS | Loaded file "Assets/dirt.mtl"
[09:38:15]	SUCCESS | Loaded texture "Assets/Dirt_basecolor.png"
[09:38:15]	INFO    | +	 Adding box collider 3D to new gameObject
[09:38:15]	        |
[09:38:15]	        |------------------------------------------------------------------------
[09:38:15]	        |
[09:38:15]	INFO    | + Loading Game Object "Platform4"
[09:38:15]	INFO    | +	 Adding transform data to new gameObject
[09:38:15]	INFO    | +	 Adding Model to new gameObject
[09:38:15]	        |
[09:38:15]	        |------------------------------------------------------------------------
[09:38:15]	        |
[09:38:15]	INFO    | +	 Adding box collider 3D to new gameObject
[09:38:15]	        |
[09:38:15]	        |------------------------------------------------------------------------
[09:38:15]	        |
[09:38:15]	INFO    | + Loading Game Object "Platform5"
[09:38:15]	INFO    | +	 Adding transform data to new gameObject
[09:38:15]	INFO    | +	 Adding Model to new gameObject
[09:38:15]	        |
[09:38:15]	        |------------------------------------------------------------------------
[09:38:15]	        |
[09:38:15]	INFO    | +	 Adding box collider 3D to new gameObject
[09:38:15]	        |
[09:38:15]	        |------------------------------------------------------------------------
[09:38:15]	        |
[09:38:15]	INFO    | + Loading Game Object "Wall_SciFi_01"
[09:38:15]	INFO    | +	 Adding transform data to new gameObject
[09:38:15]	INFO    | +	 Adding Model to new gameObject
[09:38:15]	INFO    | +		 Loading new OBJ file
[09:38:15]	        |
[09:38:15]	        |------------------------------------------------------------------------
[09:38:15]	        |
[09:38:15]	SUCCESS | Loaded file "Assets/scifi_01.obj"
[09:38:15]	SUCCESS | Loaded file "Assets/scifi_01.mtl"
[09:38:23]	SUCCESS | Loaded texture "Assets/Textures/TexturesCom_Scifi_Panel_4K_albedo.png"
[09:38:29]	SUCCESS | Loaded texture "Assets/Textures/TexturesCom_Scifi_Panel_4K_normal.png"
[09:38:29]	SUCCESS | Loaded file "Assets/scifi_01.mtl"
[09:38:29]	INFO    | +	 Adding box collider 3D to new gameObject
[09:38:29]	        |
[09:38:29]	        |------------------------------------------------------------------------
[09:38:29]	        |
[09:38:29]	INFO    | + Loading Game Object "Wall_SciFi_011"
[09:38:29]	INFO    | +	 Adding transform data to new gameObject
[09:38:29]	INFO    | +	 Adding Model to new gameObject
[09:38:29]	        |
[09:38:29]	        |------------------------------------------------------------------------
[09:38:29]	        |
[09:38:29]	INFO    | +	 Adding box collider 3D to new gameObject
[09:38:29]	        |
[09:38:29]	        |------------------------------------------------------------------------
[09:38:29]	        |
[09:38:29]	INFO    | + Loading Game Object "Wall_SciFi_012"
[09:38:29]	INFO    | +	 Adding transform data to new gameObject
[09:38:29]	INFO    | +	 Adding Model to new gameObject
[09:38:29]	        |
[09:38:29]	        |------------------------------------------------------------------------
[09:38:29]	        |
[09:38:29]	INFO    | +	 Adding box collider 3D to new gameObject
[09:38:29]	        |
[09:38:29]	        |------------------------------------------------------------------------
[09:38:29]	        |
[09:38:29]	INFO    | + Loading Game Object "Wall_SciFi_02"
[09:38:29]	INFO    | +	 Adding transform data to new gameObject
[09:38:29]	INFO    | +	 Adding Model to new gameObject
[09:38:29]	INFO    | +		 Loading new OBJ file
[09:38:29]	        |
[09:38:29]	        |------------------------------------------------------------------------
[09:38:29]	        |
[09:38:29]	SUCCESS | Loaded file "Assets/scifi_02.obj"
[09:38:29]	SUCCESS | Loaded file "Assets/scifi_02.mtl"
[09:38:30]	SUCCESS | Loaded texture "Assets/Textures/TexturesCom_Fabric_1K_albedo.png"
[09:38:31]	SUCCESS | Loaded texture "Assets/Textures/TexturesCom_Fabric_1K_normal.png"
[09:38:31]	SUCCESS | Loaded file "Assets/scifi_02.mtl"
[09:38:31]	INFO    | +	 Adding box collider 3D to new gameObject
[09:38:31]	        |
[09:38:31]	        |------------------------------------------------------------------------
[09:38:31]	        |
[09:38:31]	INFO    | + Loading Game Object "Wall_SciFi_021"
[09:38:31]	INFO    | +	 Adding transform data to new gameObject
[09:38:31]	INFO    | +	 Adding Model to new gameObject
[09:38:31]	        |
[09:38:31]	        |------------------------------------------------------------------------
[09:38:31]	        |
[09:38:31]	INFO    | +	 Adding box collider 3D to new gameObject
[09:38:31]	        |
[09:38:31]	        |------------------------------------------------------------------------
[09:38:31]	        |
[09:38:31]	INFO    | + Loading Game Object "Wall_SciFi_022"
[09:38:31]	INFO    | +	 Adding transform data to new gameObject
[09:38:31]	INFO    | +	 Adding Model to new gameObject
[09:38:31]	        |
[09:38:31]	        |------------------------------------------------------------------------
[09:38:31]	        |
[09:38:31]	INFO    | +	 Adding box collider 3D to new gameObject
[09:38:31]	        |
[09:38:31]	        |------------------------------------------------------------------------
[09:38:31]	        |
[09:38:31]	INFO    | + Loading Game Object "Wall_SciFi_03"
[09:38:31]	INFO    | +	 Adding transform data to new gameObject
[09:38:31]	INFO    | +	 Adding Model to new gameObject
[09:38:31]	INFO    | +		 Loading new OBJ file
[09:38:31]	        |
[09:38:31]	        |------------------------------------------------------------------------
[09:38:31]	        |
[09:38:31]	SUCCESS | Loaded file "Assets/scifi_03.obj"
[09:38:31]	SUCCESS | Loaded file "Assets/scifi_03.mtl"
[09:38:31]	SUCCESS | Loaded texture "Assets/Textures/TexturesCom_Scifi_Floor2_1K_albedo.png"
[09:38:31]	SUCCESS | Loaded file "Assets/scifi_03.mtl"
[09:38:31]	INFO    | +	 Adding box collider 3D to new gameObject
[09:38:31]	        |
[09:38:31]	        |------------------------------------------------------------------------
[09:38:31]	        |
[09:38:31]	INFO    | + Loading Game Object "Wall_SciFi_031"
[09:38:31]	INFO    | +	 Adding transform data to new gameObject
[09:38:31]	INFO    | +	 Adding Model to new gameObject
[09:38:31]	        |
[09:38:31]	        |------------------------------------------------------------------------
[09:38:31]	        |
[09:38:31]	INFO    | +	 Adding box collider 3D to new gameObject
[09:38:31]	        |
[09:38:31]	        |------------------------------------------------------------------------
[09:38:31]	        |
[09:38:31]	INFO    | + Loading Game Object "Wall_SciFi_032"
[09:38:31]	INFO    | +	 Adding transform data to new gameObject
[09:38:31]	INFO    | +	 Adding Model to new gameObject
[09:38:31]	        |
[09:38:31]	        |------------------------------------------------------------------------
[09:38:31]	        |
[09:38:31]	INFO    | +	 Adding box collider 3D to new gameObject
[09:38:31]	        |
[09:38:31]	        |------------------------------------------------------------------------
[09:38:31]	        |
[09:38:31]	INFO    | + Loading Game Object "Player"
[09:38:31]	INFO    | +	 Adding transform data to new gameObject
[09:38:31]	INFO    | +	 Adding player script to new gameObject
[09:38:31]	INFO    | +	 Adding light to new gameObject
[09:38:31]	INFO    | +	 Adding sphere collider 3D to new gameObject
[09:38:31]	        |
[09:38:31]	        |------------------------------------------------------------------------
[09:38:31]	        |
[09:38:31]	INFO    | + Loading Game Object "PlayerGFX"
[09:38:31]	INFO    | +	 Adding transform data to new gameObject
[09:38:31]	INFO    | +	 Adding Model to new gameObject
[09:38:31]	INFO    | +		 Loading new OBJ file
[09:38:31]	        |
[09:38:31]	        |------------------------------------------------------------------------
[09:38:31]	        |
[09:38:31]	SUCCESS | Loaded file "Assets/Shapes/sphere.obj"
[09:38:31]	SUCCESS | Loaded file "Assets/Shapes/sphere.mtl"
[09:38:31]	SUCCESS | Loaded file "Assets/Shapes/sphere.mtl"
[09:38:31]	        |
[09:38:31]	        |------------------------------------------------------------------------
[09:38:31]	        |
[09:38:31]	INFO    | + Loading Game Object "Main_Camera"
[09:38:31]	INFO    | +	 Adding transform data to new gameObject
[09:38:31]	INFO    | +	 Adding camera to new gameObject
[09:38:31]	        |
[09:38:31]	        |------------------------------------------------------------------------
[09:38:31]	        |
[09:38:31]	INFO    | + Loading Game Object "Light_01"
[09:38:31]	INFO    | +	 Adding transform data to new gameObject
[09:38:31]	INFO    | +	 Adding light to new gameObject
[09:38:31]	        |
[09:38:31]	        |------------------------------------------------------------------------
[09:38:31]	        |
[09:38:31]	INFO    | + Loading Game Object "Light_02"
[09:38:31]	INFO    | +	 Adding transform data to new gameObject
[09:38:31]	INFO    | +	 Adding light to new gameObject
[09:38:31]	        |
[09:38:31]	        |------------------------------------------------------------------------
[09:38:31]	        |
[09:38:31]	INFO    | + Loading Game Object "Light_03"
[09:38:31]	INFO    | +	 Adding transform data to new gameObject
[09:38:31]	INFO    | +	 Adding light to new gameObject
[09:38:31]	        |
[09:38:31]	        |------------------------------------------------------------------------
[09:38:31]	        |
[09:38:31]	INFO    | + Loading Game Object "BackGroungPauseMenu"
[09:38:31]	INFO    | +	 Adding transform data to new gameObject
[09:38:31]	INFO    | +	 Adding Sprite to new gameObject
[09:38:31]	        |
[09:38:31]	        |------------------------------------------------------------------------
[09:38:31]	        |
[09:38:31]	INFO    | + Loading Game Object "Button_01"
[09:38:31]	INFO    | +	 Adding transform data to new gameObject
[09:38:31]	INFO    | +	 Adding Sprite to new gameObject
[09:38:31]	SUCCESS | Loaded texture "Assets/ButtonResume.png"
[09:38:31]	INFO    | +	 Adding button script to new gameObject
[09:38:31]	INFO    | +	 Adding box collider 2D to new gameObject
[09:38:31]	        |
[09:38:31]	        |------------------------------------------------------------------------
[09:38:31]	        |
[09:38:31]	INFO    | + Loading Game Object "Button_02"
[09:38:31]	INFO    | +	 Adding transform data to new gameObject
[09:38:31]	INFO    | +	 Adding Sprite to new gameObject
[09:38:31]	SUCCESS | Loaded texture "Assets/ButtonSave.png"
[09:38:31]	INFO    | +	 Adding button script to new gameObject
[09:38:31]	INFO    | +	 Adding box collider 2D to new gameObject
[09:38:31]	        |
[09:38:31]	        |------------------------------------------------------------------------
[09:38:31]	        |
[09:38:31]	INFO    | + Loading Game Object "Button_03"
[09:38:31]	INFO    | +	 Adding transform data to new gameObject
[09:38:31]	INFO    | +	 Adding Sprite to new gameObject
[09:38:31]	SUCCESS | Loaded texture "Assets/ButtonBack.png"
[09:38:31]	INFO    | +	 Adding button script to new gameObject
[09:38:31]	INFO    | +	 Adding box collider 2D to new gameObject
[09:38:31]	        |
[09:38:31]	        |------------------------------------------------------------------------
[09:38:31]	        |
[09:38:31]	INFO    | + Loading Game Object "Menu"
[09:38:31]	INFO    | +	 Adding transform data to new gameObject
[09:38:31]	        |
[09:38:31]	        |------------------------------------------------------------------------
[09:38:31]	        |
[09:38:31]	INFO    | + Loading Game Object "EnemyGFX"
[09:38:31]	INFO    | +	 Adding transform data to new gameObject
[09:38:31]	        |
[09:38:31]	        |------------------------------------------------------------------------
[09:38:31]	        |
[09:38:31]	INFO    | + Loading Game Object "Enemy1"
[09:38:31]	INFO    | +	 Adding transform data to new gameObject
[09:38:31]	INFO    | +	 Adding player script to new gameObject
[09:38:31]	INFO    | +	 Adding light to new gameObject
[09:38:31]	INFO    | +	 Adding sphere collider 3D to new gameObject
[09:38:31]	INFO    | +	 Adding Model to new gameObject
[09:38:31]	        |
[09:38:31]	        |------------------------------------------------------------------------
[09:38:31]	        |
[09:38:31]	        |
[09:38:31]	        |------------------------------------------------------------------------
[09:38:31]	        |
[09:38:31]	INFO    | + Loading Game Object "Enemy1GFX"
[09:38:31]	INFO    | +	 Adding transform data to new gameObject
[09:38:31]	INFO    | +	 Adding Model to new gameObject
[09:38:31]	INFO    | +		 Loading new OBJ file
[09:38:31]	        |
[09:38:31]	        |------------------------------------------------------------------------
[09:38:31]	        |
[09:38:31]	SUCCESS | Loaded file "Assets/R2/R2.obj"
[09:38:31]	SUCCESS | Loaded file "Assets/R2/R2.mtl"
[09:38:54]	SUCCESS | Loaded texture "Assets/R2/R2Tex.jpg"
[09:39:06]	SUCCESS | Loaded file "Assets/R2/R2.mtl"
[09:39:06]	        |
[09:39:06]	        |------------------------------------------------------------------------
[09:39:06]	        |
[09:39:06]	INFO    | +	 Transform parent found
[09:39:06]	INFO    | +	 Transform parent found
[09:39:06]	INFO    | +	 Transform parent found
[09:39:06]	INFO    | +	 Transform parent found
[09:39:06]	INFO    | +	 Transform parent found
[09:39:06]	INFO    | +	 Transform parent found
[09:39:06]	INFO    | +	 Transform parent found
[09:39:06]	        |
[09:39:06]	        |------------------------------------------------------------------------
[09:39:06]	        |
[09:39:06]	SUCCESS | Successfully loaded a new scene
[09:39:06]	        |
[09:39:06]	        |------------------------------------------------------------------------
[09:39:06]	        |
[09:39:06]	INFO    | Found player
[09:40:42]	INFO    | + Loading Shaders "Resource/Shader/Particle.shad"
[09:40:42]	SUCCESS | Vertex Shader ->	Successfully compiled
[09:40:42]	SUCCESS | Fragment Shader ->	Successfully compiled
[09:40:42]	SUCCESS | Shader program ->	Successfully linked
[09:41:18]	INFO    | -		Destroying Component Transform
[09:41:18]	INFO    | -		Destroying Component Transform
[09:41:18]	INFO    | -		Destroying Component Transform
[09:41:18]	INFO    | -		Destroying Component Transform
[09:41:18]	INFO    | -		Destroying Component Transform
[09:41:18]	INFO    | -		Destroying Component Transform
[09:41:18]	INFO    | -		Destroying Component Transform
[09:41:18]	INFO    | -		Destroying Component Transform
[09:41:18]	INFO    | -		Destroying Component Transform
[09:41:18]	INFO    | -		Destroying Component Transform
[09:41:18]	INFO    | -		Destroying Component Transform
[09:41:18]	INFO    | -		Destroying Component Transform
[09:41:18]	INFO    | -		Destroying Component Transform
[09:41:18]	INFO    | -		Destroying Component Transform
[09:41:19]	INFO    | -		Destroying Component Transform
[09:41:19]	INFO    | -		Destroying Component Transform
[09:41:19]	INFO    | -		Destroying Component Transform
[09:41:19]	INFO    | -		Destroying Component Transform
[09:41:19]	INFO    | -		Destroying Component Transform
[09:41:19]	INFO    | -		Destroying Component Transform
[09:41:19]	INFO    | -		Destroying Component Transform
[09:41:19]	INFO    | -		Destroying Component Transform
[09:41:20]	INFO    | -		Destroying Component Transform
[09:41:21]	INFO    | -		Destroying Component Transform
[09:41:21]	INFO    | -		Destroying Component Transform
[09:41:21]	INFO    | -		Destroying Component Transform
[09:41:21]	INFO    | -		Destroying Component Transform
[09:41:21]	INFO    | -		Destroying Component Transform
[09:41:21]	INFO    | -		Destroying Component Transform
[09:41:21]	INFO    | -		Destroying Component Transform
[09:41:21]	INFO    | -		Destroying Component Transform
[09:41:21]	INFO    | -		Destroying Component Transform
[09:41:21]	INFO    | -		Destroying Component Transform
[09:41:21]	INFO    | -		Destroying Component Transform
[09:41:21]	INFO    | -		Destroying Component Transform
[09:41:21]	INFO    | -		Destroying Component Transform
[09:41:21]	INFO    | -		Destroying Component Transform
[09:41:21]	INFO    | -		Destroying Component Transform
[09:41:21]	INFO    | -		Destroying Component Transform
[09:41:21]	INFO    | -		Destroying Component Transform
[09:41:21]	INFO    | -		Destroying Component Transform
[09:41:21]	INFO    | -		Destroying Component Transform
[09:41:21]	INFO    | -		Destroying Component Transform
[09:41:21]	INFO    | -		Destroying Component Transform
[09:41:21]	INFO    | -		Destroying Component Transform
[09:41:21]	INFO    | -		Destroying Component Transform
[09:41:21]	INFO    | -		Destroying Component Transform
[09:41:21]	INFO    | -		Destroying Component Transform
[09:41:21]	INFO    | -		Destroying Component Transform
[09:41:22]	INFO    | -		Destroying Component Transform
[09:41:22]	INFO    | -		Destroying Component Transform
[09:41:22]	INFO    | -		Destroying Component Transform
[09:41:22]	INFO    | -		Destroying Component Transform
[09:41:22]	INFO    | -		Destroying Component Transform
[09:41:22]	INFO    | -		Destroying Component Transform
[09:41:23]	INFO    | -		Destroying Component Transform
[09:41:23]	INFO    | -		Destroying Component Transform
[09:41:23]	INFO    | -		Destroying Component Transform
[09:41:23]	INFO    | -		Destroying Component Transform
[09:41:23]	INFO    | -		Destroying Component Transform
[09:41:23]	INFO    | -		Destroying Component Transform
[09:41:23]	INFO    | -		Destroying Component Transform
[09:41:23]	INFO    | -		Destroying Component Transform
[09:41:23]	INFO    | -		Destroying Component Transform
[09:41:23]	INFO    | -		Destroying Component Transform
[09:41:23]	INFO    | -		Destroying Component Transform
[09:41:23]	INFO    | -		Destroying Component Transform
[09:41:23]	INFO    | -		Destroying Component Transform
[09:41:23]	INFO    | -		Destroying Component Transform
[09:41:23]	INFO    | -		Destroying Component Transform
[09:41:23]	INFO    | -		Destroying Component Transform
[09:41:23]	INFO    | -		Destroying Component Transform
[09:41:23]	INFO    | -		Destroying Component Transform
[09:41:24]	INFO    | -		Destroying Component Transform
[09:41:24]	INFO    | -		Destroying Component Transform
[09:41:24]	INFO    | -		Destroying Component Transform
[09:41:24]	INFO    | -		Destroying Component Transform
[09:41:25]	INFO    | -		Destroying Component Transform
[09:41:25]	INFO    | -		Destroying Component Transform
[09:41:25]	INFO    | -		Destroying Component Transform
[09:41:25]	INFO    | -		Destroying Component Transform
[09:41:25]	INFO    | -		Destroying Component Transform
[09:41:25]	INFO    | -		Destroying Component Transform
[09:41:25]	INFO    | -		Destroying Component Transform
[09:41:25]	INFO    | -		Destroying Component Transform
[09:41:25]	INFO    | -		Destroying Component Transform
[09:41:25]	INFO    | -		Destroying Component Transform
[09:41:25]	INFO    | -		Destroying Component Transform
[09:41:42]	INFO    | -		Destroying Component Transform
[09:41:43]	INFO    | -		Destroying Component Transform
[09:41:43]	INFO    | -		Destroying Component Transform
[09:41:43]	INFO    | -		Destroying Component Transform
[09:41:43]	INFO    | -		Destroying Component Transform
[09:41:43]	INFO    | -		Destroying Component Transform
[09:41:43]	INFO    | -		Destroying Component Transform
[09:41:43]	INFO    | -		Destroying Component Transform
[09:41:43]	INFO    | -		Destroying Component Transform
[09:41:43]	INFO    | -		Destroying Component Transform
[09:41:43]	INFO    | -		Destroying Component Transform
[09:41:43]	INFO    | -		Destroying Component Transform
[09:41:43]	INFO    | -		Destroying Component Transform
[09:41:43]	INFO    | -		Destroying Component Transform
[09:41:43]	INFO    | -		Destroying Component Transform
[09:41:43]	INFO    | -		Destroying Component Transform
[09:41:43]	INFO    | -		Destroying Component Transform
[09:41:43]	INFO    | -		Destroying Component Transform
[09:41:44]	INFO    | -		Destroying Component Transform
[09:41:44]	INFO    | -		Destroying Component Transform
[09:41:44]	INFO    | -		Destroying Component Transform
[09:41:44]	INFO    | -		Destroying Component Transform
[09:41:44]	INFO    | -		Destroying Component Transform
[09:41:44]	INFO    | -		Destroying Component Transform
[09:41:44]	INFO    | -		Destroying Component Transform
[09:41:44]	INFO    | -		Destroying Component Transform
[09:41:44]	INFO    | -		Destroying Component Transform
[09:41:44]	INFO    | -		Destroying Component Transform
[09:41:44]	INFO    | -		Destroying Component Transform
[09:41:44]	INFO    | -		Destroying Component Transform
[09:41:44]	INFO    | -		Destroying Component Transform
[09:41:44]	INFO    | -		Destroying Component Transform
[09:41:44]	INFO    | -		Destroying Component Transform
[09:41:44]	INFO    | -		Destroying Component Transform
[09:41:44]	INFO    | -		Destroying Component Transform
[09:41:44]	INFO    | -		Destroying Component Transform
[09:41:44]	INFO    | -		Destroying Component Transform
[09:41:45]	INFO    | -		Destroying Component Transform
[09:41:45]	INFO    | -		Destroying Component Transform
[09:41:45]	INFO    | -		Destroying Component Transform
[09:41:45]	INFO    | -		Destroying Component Transform
[09:41:45]	INFO    | -		Destroying Component Transform
[09:41:45]	INFO    | -		Destroying Component Transform
[09:41:45]	INFO    | -		Destroying Component Transform
[09:41:46]	INFO    | -		Destroying Component Transform
[09:41:46]	INFO    | -		Destroying Component Transform
[09:41:46]	INFO    | -		Destroying Component Transform
[09:41:46]	INFO    | -		Destroying Component Transform
[09:41:46]	INFO    | -		Destroying Component Transform
[09:41:46]	INFO    | -		Destroying Component Transform
[09:41:46]	INFO    | -		Destroying Component Transform
[09:41:46]	INFO    | -		Destroying Component Transform
[09:41:46]	INFO    | -		Destroying Component Transform
[09:41:46]	INFO    | -		Destroying Component Transform
[09:41:46]	INFO    | -		Destroying Component Transform
[09:41:46]	INFO    | -		Destroying Component Transform
[09:41:46]	INFO    | -		Destroying Component Transform
[09:41:46]	INFO    | -		Destroying Component Transform
[09:41:46]	INFO    | -		Destroying Component Transform
[09:41:46]	INFO    | -		Destroying Component Transform
[09:41:46]	INFO    | -		Destroying Component Transform
[09:41:46]	INFO    | -		Destroying Component Transform
[09:41:46]	INFO    | -		Destroying Component Transform
[09:41:46]	INFO    | -		Destroying Component Transform
[09:41:46]	INFO    | -		Destroying Component Transform
[09:41:47]	INFO    | -		Destroying Component Transform
[09:41:47]	INFO    | -		Destroying Component Transform
[09:41:47]	INFO    | -		Destroying Component Transform
[09:41:47]	INFO    | -		Destroying Component Transform
[09:41:47]	INFO    | -		Destroying Component Transform
[09:41:47]	INFO    | -		Destroying Component Transform
[09:41:47]	INFO    | -		Destroying Component Transform
[09:41:47]	INFO    | -		Destroying Component Transform
[09:41:47]	INFO    | -		Destroying Component Transform
[09:41:47]	INFO    | -		Destroying Component Transform
[09:41:47]	INFO    | -		Destroying Component Transform
[09:41:47]	INFO    | -		Destroying Component Transform
[09:41:47]	INFO    | -		Destroying Component Transform
[09:41:47]	INFO    | -		Destroying Component Transform
[09:41:47]	INFO    | -		Destroying Component Transform
[09:41:47]	INFO    | -		Destroying Component Transform
[09:41:47]	INFO    | -		Destroying Component Transform
[09:41:48]	INFO    | -		Destroying Component Transform
[09:41:48]	INFO    | -		Destroying Component Transform
[09:41:48]	INFO    | -		Destroying Component Transform
[09:41:48]	INFO    | -		Destroying Component Transform
[09:41:48]	INFO    | -		Destroying Component Transform
[09:41:48]	INFO    | -		Destroying Component Transform
[09:41:48]	INFO    | -		Destroying Component Transform
[09:41:48]	INFO    | -		Destroying Component Transform
[09:41:48]	INFO    | -		Destroying Component Transform
[09:41:48]	INFO    | -		Destroying Component Transform
[09:41:48]	INFO    | -		Destroying Component Transform
[09:41:48]	INFO    | -		Destroying Component Transform
[09:41:48]	INFO    | -		Destroying Component Transform
[09:41:48]	INFO    | -		Destroying Component Transform
[09:41:48]	INFO    | -		Destroying Component Transform
[09:41:48]	INFO    | -		Destroying Component Transform
[09:41:48]	INFO    | -		Destroying Component Transform
[09:41:48]	INFO    | -		Destroying Component Transform
[09:41:48]	INFO    | -		Destroying Component Transform
[09:41:48]	INFO    | -		Destroying Component Transform
[09:41:48]	INFO    | -		Destroying Component Transform
[09:41:48]	INFO    | -		Destroying Component Transform
[09:41:48]	INFO    | -		Destroying Component Transform
[09:41:48]	INFO    | -		Destroying Component Transform
[09:41:48]	INFO    | -		Destroying Component Transform
[09:41:49]	INFO    | -		Destroying Component Transform
[09:41:49]	INFO    | -		Destroying Component Transform
[09:41:49]	INFO    | -		Destroying Component Transform
[09:41:49]	INFO    | -		Destroying Component Transform
[09:41:49]	INFO    | -		Destroying Component Transform
[09:41:49]	INFO    | -		Destroying Component Transform
[09:41:49]	INFO    | -		Destroying Component Transform
[09:41:49]	INFO    | -		Destroying Component Transform
[09:41:49]	INFO    | -		Destroying Component Transform
[09:41:49]	INFO    | -		Destroying Component Transform
[09:41:50]	INFO    | -		Destroying Component Transform
[09:41:50]	INFO    | -		Destroying Component Transform
[09:41:50]	INFO    | -		Destroying Component Transform
[09:41:50]	INFO    | -		Destroying Component Transform
[09:41:50]	INFO    | -		Destroying Component Transform
[09:41:50]	INFO    | -		Destroying Component Transform
[09:41:50]	INFO    | -		Destroying Component Transform
[09:41:50]	INFO    | -		Destroying Component Transform
[09:41:50]	INFO    | -		Destroying Component Transform
[09:41:50]	INFO    | -		Destroying Component Transform
[09:41:50]	INFO    | -		Destroying Component Transform
[09:41:50]	INFO    | -		Destroying Component Transform
[09:41:50]	INFO    | -		Destroying Component Transform
[09:41:50]	INFO    | -		Destroying Component Transform
[09:41:50]	INFO    | -		Destroying Component Transform
[09:41:50]	INFO    | -		Destroying Component Transform
[09:41:50]	INFO    | -		Destroying Component Transform
[09:41:50]	INFO    | -		Destroying Component Transform
[09:41:50]	INFO    | -		Destroying Component Transform
[09:41:51]	INFO    | -		Destroying Component Transform
[09:41:51]	INFO    | -		Destroying Component Transform
[09:41:51]	INFO    | -		Destroying Component Transform
[09:41:51]	INFO    | -		Destroying Component Transform
[09:41:51]	INFO    | -		Destroying Component Transform
[09:41:51]	INFO    | -		Destroying Component Transform
[09:41:52]	INFO    | -		Destroying Component Transform
[09:41:52]	INFO    | -		Destroying Component Transform
[09:41:52]	INFO    | -		Destroying Component Transform
[09:41:52]	INFO    | -		Destroying Component Transform
[09:41:52]	INFO    | -		Destroying Component Transform
[09:41:52]	INFO    | -		Destroying Component Transform
[09:41:52]	INFO    | -		Destroying Component Transform
[09:41:52]	INFO    | -		Destroying Component Transform
[09:41:52]	INFO    | -		Destroying Component Transform
[09:41:52]	INFO    | -		Destroying Component Transform
[09:41:52]	INFO    | -		Destroying Component Transform
[09:41:52]	INFO    | -		Destroying Component Transform
[09:41:52]	INFO    | -		Destroying Component Transform
[09:41:52]	INFO    | -		Destroying Component Transform
[09:41:53]	INFO    | -		Destroying Component Transform
[09:41:53]	INFO    | -		Destroying Component Transform
[09:41:53]	INFO    | -		Destroying Component Transform
[09:41:53]	INFO    | -		Destroying Component Transform
[09:41:53]	INFO    | -		Destroying Component Transform
[09:41:53]	INFO    | -		Destroying Component Transform
[09:41:53]	INFO    | -		Destroying Component Transform
[09:41:53]	INFO    | -		Destroying Component Transform
[09:41:53]	INFO    | -		Destroying Component Transform
[09:41:53]	INFO    | -		Destroying Component Transform
[09:41:53]	INFO    | -		Destroying Component Transform
[09:41:53]	INFO    | -		Destroying Component Transform
[09:41:53]	INFO    | -		Destroying Component Transform
[09:41:53]	INFO    | -		Destroying Component Transform
[09:41:53]	INFO    | -		Destroying Component Transform
[09:41:53]	INFO    | -		Destroying Component Transform
[09:41:53]	INFO    | -		Destroying Component Transform
[09:41:53]	INFO    | -		Destroying Component Transform
[09:41:54]	INFO    | -		Destroying Component Transform
[09:41:54]	INFO    | -		Destroying Component Transform
[09:41:54]	INFO    | -		Destroying Component Transform
[09:41:54]	INFO    | -		Destroying Component Transform
[09:41:54]	INFO    | -		Destroying Component Transform
[09:41:54]	INFO    | -		Destroying Component Transform
[09:41:54]	INFO    | -		Destroying Component Transform
[09:41:54]	INFO    | -		Destroying Component Transform
[09:41:54]	INFO    | -		Destroying Component Transform
[09:41:54]	INFO    | -		Destroying Component Transform
[09:41:54]	INFO    | -		Destroying Component Transform
[09:41:54]	INFO    | -		Destroying Component Transform
[09:41:54]	INFO    | -		Destroying Component Transform
[09:41:54]	INFO    | -		Destroying Component Transform
[09:41:54]	INFO    | -		Destroying Component Transform
[09:41:54]	INFO    | -		Destroying Component Transform
[09:41:54]	INFO    | -		Destroying Component Transform
[09:41:54]	INFO    | -		Destroying Component Transform
[09:41:55]	INFO    | -		Destroying Component Transform
[09:41:55]	INFO    | -		Destroying Component Transform
[09:41:55]	INFO    | -		Destroying Component Transform
[09:41:55]	INFO    | -		Destroying Component Transform
[09:41:55]	INFO    | -		Destroying Component Transform
[09:41:55]	INFO    | -		Destroying Component Transform
[09:41:55]	INFO    | -		Destroying Component Transform
[09:41:55]	INFO    | -		Destroying Component Transform
[09:41:55]	INFO    | -		Destroying Component Transform
[09:41:55]	INFO    | -		Destroying Component Transform
[09:41:55]	INFO    | -		Destroying Component Transform
[09:41:55]	INFO    | -		Destroying Component Transform
[09:41:55]	INFO    | -		Destroying Component Transform
[09:41:55]	INFO    | -		Destroying Component Transform
[09:41:55]	INFO    | -		Destroying Component Transform
[09:41:55]	INFO    | -		Destroying Component Transform
[09:41:55]	INFO    | -		Destroying Component Transform
[09:41:55]	INFO    | -		Destroying Component Transform
[09:41:55]	INFO    | -		Destroying Component Transform
[09:41:56]	INFO    | -		Destroying Component Transform
[09:41:56]	INFO    | -		Destroying Component Transform
[09:41:56]	INFO    | -		Destroying Component Transform
[09:41:56]	INFO    | -		Destroying Component Transform
[09:41:56]	INFO    | -		Destroying Component Transform
[09:41:56]	INFO    | -		Destroying Component Transform
[09:41:56]	INFO    | -		Destroying Component Transform
[09:41:56]	INFO    | -		Destroying Component Transform
[09:41:56]	INFO    | -		Destroying Component Transform
[09:41:56]	INFO    | -		Destroying Component Transform
[09:41:56]	INFO    | -		Destroying Component Transform
[09:41:56]	INFO    | -		Destroying Component Transform
[09:41:56]	INFO    | -		Destroying Component Transform
[09:41:56]	INFO    | -		Destroying Component Transform
[09:41:56]	INFO    | -		Destroying Component Transform
[09:41:56]	INFO    | -		Destroying Component Transform
[09:41:56]	INFO    | -		Destroying Component Transform
[09:41:56]	INFO    | -		Destroying Component Transform
[09:41:56]	INFO    | -		Destroying Component Transform
[09:41:56]	INFO    | -		Destroying Component Transform
[09:41:56]	INFO    | -		Destroying Component Transform
[09:41:56]	INFO    | -		Destroying Component Transform
[09:41:56]	INFO    | -		Destroying Component Transform
[09:41:56]	INFO    | -		Destroying Component Transform
[09:41:56]	INFO    | -		Destroying Component Transform
[09:41:56]	INFO    | -		Destroying Component Transform
[09:41:56]	INFO    | -		Destroying Component Transform
[09:41:56]	INFO    | -		Destroying Component Transform
[09:41:57]	INFO    | -		Destroying Component Transform
[09:41:57]	INFO    | -		Destroying Component Transform
[09:41:57]	INFO    | -		Destroying Component Transform
[09:41:57]	INFO    | -		Destroying Component Transform
[09:41:57]	INFO    | -		Destroying Component Transform
[09:41:57]	INFO    | -		Destroying Component Transform
[09:41:57]	INFO    | -		Destroying Component Transform
[09:41:57]	INFO    | -		Destroying Component Transform
[09:41:57]	INFO    | -		Destroying Component Transform
[09:41:57]	INFO    | -		Destroying Component Transform
[09:41:57]	INFO    | -		Destroying Component Transform
[09:41:57]	INFO    | -		Destroying Component Transform
[09:41:57]	INFO    | -		Destroying Component Transform
[09:41:57]	INFO    | -		Destroying Component Transform
[09:41:57]	INFO    | -		Destroying Component Transform
[09:41:57]	INFO    | -		Destroying Component Transform
[09:41:57]	INFO    | -		Destroying Component Transform
[09:41:57]	INFO    | -		Destroying Component Transform
[09:41:57]	INFO    | -		Destroying Component Transform
[09:41:57]	INFO    | -		Destroying Component Transform
[09:41:57]	INFO    | -		Destroying Component Transform
[09:41:57]	INFO    | -		Destroying Component Transform
[09:41:57]	INFO    | -		Destroying Component Transform
[09:41:57]	INFO    | -		Destroying Component Transform
[09:41:57]	INFO    | -		Destroying Component Transform
[09:41:57]	INFO    | -		Destroying Component Transform
[09:41:57]	INFO    | -		Destroying Component Transform
[09:41:57]	INFO    | -		Destroying Component Transform
[09:41:57]	INFO    | -		Destroying Component Transform
[09:41:57]	INFO    | -		Destroying Component Transform
[09:41:57]	INFO    | -		Destroying Component Transform
[09:41:58]	INFO    | -		Destroying Component Transform
[09:41:58]	INFO    | -		Destroying Component Transform
[09:41:58]	INFO    | -		Destroying Component Transform
[09:41:58]	INFO    | -		Destroying Component Transform
[09:41:58]	INFO    | -		Destroying Component Transform
[09:41:58]	INFO    | -		Destroying Component Transform
[09:41:58]	INFO    | -		Destroying Component Transform
[09:41:58]	INFO    | -		Destroying Component Transform
[09:41:58]	INFO    | -		Destroying Component Transform
[09:41:58]	INFO    | -		Destroying Component Transform
[09:41:58]	INFO    | -		Destroying Component Transform
[09:41:58]	INFO    | -		Destroying Component Transform
[09:41:58]	INFO    | -		Destroying Component Transform
[09:41:58]	INFO    | -		Destroying Component Transform
[09:41:58]	INFO    | -		Destroying Component Transform
[09:41:58]	INFO    | -		Destroying Component Transform
[09:41:58]	INFO    | -		Destroying Component Transform
[09:41:59]	INFO    | -		Destroying Component Transform
[09:41:59]	INFO    | -		Destroying Component Transform
[09:41:59]	INFO    | -		Destroying Component Transform
[09:41:59]	INFO    | -		Destroying Component Transform
[09:41:59]	INFO    | -		Destroying Component Transform
[09:41:59]	INFO    | -		Destroying Component Transform
[09:41:59]	INFO    | -		Destroying Component Transform
[09:41:59]	INFO    | -		Destroying Component Transform
[09:41:59]	INFO    | -		Destroying Component Transform
[09:41:59]	INFO    | -		Destroying Component Transform
[09:41:59]	INFO    | -		Destroying Component Transform
[09:41:59]	INFO    | -		Destroying Component Transform
[09:41:59]	INFO    | -		Destroying Component Transform
[09:41:59]	INFO    | -		Destroying Component Transform
[09:41:59]	INFO    | -		Destroying Component Transform
[09:41:59]	INFO    | -		Destroying Component Transform
[09:41:59]	INFO    | -		Destroying Component Transform
[09:41:59]	INFO    | -		Destroying Component Transform
[09:41:59]	INFO    | -		Destroying Component Transform
[09:41:59]	INFO    | -		Destroying Component Transform
[09:42:00]	INFO    | -		Destroying Component Transform
[09:42:00]	INFO    | -		Destroying Component Transform
[09:42:00]	INFO    | -		Destroying Component Transform
[09:42:00]	INFO    | -		Destroying Component Transform
[09:42:00]	INFO    | -		Destroying Component Transform
[09:42:00]	INFO    | -		Destroying Component Transform
[09:42:00]	INFO    | -		Destroying Component Transform
[09:42:00]	INFO    | -		Destroying Component Transform
[09:42:00]	INFO    | -		Destroying Component Transform
[09:42:00]	INFO    | -		Destroying Component Transform
[09:42:00]	INFO    | -		Destroying Component Transform
[09:42:00]	INFO    | -		Destroying Component Transform
[09:42:00]	INFO    | -		Destroying Component Transform
[09:42:00]	INFO    | -		Destroying Component Transform
[09:42:00]	INFO    | -		Destroying Component Transform
[09:42:00]	INFO    | -		Destroying Component Transform
[09:42:00]	INFO    | -		Destroying Component Transform
[09:42:00]	INFO    | -		Destroying Component Transform
[09:42:01]	INFO    | -		Destroying Component Transform
[09:42:01]	INFO    | -		Destroying Component Transform
[09:42:01]	INFO    | -		Destroying Component Transform
[09:42:01]	INFO    | -		Destroying Component Transform
[09:42:01]	INFO    | -		Destroying Component Transform
[09:42:01]	INFO    | -		Destroying Component Transform
[09:42:01]	INFO    | -		Destroying Component Transform
[09:42:01]	INFO    | -		Destroying Component Transform
[09:42:01]	INFO    | -		Destroying Component Transform
[09:42:01]	INFO    | -		Destroying Component Transform
[09:42:01]	INFO    | -		Destroying Component Transform
[09:42:01]	INFO    | -		Destroying Component Transform
[09:42:01]	INFO    | -		Destroying Component Transform
[09:42:01]	INFO    | -		Destroying Component Transform
[09:42:01]	INFO    | -		Destroying Component Transform
[09:42:01]	INFO    | -		Destroying Component Transform
[09:42:01]	INFO    | -		Destroying Component Transform
[09:42:01]	INFO    | -		Destroying Component Transform
[09:42:01]	INFO    | -		Destroying Component Transform
[09:42:01]	INFO    | -		Destroying Component Transform
[09:42:01]	INFO    | -		Destroying Component Transform
[09:42:01]	INFO    | -		Destroying Component Transform
[09:42:01]	INFO    | -		Destroying Component Transform
[09:42:01]	INFO    | -		Destroying Component Transform
[09:42:01]	INFO    | -		Destroying Component Transform
[09:42:01]	INFO    | -		Destroying Component Transform
[09:42:01]	INFO    | -		Destroying Component Transform
[09:42:01]	INFO    | -		Destroying Component Transform
[09:42:01]	INFO    | -		Destroying Component Transform
[09:42:01]	INFO    | -		Destroying Component Transform
[09:42:01]	INFO    | -		Destroying Component Transform
[09:42:01]	INFO    | -		Destroying Component Transform
[09:42:02]	INFO    | -		Destroying Component Transform
[09:42:02]	INFO    | -		Destroying Component Transform
[09:42:02]	INFO    | -		Destroying Component Transform
[09:42:02]	INFO    | -		Destroying Component Transform
[09:42:02]	INFO    | -		Destroying Component Transform
[09:42:02]	INFO    | -		Destroying Component Transform
[09:42:02]	INFO    | -		Destroying Component Transform
[09:42:02]	INFO    | -		Destroying Component Transform
[09:42:02]	INFO    | -		Destroying Component Transform
[09:42:02]	INFO    | -		Destroying Component Transform
[09:42:02]	INFO    | -		Destroying Component Transform
[09:42:02]	INFO    | -		Destroying Component Transform
[09:42:02]	INFO    | -		Destroying Component Transform
[09:42:02]	INFO    | -		Destroying Component Transform
[09:42:03]	INFO    | -		Destroying Component Transform
[09:42:29]	INFO    | -		Destroying Component Transform
[09:42:29]	INFO    | -		Destroying Component Transform
[09:42:29]	INFO    | -		Destroying Component Transform
[09:42:30]	INFO    | -		Destroying Component Transform
[09:42:30]	INFO    | -		Destroying Component Transform
[09:42:30]	INFO    | -		Destroying Component Transform
[09:42:30]	INFO    | -		Destroying Component Transform
[09:42:30]	INFO    | -		Destroying Component Transform
[09:42:30]	INFO    | -		Destroying Component Transform
[09:42:30]	INFO    | -		Destroying Component Transform
[09:42:30]	INFO    | -		Destroying Component Transform
[09:42:30]	INFO    | -		Destroying Component Transform
[09:42:30]	INFO    | -		Destroying Component Transform
[09:42:30]	INFO    | -		Destroying Component Transform
[09:42:30]	INFO    | -		Destroying Component Transform
[09:42:30]	INFO    | -		Destroying Component Transform
[09:42:30]	INFO    | -		Destroying Component Transform
[09:42:30]	INFO    | -		Destroying Component Transform
[09:42:30]	INFO    | -		Destroying Component Transform
[09:42:30]	INFO    | -		Destroying Component Transform
[09:42:30]	INFO    | -		Destroying Component Transform
[09:42:30]	INFO    | -		Destroying Component Transform
[09:42:30]	INFO    | -		Destroying Component Transform
[09:42:30]	INFO    | -		Destroying Component Transform
[09:42:30]	INFO    | -		Destroying Component Transform
[09:42:30]	INFO    | -		Destroying Component Transform
[09:42:30]	INFO    | -		Destroying Component Transform
[09:42:30]	INFO    | -		Destroying Component Transform
[09:42:30]	INFO    | -		Destroying Component Transform
[09:42:30]	INFO    | -		Destroying Component Transform
[09:42:30]	INFO    | -		Destroying Component Transform
[09:42:30]	INFO    | -		Destroying Component Transform
[09:42:30]	INFO    | -		Destroying Component Transform
[09:42:31]	INFO    | -		Destroying Component Transform
[09:42:31]	INFO    | -		Destroying Component Transform
[09:42:31]	INFO    | -		Destroying Component Transform
[09:42:31]	INFO    | -		Destroying Component Transform
[09:42:31]	INFO    | -		Destroying Component Transform
[09:42:31]	INFO    | -		Destroying Component Transform
[09:42:31]	INFO    | -		Destroying Component Transform
[09:42:31]	INFO    | -		Destroying Component Transform
[09:42:31]	INFO    | -		Destroying Component Transform
[09:42:31]	INFO    | -		Destroying Component Transform
[09:42:31]	INFO    | -		Destroying Component Transform
[09:42:31]	INFO    | -		Destroying Component Transform
[09:42:31]	INFO    | -		Destroying Component Transform
[09:42:31]	INFO    | -		Destroying Component Transform
[09:42:31]	INFO    | -		Destroying Component Transform
[09:42:31]	INFO    | -		Destroying Component Transform
[09:42:31]	INFO    | -		Destroying Component Transform
[09:42:31]	INFO    | -		Destroying Component Transform
[09:42:31]	INFO    | -		Destroying Component Transform
[09:42:31]	INFO    | -		Destroying Component Transform
[09:42:31]	INFO    | -		Destroying Component Transform
[09:42:31]	INFO    | -		Destroying Component Transform
[09:42:31]	INFO    | -		Destroying Component Transform
[09:42:31]	INFO    | -		Destroying Component Transform
[09:42:31]	INFO    | -		Destroying Component Transform
[09:42:31]	INFO    | -		Destroying Component Transform
[09:42:31]	INFO    | -		Destroying Component Transform
[09:42:31]	INFO    | -		Destroying Component Transform
[09:42:31]	INFO    | -		Destroying Component Transform
[09:42:31]	INFO    | -		Destroying Component Transform
[09:42:32]	INFO    | -		Destroying Component Transform
[09:42:32]	INFO    | -		Destroying Component Transform
[09:42:32]	INFO    | -		Destroying Component Transform
[09:42:32]	INFO    | -		Destroying Component Transform
[09:42:32]	INFO    | -		Destroying Component Transform
[09:42:32]	INFO    | -		Destroying Component Transform
[09:42:32]	INFO    | -		Destroying Component Transform
[09:42:32]	INFO    | -		Destroying Component Transform
[09:42:32]	INFO    | -		Destroying Component Transform
[09:42:32]	INFO    | -		Destroying Component Transform
[09:42:32]	INFO    | -		Destroying Component Transform
[09:42:32]	INFO    | -		Destroying Component Transform
[09:42:32]	INFO    | -		Destroying Component Transform
[09:42:32]	INFO    | -		Destroying Component Transform
[09:42:32]	INFO    | -		Destroying Component Transform
[09:42:32]	INFO    | -		Destroying Component Transform
[09:42:32]	INFO    | -		Destroying Component Transform
[09:42:32]	INFO    | -		Destroying Component Transform
[09:42:32]	INFO    | -		Destroying Component Transform
[09:42:32]	INFO    | -		Destroying Component Transform
[09:42:32]	INFO    | -		Destroying Component Transform
[09:42:32]	INFO    | -		Destroying Component Transform
[09:42:32]	INFO    | -		Destroying Component Transform
[09:42:32]	INFO    | -		Destroying Component Transform
[09:42:32]	INFO    | -		Destroying Component Transform
[09:42:32]	INFO    | -		Destroying Component Transform
[09:42:32]	INFO    | -		Destroying Component Transform
[09:42:32]	INFO    | -		Destroying Component Transform
[09:42:32]	INFO    | -		Destroying Component Transform
[09:42:33]	INFO    | -		Destroying Component Transform
[09:42:33]	INFO    | -		Destroying Component Transform
[09:42:43]	INFO    | -		Destroying Component Transform
[09:42:44]	INFO    | -		Destroying Component Transform
[09:42:44]	INFO    | -		Destroying Component Transform
[09:42:44]	INFO    | -		Destroying Component Transform
[09:42:44]	INFO    | -		Destroying Component Transform
[09:42:44]	INFO    | -		Destroying Component Transform
[09:42:44]	INFO    | -		Destroying Component Transform
[09:42:44]	INFO    | -		Destroying Component Transform
[09:42:44]	INFO    | -		Destroying Component Transform
[09:42:44]	INFO    | -		Destroying Component Transform
[09:42:44]	INFO    | -		Destroying Component Transform
[09:42:44]	INFO    | -		Destroying Component Transform
[09:42:44]	INFO    | -		Destroying Component Transform
[09:42:44]	INFO    | -		Destroying Component Transform
[09:42:44]	INFO    | -		Destroying Component Transform
[09:42:44]	INFO    | -		Destroying Component Transform
[09:42:44]	INFO    | -		Destroying Component Transform
[09:42:44]	INFO    | -		Destroying Component Transform
[09:42:44]	INFO    | -		Destroying Component Transform
[09:42:44]	INFO    | -		Destroying Component Transform
[09:42:44]	INFO    | -		Destroying Component Transform
[09:42:44]	INFO    | -		Destroying Component Transform
[09:42:44]	INFO    | -		Destroying Component Transform
[09:42:44]	INFO    | -		Destroying Component Transform
[09:42:44]	INFO    | -		Destroying Component Transform
[09:42:44]	INFO    | -		Destroying Component Transform
[09:42:44]	INFO    | -		Destroying Component Transform
[09:42:44]	INFO    | -		Destroying Component Transform
[09:42:45]	INFO    | -		Destroying Component Transform
[09:42:45]	INFO    | -		Destroying Component Transform
[09:42:45]	INFO    | -		Destroying Component Transform
[09:42:45]	INFO    | -		Destroying Component Transform
[09:42:45]	INFO    | -		Destroying Component Transform
[09:42:45]	INFO    | -		Destroying Component Transform
[09:42:45]	INFO    | -		Destroying Component Transform
[09:42:45]	INFO    | -		Destroying Component Transform
[09:42:45]	INFO    | -		Destroying Component Transform
[09:42:45]	INFO    | -		Destroying Component Transform
[09:42:45]	INFO    | -		Destroying Component Transform
[09:42:45]	INFO    | -		Destroying Component Transform
[09:42:45]	INFO    | -		Destroying Component Transform
[09:42:45]	INFO    | -		Destroying Component Transform
[09:42:45]	INFO    | -		Destroying Component Transform
[09:42:45]	INFO    | -		Destroying Component Transform
[09:42:45]	INFO    | -		Destroying Component Transform
[09:42:45]	INFO    | -		Destroying Component Transform
[09:42:45]	INFO    | -		Destroying Component Transform
[09:42:45]	INFO    | -		Destroying Component Transform
[09:42:45]	INFO    | -		Destroying Component Transform
[09:42:45]	INFO    | -		Destroying Component Transform
[09:42:45]	INFO    | -		Destroying Component Transform
[09:42:45]	INFO    | -		Destroying Component Transform
[09:42:45]	INFO    | -		Destroying Component Transform
[09:42:45]	INFO    | -		Destroying Component Transform
[09:42:45]	INFO    | -		Destroying Component Transform
[09:42:46]	INFO    | -		Destroying Component Transform
[09:42:46]	INFO    | -		Destroying Component Transform
[09:42:46]	INFO    | -		Destroying Component Transform
[09:42:46]	INFO    | -		Destroying Component Transform
[09:42:46]	INFO    | -		Destroying Component Transform
[09:42:46]	INFO    | -		Destroying Component Transform
[09:42:46]	INFO    | -		Destroying Component Transform
[09:42:46]	INFO    | -		Destroying Component Transform
[09:42:46]	INFO    | -		Destroying Component Transform
[09:42:46]	INFO    | -		Destroying Component Transform
[09:42:46]	INFO    | -		Destroying Component Transform
[09:42:46]	INFO    | -		Destroying Component Transform
[09:42:46]	INFO    | -		Destroying Component Transform
[09:42:46]	INFO    | -		Destroying Component Transform
[09:42:46]	INFO    | -		Destroying Component Transform
[09:42:46]	INFO    | -		Destroying Component Transform
[09:42:46]	INFO    | -		Destroying Component Transform
[09:42:46]	INFO    | -		Destroying Component Transform
[09:42:46]	INFO    | -		Destroying Component Transform
[09:42:46]	INFO    | -		Destroying Component Transform
[09:42:46]	INFO    | -		Destroying Component Transform
[09:42:46]	INFO    | -		Destroying Component Transform
[09:42:46]	INFO    | -		Destroying Component Transform
[09:42:46]	INFO    | -		Destroying Component Transform
[09:42:46]	INFO    | -		Destroying Component Transform
[09:42:46]	INFO    | -		Destroying Component Transform
[09:42:46]	INFO    | -		Destroying Component Transform
[09:42:46]	INFO    | -		Destroying Component Transform
[09:42:46]	INFO    | -		Destroying Component Transform
[09:42:46]	INFO    | -		Destroying Component Transform
[09:42:47]	INFO    | -		Destroying Component Transform
[09:42:47]	INFO    | -		Destroying Component Transform
[09:42:47]	INFO    | -		Destroying Component Transform
[09:42:47]	INFO    | -		Destroying Component Transform
[09:42:47]	INFO    | -		Destroying Component Transform
[09:42:47]	INFO    | -		Destroying Component Transform
[09:42:47]	INFO    | -		Destroying Component Transform
[09:42:47]	INFO    | -		Destroying Component Transform
[09:42:47]	INFO    | -		Destroying Component Transform
[09:42:47]	INFO    | -		Destroying Component Transform
[09:42:47]	INFO    | -		Destroying Component Transform
[09:42:47]	INFO    | -		Destroying Component Transform
[09:42:47]	INFO    | -		Destroying Component Transform
[09:42:47]	INFO    | -		Destroying Component Transform
[09:42:47]	INFO    | -		Destroying Component Transform
[09:42:47]	INFO    | -		Destroying Component Transform
[09:42:47]	INFO    | -		Destroying Component Transform
[09:42:47]	INFO    | -		Destroying Component Transform
[09:42:47]	INFO    | -		Destroying Component Transform
[09:42:47]	INFO    | -		Destroying Component Transform
[09:42:47]	INFO    | -		Destroying Component Transform
[09:42:47]	INFO    | -		Destroying Component Transform
[09:42:47]	INFO    | -		Destroying Component Transform
[09:42:47]	INFO    | -		Destroying Component Transform
[09:42:47]	INFO    | -		Destroying Component Transform
[09:42:47]	INFO    | -		Destroying Component Transform
[09:42:47]	INFO    | -		Destroying Component Transform
[09:42:47]	INFO    | -		Destroying Component Transform
[09:42:47]	INFO    | -		Destroying Component Transform
[09:42:47]	INFO    | -		Destroying Component Transform
[09:42:48]	INFO    | -		Destroying Component Transform
[09:42:48]	INFO    | -		Destroying Component Transform
[09:42:48]	INFO    | -		Destroying Component Transform
[09:42:48]	INFO    | -		Destroying Component Transform
[09:42:48]	INFO    | -		Destroying Component Transform
[09:42:48]	INFO    | -		Destroying Component Transform
[09:42:48]	INFO    | -		Destroying Component Transform
[09:42:48]	INFO    | -		Destroying Component Transform
[09:42:48]	INFO    | -		Destroying Component Transform
[09:42:48]	INFO    | -		Destroying Component Transform
[09:42:48]	INFO    | -		Destroying Component Transform
[09:42:48]	INFO    | -		Destroying Component Transform
[09:42:48]	INFO    | -		Destroying Component Transform
[09:42:48]	INFO    | -		Destroying Component Transform
[09:42:48]	INFO    | -		Destroying Component Transform
[09:42:48]	INFO    | -		Destroying Component Transform
[09:42:48]	INFO    | -		Destroying Component Transform
[09:42:48]	INFO    | -		Destroying Component Transform
[09:42:48]	INFO    | -		Destroying Component Transform
[09:42:48]	INFO    | -		Destroying Component Transform
[09:42:48]	INFO    | -		Destroying Component Transform
[09:42:48]	INFO    | -		Destroying Component Transform
[09:42:48]	INFO    | -		Destroying Component Transform
[09:42:48]	INFO    | -		Destroying Component Transform
[09:42:48]	INFO    | -		Destroying Component Transform
[09:42:48]	INFO    | -		Destroying Component Transform
[09:42:48]	INFO    | -		Destroying Component Transform
[09:42:48]	INFO    | -		Destroying Component Transform
[09:42:48]	INFO    | -		Destroying Component Transform
[09:42:48]	INFO    | -		Destroying Component Transform
[09:42:49]	INFO    | -		Destroying Component Transform
[09:42:49]	INFO    | -		Destroying Component Transform
[09:42:49]	INFO    | -		Destroying Component Transform
[09:42:49]	INFO    | -		Destroying Component Transform
[09:42:49]	INFO    | -		Destroying Component Transform
[09:42:49]	INFO    | -		Destroying Component Transform
[09:42:49]	INFO    | -		Destroying Component Transform
[09:42:49]	INFO    | -		Destroying Component Transform
[09:42:49]	INFO    | -		Destroying Component Transform
[09:42:49]	INFO    | -		Destroying Component Transform
[09:42:49]	INFO    | -		Destroying Component Transform
[09:42:49]	INFO    | -		Destroying Component Transform
[09:42:49]	INFO    | -		Destroying Component Transform
[09:42:49]	INFO    | -		Destroying Component Transform
[09:42:49]	INFO    | -		Destroying Component Transform
[09:42:49]	INFO    | -		Destroying Component Transform
[09:42:49]	INFO    | -		Destroying Component Transform
[09:42:49]	INFO    | -		Destroying Component Transform
[09:42:49]	INFO    | -		Destroying Component Transform
[09:42:49]	INFO    | -		Destroying Component Transform
[09:42:49]	INFO    | -		Destroying Component Transform
[09:42:49]	INFO    | -		Destroying Component Transform
[09:42:49]	INFO    | -		Destroying Component Transform
[09:42:54]	INFO    | -		Destroying Component Transform
[09:42:54]	INFO    | -		Destroying Component Transform
[09:42:54]	INFO    | -		Destroying Component Transform
[09:42:54]	INFO    | -		Destroying Component Transform
[09:42:54]	INFO    | -		Destroying Component Transform
[09:42:54]	INFO    | -		Destroying Component Transform
[09:42:54]	INFO    | -		Destroying Component Transform
[09:42:54]	INFO    | -		Destroying Component Transform
[09:42:54]	INFO    | -		Destroying Component Transform
[09:42:54]	INFO    | -		Destroying Component Transform
[09:42:54]	INFO    | -		Destroying Component Transform
[09:42:54]	INFO    | -		Destroying Component Transform
[09:42:54]	INFO    | -		Destroying Component Transform
[09:42:54]	INFO    | -		Destroying Component Transform
[09:42:54]	INFO    | -		Destroying Component Transform
[09:42:54]	INFO    | -		Destroying Component Transform
[09:42:54]	INFO    | -		Destroying Component Transform
[09:42:54]	INFO    | -		Destroying Component Transform
[09:42:55]	INFO    | -		Destroying Component Transform
[09:42:55]	INFO    | -		Destroying Component Transform
[09:42:55]	INFO    | -		Destroying Component Transform
[09:42:55]	INFO    | -		Destroying Component Transform
[09:42:55]	INFO    | -		Destroying Component Transform
[09:42:55]	INFO    | -		Destroying Component Transform
[09:42:55]	INFO    | -		Destroying Component Transform
[09:42:55]	INFO    | -		Destroying Component Transform
[09:42:55]	INFO    | -		Destroying Component Transform
[09:42:55]	INFO    | -		Destroying Component Transform
[09:42:55]	INFO    | -		Destroying Component Transform
[09:42:55]	INFO    | -		Destroying Component Transform
[09:42:55]	INFO    | -		Destroying Component Transform
[09:42:55]	INFO    | -		Destroying Component Transform
[09:42:55]	INFO    | -		Destroying Component Transform
[09:42:55]	INFO    | -		Destroying Component Transform
[09:42:55]	INFO    | -		Destroying Component Transform
[09:42:55]	INFO    | -		Destroying Component Transform
[09:42:55]	INFO    | -		Destroying Component Transform
[09:42:55]	INFO    | -		Destroying Component Transform
[09:42:55]	INFO    | -		Destroying Component Transform
[09:42:55]	INFO    | -		Destroying Component Transform
[09:42:55]	INFO    | -		Destroying Component Transform
[09:42:55]	INFO    | -		Destroying Component Transform
[09:42:55]	INFO    | -		Destroying Component Transform
[09:42:55]	INFO    | -		Destroying Component Transform
[09:42:55]	INFO    | -		Destroying Component Transform
[09:42:55]	INFO    | -		Destroying Component Transform
[09:42:55]	INFO    | -		Destroying Component Transform
[09:42:55]	INFO    | -		Destroying Component Transform
[09:42:56]	INFO    | -		Destroying Component Transform
[09:42:56]	INFO    | -		Destroying Component Transform
[09:42:56]	INFO    | -		Destroying Component Transform
[09:42:56]	INFO    | -		Destroying Component Transform
[09:42:56]	INFO    | -		Destroying Component Transform
[09:42:56]	INFO    | -		Destroying Component Transform
[09:42:56]	INFO    | -		Destroying Component Transform
[09:42:56]	INFO    | -		Destroying Component Transform
[09:42:56]	INFO    | -		Destroying Component Transform
[09:42:56]	INFO    | -		Destroying Component Transform
[09:42:56]	INFO    | -		Destroying Component Transform
[09:42:56]	INFO    | -		Destroying Component Transform
[09:42:56]	INFO    | -		Destroying Component Transform
[09:42:56]	INFO    | -		Destroying Component Transform
[09:42:56]	INFO    | -		Destroying Component Transform
[09:42:56]	INFO    | -		Destroying Component Transform
[09:42:56]	INFO    | -		Destroying Component Transform
[09:42:56]	INFO    | -		Destroying Component Transform
[09:42:56]	INFO    | -		Destroying Component Transform
[09:42:56]	INFO    | -		Destroying Component Transform
[09:42:56]	INFO    | -		Destroying Component Transform
[09:42:56]	INFO    | -		Destroying Component Transform
[09:42:56]	INFO    | -		Destroying Component Transform
[09:42:56]	INFO    | -		Destroying Component Transform
[09:42:56]	INFO    | -		Destroying Component Transform
[09:42:56]	INFO    | -		Destroying Component Transform
[09:42:56]	INFO    | -		Destroying Component Transform
[09:42:56]	INFO    | -		Destroying Component Transform
[09:42:56]	INFO    | -		Destroying Component Transform
[09:42:56]	INFO    | -		Destroying Component Transform
[09:42:57]	INFO    | -		Destroying Component Transform
[09:42:57]	INFO    | -		Destroying Component Transform
[09:42:57]	INFO    | -		Destroying Component Transform
[09:42:57]	INFO    | -		Destroying Component Transform
[09:42:57]	INFO    | -		Destroying Component Transform
[09:42:57]	INFO    | -		Destroying Component Transform
[09:42:57]	INFO    | -		Destroying Component Transform
[09:42:57]	INFO    | -		Destroying Component Transform
[09:42:57]	INFO    | -		Destroying Component Transform
[09:42:57]	INFO    | -		Destroying Component Transform
[09:42:57]	INFO    | -		Destroying Component Transform
[09:42:57]	INFO    | -		Destroying Component Transform
[09:42:57]	INFO    | -		Destroying Component Transform
[09:42:57]	INFO    | -		Destroying Component Transform
[09:42:57]	INFO    | -		Destroying Component Transform
[09:42:57]	INFO    | -		Destroying Component Transform
[09:42:57]	INFO    | -		Destroying Component Transform
[09:42:57]	INFO    | -		Destroying Component Transform
[09:42:57]	INFO    | -		Destroying Component Transform
[09:42:57]	INFO    | -		Destroying Component Transform
[09:42:57]	INFO    | -		Destroying Component Transform
[09:42:57]	INFO    | -		Destroying Component Transform
[09:42:57]	INFO    | -		Destroying Component Transform
[09:42:57]	INFO    | -		Destroying Component Transform
[09:42:57]	INFO    | -		Destroying Component Transform
[09:42:57]	INFO    | -		Destroying Component Transform
[09:42:57]	INFO    | -		Destroying Component Transform
[09:42:57]	INFO    | -		Destroying Component Transform
[09:42:57]	INFO    | -		Destroying Component Transform
[09:42:57]	INFO    | -		Destroying Component Transform
[09:42:57]	INFO    | -		Destroying Component Transform
[09:42:58]	INFO    | -		Destroying Component Transform
[09:42:58]	INFO    | -		Destroying Component Transform
[09:42:58]	INFO    | -		Destroying Component Transform
[09:42:58]	INFO    | -		Destroying Component Transform
[09:42:58]	INFO    | -		Destroying Component Transform
[09:42:58]	INFO    | -		Destroying Component Transform
[09:42:58]	INFO    | -		Destroying Component Transform
[09:42:58]	INFO    | -		Destroying Component Transform
[09:42:58]	INFO    | -		Destroying Component Transform
[09:42:58]	INFO    | -		Destroying Component Transform
[09:42:58]	INFO    | -		Destroying Component Transform
[09:42:58]	INFO    | -		Destroying Component Transform
[09:42:58]	INFO    | -		Destroying Component Transform
[09:42:58]	INFO    | -		Destroying Component Transform
[09:42:58]	INFO    | -		Destroying Component Transform
[09:42:58]	INFO    | -		Destroying Component Transform
[09:42:58]	INFO    | -		Destroying Component Transform
[09:42:58]	INFO    | -		Destroying Component Transform
[09:42:58]	INFO    | -		Destroying Component Transform
[09:42:58]	INFO    | -		Destroying Component Transform
[09:42:58]	INFO    | -		Destroying Component Transform
[09:42:58]	INFO    | -		Destroying Component Transform
[09:42:58]	INFO    | -		Destroying Component Transform
[09:42:58]	INFO    | -		Destroying Component Transform
[09:42:58]	INFO    | -		Destroying Component Transform
[09:42:58]	INFO    | -		Destroying Component Transform
[09:42:58]	INFO    | -		Destroying Component Transform
[09:42:58]	INFO    | -		Destroying Component Transform
[09:42:58]	INFO    | -		Destroying Component Transform
[09:42:58]	INFO    | -		Destroying Component Transform
[09:42:59]	INFO    | -		Destroying Component Transform
[09:42:59]	INFO    | -		Destroying Component Transform
[09:42:59]	INFO    | -		Destroying Component Transform
[09:42:59]	INFO    | -		Destroying Component Transform
[09:42:59]	INFO    | -		Destroying Component Transform
[09:42:59]	INFO    | -		Destroying Component Transform
[09:42:59]	INFO    | -		Destroying Component Transform
[09:42:59]	INFO    | -		Destroying Component Transform
[09:42:59]	INFO    | -		Destroying Component Transform
[09:42:59]	INFO    | -		Destroying Component Transform
[09:42:59]	INFO    | -		Destroying Component Transform
[09:42:59]	INFO    | -		Destroying Component Transform
[09:42:59]	INFO    | -		Destroying Component Transform
[09:42:59]	INFO    | -		Destroying Component Transform
[09:42:59]	INFO    | -		Destroying Component Transform
[09:42:59]	INFO    | -		Destroying Component Transform
[09:42:59]	INFO    | -		Destroying Component Transform
[09:42:59]	INFO    | -		Destroying Component Transform
[09:42:59]	INFO    | -		Destroying Component Transform
[09:42:59]	INFO    | -		Destroying Component Transform
[09:42:59]	INFO    | -		Destroying Component Transform
[09:42:59]	INFO    | -		Destroying Component Transform
[09:42:59]	INFO    | -		Destroying Component Transform
[09:42:59]	INFO    | -		Destroying Component Transform
[09:42:59]	INFO    | -		Destroying Component Transform
[09:42:59]	INFO    | -		Destroying Component Transform
[09:42:59]	INFO    | -		Destroying Component Transform
[09:43:00]	INFO    | -		Destroying Component Transform
[09:43:00]	INFO    | -		Destroying Component Transform
[09:44:02]	INFO    | - Destroying Graph
[09:44:02]	INFO    | - Unloading scene
[09:44:02]	INFO    | -	 Destroying Object : Loading
[09:44:02]	INFO    | -		Destroying Component Sprite
[09:44:02]	INFO    | -		Destroying Component Transform
[09:44:02]	        |
[09:44:02]	        |------------------------------------------------------------------------
[09:44:02]	        |
[09:44:02]	INFO    | -	 Destroying Object : Loading
[09:44:02]	INFO    | -		Destroying Component Sprite
[09:44:02]	INFO    | -		Destroying Component Transform
[09:44:02]	        |
[09:44:02]	        |------------------------------------------------------------------------
[09:44:02]	        |
[09:44:02]	INFO    | -	 Destroying Object : Button_03
[09:44:02]	INFO    | -		Destroying Component Box Collider 2D
[09:44:02]	INFO    | -		Destroying Component Button
[09:44:02]	INFO    | -		Destroying Component Sprite
[09:44:02]	INFO    | -		Destroying Component Transform
[09:44:02]	        |
[09:44:02]	        |------------------------------------------------------------------------
[09:44:02]	        |
[09:44:02]	INFO    | -	 Destroying Object : Button_02
[09:44:02]	INFO    | -		Destroying Component Box Collider 2D
[09:44:02]	INFO    | -		Destroying Component Button
[09:44:02]	INFO    | -		Destroying Component Sprite
[09:44:02]	INFO    | -		Destroying Component Transform
[09:44:02]	        |
[09:44:02]	        |------------------------------------------------------------------------
[09:44:02]	        |
[09:44:02]	INFO    | -	 Destroying Object : Button_01
[09:44:02]	INFO    | -		Destroying Component Box Collider 2D
[09:44:02]	INFO    | -		Destroying Component Button
[09:44:02]	INFO    | -		Destroying Component Sprite
[09:44:02]	INFO    | -		Destroying Component Transform
[09:44:02]	        |
[09:44:02]	        |------------------------------------------------------------------------
[09:44:02]	        |
[09:44:02]	INFO    | -	 Destroying Object : BackGroung
[09:44:02]	INFO    | -		Destroying Component Sprite
[09:44:02]	INFO    | -		Destroying Component Transform
[09:44:02]	        |
[09:44:02]	        |------------------------------------------------------------------------
[09:44:02]	        |
[09:44:02]	INFO    | - Unloading scene
[09:44:02]	INFO    | -	 Destroying Object : Enemy1GFX
[09:44:02]	INFO    | -		Destroying Component R2.002
[09:44:02]	INFO    | -		Destroying Component Transform
[09:44:02]	        |
[09:44:02]	        |------------------------------------------------------------------------
[09:44:02]	        |
[09:44:02]	INFO    | -	 Destroying Object : Enemy1
[09:44:02]	INFO    | -		Destroying Component Box Collider 3D
[09:44:02]	INFO    | -		Destroying Component 
[09:44:02]	INFO    | -		Destroying Component Sphere
[09:44:02]	INFO    | -		Destroying Component Sphere Collider 3D
[09:44:02]	INFO    | -		Destroying Component 
[09:44:02]	INFO    | -		Destroying Component RigidBody 3D
[09:44:02]	INFO    | -		Destroying Component 
[09:44:02]	INFO    | -		Destroying Component Enemy
[09:44:02]	INFO    | -		Destroying Component Transform
[09:44:02]	        |
[09:44:02]	        |------------------------------------------------------------------------
[09:44:02]	        |
[09:44:02]	INFO    | -	 Destroying Object : EnemyGFX
[09:44:02]	INFO    | -		Destroying Component Transform
[09:44:02]	        |
[09:44:02]	        |------------------------------------------------------------------------
[09:44:02]	        |
[09:44:02]	INFO    | -	 Destroying Object : Menu
[09:44:02]	INFO    | -		Destroying Component PauseMenu
[09:44:02]	INFO    | -		Destroying Component Transform
[09:44:02]	        |
[09:44:02]	        |------------------------------------------------------------------------
[09:44:02]	        |
[09:44:02]	INFO    | -	 Destroying Object : Button_03
[09:44:02]	INFO    | -		Destroying Component Box Collider 2D
[09:44:02]	INFO    | -		Destroying Component Button
[09:44:02]	INFO    | -		Destroying Component Sprite
[09:44:02]	INFO    | -		Destroying Component Transform
[09:44:02]	        |
[09:44:02]	        |------------------------------------------------------------------------
[09:44:02]	        |
[09:44:02]	INFO    | -	 Destroying Object : Button_02
[09:44:02]	INFO    | -		Destroying Component Box Collider 2D
[09:44:02]	INFO    | -		Destroying Component Button
[09:44:02]	INFO    | -		Destroying Component Sprite
[09:44:02]	INFO    | -		Destroying Component Transform
[09:44:02]	        |
[09:44:02]	        |------------------------------------------------------------------------
[09:44:02]	        |
[09:44:02]	INFO    | -	 Destroying Object : Button_01
[09:44:02]	INFO    | -		Destroying Component Box Collider 2D
[09:44:02]	INFO    | -		Destroying Component Button
[09:44:02]	INFO    | -		Destroying Component Sprite
[09:44:02]	INFO    | -		Destroying Component Transform
[09:44:02]	        |
[09:44:02]	        |------------------------------------------------------------------------
[09:44:02]	        |
[09:44:02]	INFO    | -	 Destroying Object : BackGroungPauseMenu
[09:44:02]	INFO    | -		Destroying Component Sprite
[09:44:02]	INFO    | -		Destroying Component Transform
[09:44:02]	        |
[09:44:02]	        |------------------------------------------------------------------------
[09:44:02]	        |
[09:44:02]	INFO    | -	 Destroying Object : Light_03
[09:44:02]	INFO    | -		Destroying Component Light
[09:44:02]	INFO    | -		Destroying Component Transform
[09:44:02]	        |
[09:44:02]	        |------------------------------------------------------------------------
[09:44:02]	        |
[09:44:02]	INFO    | -	 Destroying Object : Light_02
[09:44:02]	INFO    | -		Destroying Component Light
[09:44:02]	INFO    | -		Destroying Component Transform
[09:44:02]	        |
[09:44:02]	        |------------------------------------------------------------------------
[09:44:02]	        |
[09:44:02]	INFO    | -	 Destroying Object : Light_01
[09:44:02]	INFO    | -		Destroying Component Light
[09:44:02]	INFO    | -		Destroying Component Transform
[09:44:02]	        |
[09:44:02]	        |------------------------------------------------------------------------
[09:44:02]	        |
[09:44:02]	INFO    | -	 Destroying Object : Main_Camera
[09:44:02]	INFO    | -		Destroying Component Camera
[09:44:02]	INFO    | -		Destroying Component Transform
[09:44:02]	        |
[09:44:02]	        |------------------------------------------------------------------------
[09:44:02]	        |
[09:44:02]	INFO    | -	 Destroying Object : PlayerGFX
[09:44:02]	INFO    | -		Destroying Component Sphere
[09:44:02]	INFO    | -		Destroying Component Transform
[09:44:02]	        |
[09:44:02]	        |------------------------------------------------------------------------
[09:44:02]	        |
[09:44:02]	INFO    | -	 Destroying Object : Player
[09:44:02]	INFO    | -		Destroying Component Weapon
[09:44:02]	INFO    | -		Destroying Component Transform
[09:44:02]	INFO    | -		Destroying Component Particle System
[09:44:02]	INFO    | -		Destroying Component Sphere Collider 3D
[09:44:02]	INFO    | -		Destroying Component 
[09:44:02]	INFO    | -		Destroying Component RigidBody 3D
[09:44:02]	INFO    | -		Destroying Component 
[09:44:02]	INFO    | -		Destroying Component Player
[09:44:02]	INFO    | -		Destroying Component Transform
[09:44:02]	        |
[09:44:02]	        |------------------------------------------------------------------------
[09:44:02]	        |
[09:44:02]	INFO    | -	 Destroying Object : Wall_SciFi_032
[09:44:02]	INFO    | -		Destroying Component Box Collider 3D
[09:44:02]	INFO    | -		Destroying Component 
[09:44:02]	INFO    | -		Destroying Component SciFi_03
[09:44:02]	INFO    | -		Destroying Component Transform
[09:44:02]	        |
[09:44:02]	        |------------------------------------------------------------------------
[09:44:02]	        |
[09:44:02]	INFO    | -	 Destroying Object : Wall_SciFi_031
[09:44:02]	INFO    | -		Destroying Component Box Collider 3D
[09:44:02]	INFO    | -		Destroying Component 
[09:44:02]	INFO    | -		Destroying Component SciFi_03
[09:44:02]	INFO    | -		Destroying Component Transform
[09:44:02]	        |
[09:44:02]	        |------------------------------------------------------------------------
[09:44:02]	        |
[09:44:02]	INFO    | -	 Destroying Object : Wall_SciFi_03
[09:44:02]	INFO    | -		Destroying Component Box Collider 3D
[09:44:02]	INFO    | -		Destroying Component 
[09:44:02]	INFO    | -		Destroying Component SciFi_03
[09:44:02]	INFO    | -		Destroying Component Transform
[09:44:02]	        |
[09:44:02]	        |------------------------------------------------------------------------
[09:44:02]	        |
[09:44:02]	INFO    | -	 Destroying Object : Wall_SciFi_022
[09:44:02]	INFO    | -		Destroying Component Box Collider 3D
[09:44:02]	INFO    | -		Destroying Component 
[09:44:02]	INFO    | -		Destroying Component SciFi_02
[09:44:02]	INFO    | -		Destroying Component Transform
[09:44:02]	        |
[09:44:02]	        |------------------------------------------------------------------------
[09:44:02]	        |
[09:44:02]	INFO    | -	 Destroying Object : Wall_SciFi_021
[09:44:02]	INFO    | -		Destroying Component Box Collider 3D
[09:44:02]	INFO    | -		Destroying Component 
[09:44:02]	INFO    | -		Destroying Component SciFi_02
[09:44:02]	INFO    | -		Destroying Component Transform
[09:44:02]	        |
[09:44:02]	        |------------------------------------------------------------------------
[09:44:02]	        |
[09:44:02]	INFO    | -	 Destroying Object : Wall_SciFi_02
[09:44:02]	INFO    | -		Destroying Component Box Collider 3D
[09:44:02]	INFO    | -		Destroying Component 
[09:44:02]	INFO    | -		Destroying Component SciFi_02
[09:44:02]	INFO    | -		Destroying Component Transform
[09:44:02]	        |
[09:44:02]	        |------------------------------------------------------------------------
[09:44:02]	        |
[09:44:02]	INFO    | -	 Destroying Object : Wall_SciFi_012
[09:44:02]	INFO    | -		Destroying Component Box Collider 3D
[09:44:02]	INFO    | -		Destroying Component 
[09:44:02]	INFO    | -		Destroying Component SciFi_01
[09:44:02]	INFO    | -		Destroying Component Transform
[09:44:02]	        |
[09:44:02]	        |------------------------------------------------------------------------
[09:44:02]	        |
[09:44:02]	INFO    | -	 Destroying Object : Wall_SciFi_011
[09:44:02]	INFO    | -		Destroying Component Box Collider 3D
[09:44:02]	INFO    | -		Destroying Component 
[09:44:02]	INFO    | -		Destroying Component SciFi_01
[09:44:02]	INFO    | -		Destroying Component Transform
[09:44:02]	        |
[09:44:02]	        |------------------------------------------------------------------------
[09:44:02]	        |
[09:44:02]	INFO    | -	 Destroying Object : Wall_SciFi_01
[09:44:02]	INFO    | -		Destroying Component Box Collider 3D
[09:44:02]	INFO    | -		Destroying Component 
[09:44:02]	INFO    | -		Destroying Component SciFi_01
[09:44:02]	INFO    | -		Destroying Component Transform
[09:44:02]	        |
[09:44:02]	        |------------------------------------------------------------------------
[09:44:02]	        |
[09:44:02]	INFO    | -	 Destroying Object : Platform5
[09:44:02]	INFO    | -		Destroying Component Box Collider 3D
[09:44:02]	INFO    | -		Destroying Component 
[09:44:02]	INFO    | -		Destroying Component DirtBlock
[09:44:02]	INFO    | -		Destroying Component Transform
[09:44:02]	        |
[09:44:02]	        |------------------------------------------------------------------------
[09:44:02]	        |
[09:44:02]	INFO    | -	 Destroying Object : Platform4
[09:44:02]	INFO    | -		Destroying Component Box Collider 3D
[09:44:02]	INFO    | -		Destroying Component 
[09:44:02]	INFO    | -		Destroying Component DirtBlock
[09:44:02]	INFO    | -		Destroying Component Transform
[09:44:02]	        |
[09:44:02]	        |------------------------------------------------------------------------
[09:44:02]	        |
[09:44:02]	INFO    | -	 Destroying Object : Platform3
[09:44:02]	INFO    | -		Destroying Component Box Collider 3D
[09:44:02]	INFO    | -		Destroying Component 
[09:44:02]	INFO    | -		Destroying Component DirtBlock
[09:44:02]	INFO    | -		Destroying Component Transform
[09:44:02]	        |
[09:44:02]	        |------------------------------------------------------------------------
[09:44:02]	        |
[09:44:02]	INFO    | -	 Destroying Object : Platform2
[09:44:02]	INFO    | -		Destroying Component Box Collider 3D
[09:44:02]	INFO    | -		Destroying Component 
[09:44:02]	INFO    | -		Destroying Component WallBlock
[09:44:02]	INFO    | -		Destroying Component Transform
[09:44:02]	        |
[09:44:02]	        |------------------------------------------------------------------------
[09:44:02]	        |
[09:44:02]	INFO    | -	 Destroying Object : PlatformGround
[09:44:02]	INFO    | -		Destroying Component Box Collider 3D
[09:44:02]	INFO    | -		Destroying Component 
[09:44:02]	INFO    | -		Destroying Component WallBlock
[09:44:02]	INFO    | -		Destroying Component Transform
[09:44:02]	        |
[09:44:02]	        |------------------------------------------------------------------------
[09:44:02]	        |
[09:44:02]	INFO    | Closing program...
